{"/Users/rayankarimcheca/Desktop/Dev/fun/layout/src/main.tsx": {"path":"/Users/rayankarimcheca/Desktop/Dev/fun/layout/src/main.tsx","all":true,"statementMap":{"0":{"start":{"line":1,"column":0},"end":{"line":1,"column":35}},"1":{"start":{"line":2,"column":0},"end":{"line":2,"column":46}},"2":{"start":{"line":3,"column":0},"end":{"line":3,"column":29}},"3":{"start":{"line":4,"column":0},"end":{"line":4,"column":39}},"5":{"start":{"line":6,"column":0},"end":{"line":6,"column":52}},"6":{"start":{"line":7,"column":0},"end":{"line":7,"column":14}},"7":{"start":{"line":8,"column":0},"end":{"line":8,"column":11}},"8":{"start":{"line":9,"column":0},"end":{"line":9,"column":16}},"9":{"start":{"line":10,"column":0},"end":{"line":10,"column":2}}},"s":{"0":0,"1":0,"2":0,"3":0,"5":0,"6":0,"7":0,"8":0,"9":0},"branchMap":{"0":{"type":"branch","line":1,"loc":{"start":{"line":1,"column":226},"end":{"line":10,"column":-169}},"locations":[{"start":{"line":1,"column":226},"end":{"line":10,"column":-169}}]}},"b":{"0":[0]},"fnMap":{"0":{"name":"(empty-report)","decl":{"start":{"line":1,"column":226},"end":{"line":10,"column":-169}},"loc":{"start":{"line":1,"column":226},"end":{"line":10,"column":-169}},"line":1}},"f":{"0":0}}
,"/Users/rayankarimcheca/Desktop/Dev/fun/layout/src/components/app/App.tsx": {"path":"/Users/rayankarimcheca/Desktop/Dev/fun/layout/src/components/app/App.tsx","all":true,"statementMap":{"0":{"start":{"line":1,"column":0},"end":{"line":1,"column":74}},"13":{"start":{"line":14,"column":0},"end":{"line":14,"column":51}},"14":{"start":{"line":15,"column":0},"end":{"line":15,"column":51}},"15":{"start":{"line":16,"column":0},"end":{"line":16,"column":51}},"16":{"start":{"line":17,"column":0},"end":{"line":17,"column":95}},"17":{"start":{"line":18,"column":0},"end":{"line":18,"column":58}},"18":{"start":{"line":19,"column":0},"end":{"line":19,"column":112}},"19":{"start":{"line":20,"column":0},"end":{"line":20,"column":62}},"20":{"start":{"line":21,"column":0},"end":{"line":21,"column":8}},"42":{"start":{"line":43,"column":0},"end":{"line":43,"column":8}},"50":{"start":{"line":51,"column":0},"end":{"line":51,"column":44}},"52":{"start":{"line":53,"column":0},"end":{"line":53,"column":40}},"53":{"start":{"line":54,"column":0},"end":{"line":54,"column":67}},"54":{"start":{"line":55,"column":0},"end":{"line":55,"column":46}},"55":{"start":{"line":56,"column":0},"end":{"line":56,"column":58}},"56":{"start":{"line":57,"column":0},"end":{"line":57,"column":50}},"57":{"start":{"line":58,"column":0},"end":{"line":58,"column":50}},"58":{"start":{"line":59,"column":0},"end":{"line":59,"column":54}},"59":{"start":{"line":60,"column":0},"end":{"line":60,"column":50}},"60":{"start":{"line":61,"column":0},"end":{"line":61,"column":50}},"61":{"start":{"line":62,"column":0},"end":{"line":62,"column":42}},"62":{"start":{"line":63,"column":0},"end":{"line":63,"column":76}},"63":{"start":{"line":64,"column":0},"end":{"line":64,"column":54}},"64":{"start":{"line":65,"column":0},"end":{"line":65,"column":52}},"65":{"start":{"line":66,"column":0},"end":{"line":66,"column":50}},"66":{"start":{"line":67,"column":0},"end":{"line":67,"column":53}},"67":{"start":{"line":68,"column":0},"end":{"line":68,"column":88}},"68":{"start":{"line":69,"column":0},"end":{"line":69,"column":30}},"69":{"start":{"line":70,"column":0},"end":{"line":70,"column":52}},"70":{"start":{"line":71,"column":0},"end":{"line":71,"column":19}},"73":{"start":{"line":74,"column":0},"end":{"line":74,"column":22}},"75":{"start":{"line":76,"column":0},"end":{"line":76,"column":45}},"76":{"start":{"line":77,"column":0},"end":{"line":77,"column":99}},"77":{"start":{"line":78,"column":0},"end":{"line":78,"column":109}},"78":{"start":{"line":79,"column":0},"end":{"line":79,"column":53}},"79":{"start":{"line":80,"column":0},"end":{"line":80,"column":56}},"80":{"start":{"line":81,"column":0},"end":{"line":81,"column":56}},"81":{"start":{"line":82,"column":0},"end":{"line":82,"column":90}},"82":{"start":{"line":83,"column":0},"end":{"line":83,"column":90}},"83":{"start":{"line":84,"column":0},"end":{"line":84,"column":78}},"84":{"start":{"line":85,"column":0},"end":{"line":85,"column":72}},"85":{"start":{"line":86,"column":0},"end":{"line":86,"column":2}},"87":{"start":{"line":88,"column":0},"end":{"line":88,"column":48}},"88":{"start":{"line":89,"column":0},"end":{"line":89,"column":53}},"89":{"start":{"line":90,"column":0},"end":{"line":90,"column":16}},"90":{"start":{"line":91,"column":0},"end":{"line":91,"column":16}},"91":{"start":{"line":92,"column":0},"end":{"line":92,"column":18}},"92":{"start":{"line":93,"column":0},"end":{"line":93,"column":20}},"93":{"start":{"line":94,"column":0},"end":{"line":94,"column":19}},"94":{"start":{"line":95,"column":0},"end":{"line":95,"column":21}},"95":{"start":{"line":96,"column":0},"end":{"line":96,"column":2}},"97":{"start":{"line":98,"column":0},"end":{"line":98,"column":42}},"98":{"start":{"line":99,"column":0},"end":{"line":99,"column":64}},"99":{"start":{"line":100,"column":0},"end":{"line":100,"column":32}},"100":{"start":{"line":101,"column":0},"end":{"line":101,"column":50}},"101":{"start":{"line":102,"column":0},"end":{"line":102,"column":19}},"102":{"start":{"line":103,"column":0},"end":{"line":103,"column":1}},"124":{"start":{"line":125,"column":0},"end":{"line":125,"column":65}},"125":{"start":{"line":126,"column":0},"end":{"line":126,"column":64}},"126":{"start":{"line":127,"column":0},"end":{"line":127,"column":62}},"127":{"start":{"line":128,"column":0},"end":{"line":128,"column":55}},"128":{"start":{"line":129,"column":0},"end":{"line":129,"column":48}},"129":{"start":{"line":130,"column":0},"end":{"line":130,"column":18}},"130":{"start":{"line":131,"column":0},"end":{"line":131,"column":98}},"131":{"start":{"line":132,"column":0},"end":{"line":132,"column":56}},"132":{"start":{"line":133,"column":0},"end":{"line":133,"column":5}},"133":{"start":{"line":134,"column":0},"end":{"line":134,"column":104}},"134":{"start":{"line":135,"column":0},"end":{"line":135,"column":72}},"135":{"start":{"line":136,"column":0},"end":{"line":136,"column":50}},"136":{"start":{"line":137,"column":0},"end":{"line":137,"column":58}},"137":{"start":{"line":138,"column":0},"end":{"line":138,"column":58}},"138":{"start":{"line":139,"column":0},"end":{"line":139,"column":66}},"139":{"start":{"line":140,"column":0},"end":{"line":140,"column":56}},"140":{"start":{"line":141,"column":0},"end":{"line":141,"column":89}},"141":{"start":{"line":142,"column":0},"end":{"line":142,"column":58}},"142":{"start":{"line":143,"column":0},"end":{"line":143,"column":61}},"143":{"start":{"line":144,"column":0},"end":{"line":144,"column":79}},"144":{"start":{"line":145,"column":0},"end":{"line":145,"column":56}},"145":{"start":{"line":146,"column":0},"end":{"line":146,"column":91}},"146":{"start":{"line":147,"column":0},"end":{"line":147,"column":52}},"147":{"start":{"line":148,"column":0},"end":{"line":148,"column":49}},"148":{"start":{"line":149,"column":0},"end":{"line":149,"column":54}},"149":{"start":{"line":150,"column":0},"end":{"line":150,"column":31}},"152":{"start":{"line":153,"column":0},"end":{"line":153,"column":101}},"153":{"start":{"line":154,"column":0},"end":{"line":154,"column":41}},"155":{"start":{"line":156,"column":0},"end":{"line":156,"column":35}},"156":{"start":{"line":157,"column":0},"end":{"line":157,"column":39}},"157":{"start":{"line":158,"column":0},"end":{"line":158,"column":13}},"158":{"start":{"line":159,"column":0},"end":{"line":159,"column":48}},"159":{"start":{"line":160,"column":0},"end":{"line":160,"column":36}},"160":{"start":{"line":161,"column":0},"end":{"line":161,"column":5}},"161":{"start":{"line":162,"column":0},"end":{"line":162,"column":13}},"162":{"start":{"line":163,"column":0},"end":{"line":163,"column":4}},"164":{"start":{"line":165,"column":0},"end":{"line":165,"column":32}},"165":{"start":{"line":166,"column":0},"end":{"line":166,"column":77}},"166":{"start":{"line":167,"column":0},"end":{"line":167,"column":63}},"167":{"start":{"line":168,"column":0},"end":{"line":168,"column":6}},"168":{"start":{"line":169,"column":0},"end":{"line":169,"column":7}},"169":{"start":{"line":170,"column":0},"end":{"line":170,"column":4}},"170":{"start":{"line":171,"column":0},"end":{"line":171,"column":61}},"172":{"start":{"line":173,"column":0},"end":{"line":173,"column":88}},"173":{"start":{"line":174,"column":0},"end":{"line":174,"column":29}},"174":{"start":{"line":175,"column":0},"end":{"line":175,"column":35}},"175":{"start":{"line":176,"column":0},"end":{"line":176,"column":64}},"177":{"start":{"line":178,"column":0},"end":{"line":178,"column":73}},"178":{"start":{"line":179,"column":0},"end":{"line":179,"column":23}},"179":{"start":{"line":180,"column":0},"end":{"line":180,"column":12}},"180":{"start":{"line":181,"column":0},"end":{"line":181,"column":38}},"181":{"start":{"line":182,"column":0},"end":{"line":182,"column":43}},"182":{"start":{"line":183,"column":0},"end":{"line":183,"column":32}},"183":{"start":{"line":184,"column":0},"end":{"line":184,"column":31}},"185":{"start":{"line":186,"column":0},"end":{"line":186,"column":78}},"186":{"start":{"line":187,"column":0},"end":{"line":187,"column":31}},"187":{"start":{"line":188,"column":0},"end":{"line":188,"column":27}},"188":{"start":{"line":189,"column":0},"end":{"line":189,"column":50}},"189":{"start":{"line":190,"column":0},"end":{"line":190,"column":9}},"190":{"start":{"line":191,"column":0},"end":{"line":191,"column":28}},"191":{"start":{"line":192,"column":0},"end":{"line":192,"column":98}},"192":{"start":{"line":193,"column":0},"end":{"line":193,"column":9}},"193":{"start":{"line":194,"column":0},"end":{"line":194,"column":8}},"194":{"start":{"line":195,"column":0},"end":{"line":195,"column":9}},"196":{"start":{"line":197,"column":0},"end":{"line":197,"column":39}},"197":{"start":{"line":198,"column":0},"end":{"line":198,"column":22}},"198":{"start":{"line":199,"column":0},"end":{"line":199,"column":37}},"199":{"start":{"line":200,"column":0},"end":{"line":200,"column":32}},"200":{"start":{"line":201,"column":0},"end":{"line":201,"column":27}},"201":{"start":{"line":202,"column":0},"end":{"line":202,"column":14}},"202":{"start":{"line":203,"column":0},"end":{"line":203,"column":14}},"203":{"start":{"line":204,"column":0},"end":{"line":204,"column":40}},"204":{"start":{"line":205,"column":0},"end":{"line":205,"column":45}},"205":{"start":{"line":206,"column":0},"end":{"line":206,"column":33}},"206":{"start":{"line":207,"column":0},"end":{"line":207,"column":62}},"207":{"start":{"line":208,"column":0},"end":{"line":208,"column":11}},"208":{"start":{"line":209,"column":0},"end":{"line":209,"column":8}},"209":{"start":{"line":210,"column":0},"end":{"line":210,"column":7}},"210":{"start":{"line":211,"column":0},"end":{"line":211,"column":23}},"211":{"start":{"line":212,"column":0},"end":{"line":212,"column":33}},"212":{"start":{"line":213,"column":0},"end":{"line":213,"column":9}},"214":{"start":{"line":215,"column":0},"end":{"line":215,"column":39}},"215":{"start":{"line":216,"column":0},"end":{"line":216,"column":22}},"216":{"start":{"line":217,"column":0},"end":{"line":217,"column":37}},"217":{"start":{"line":218,"column":0},"end":{"line":218,"column":34}},"218":{"start":{"line":219,"column":0},"end":{"line":219,"column":27}},"219":{"start":{"line":220,"column":0},"end":{"line":220,"column":14}},"220":{"start":{"line":221,"column":0},"end":{"line":221,"column":14}},"221":{"start":{"line":222,"column":0},"end":{"line":222,"column":40}},"222":{"start":{"line":223,"column":0},"end":{"line":223,"column":45}},"223":{"start":{"line":224,"column":0},"end":{"line":224,"column":31}},"224":{"start":{"line":225,"column":0},"end":{"line":225,"column":25}},"225":{"start":{"line":226,"column":0},"end":{"line":226,"column":62}},"226":{"start":{"line":227,"column":0},"end":{"line":227,"column":11}},"227":{"start":{"line":228,"column":0},"end":{"line":228,"column":8}},"228":{"start":{"line":229,"column":0},"end":{"line":229,"column":7}},"229":{"start":{"line":230,"column":0},"end":{"line":230,"column":23}},"230":{"start":{"line":231,"column":0},"end":{"line":231,"column":33}},"231":{"start":{"line":232,"column":0},"end":{"line":232,"column":9}},"233":{"start":{"line":234,"column":0},"end":{"line":234,"column":58}},"234":{"start":{"line":235,"column":0},"end":{"line":235,"column":23}},"235":{"start":{"line":236,"column":0},"end":{"line":236,"column":12}},"237":{"start":{"line":238,"column":0},"end":{"line":238,"column":36}},"238":{"start":{"line":239,"column":0},"end":{"line":239,"column":83}},"239":{"start":{"line":240,"column":0},"end":{"line":240,"column":8}},"240":{"start":{"line":241,"column":0},"end":{"line":241,"column":8}},"241":{"start":{"line":242,"column":0},"end":{"line":242,"column":9}},"247":{"start":{"line":248,"column":0},"end":{"line":248,"column":49}},"248":{"start":{"line":249,"column":0},"end":{"line":249,"column":27}},"249":{"start":{"line":250,"column":0},"end":{"line":250,"column":22}},"250":{"start":{"line":251,"column":0},"end":{"line":251,"column":26}},"251":{"start":{"line":252,"column":0},"end":{"line":252,"column":31}},"252":{"start":{"line":253,"column":0},"end":{"line":253,"column":26}},"253":{"start":{"line":254,"column":0},"end":{"line":254,"column":9}},"255":{"start":{"line":256,"column":0},"end":{"line":256,"column":32}},"256":{"start":{"line":257,"column":0},"end":{"line":257,"column":43}},"257":{"start":{"line":258,"column":0},"end":{"line":258,"column":17}},"258":{"start":{"line":259,"column":0},"end":{"line":259,"column":58}},"259":{"start":{"line":260,"column":0},"end":{"line":260,"column":73}},"260":{"start":{"line":261,"column":0},"end":{"line":261,"column":64}},"261":{"start":{"line":262,"column":0},"end":{"line":262,"column":28}},"262":{"start":{"line":263,"column":0},"end":{"line":263,"column":6}},"264":{"start":{"line":265,"column":0},"end":{"line":265,"column":33}},"265":{"start":{"line":266,"column":0},"end":{"line":266,"column":4}},"267":{"start":{"line":268,"column":0},"end":{"line":268,"column":32}},"268":{"start":{"line":269,"column":0},"end":{"line":269,"column":22}},"269":{"start":{"line":270,"column":0},"end":{"line":270,"column":17}},"270":{"start":{"line":271,"column":0},"end":{"line":271,"column":34}},"271":{"start":{"line":272,"column":0},"end":{"line":272,"column":36}},"272":{"start":{"line":273,"column":0},"end":{"line":273,"column":23}},"273":{"start":{"line":274,"column":0},"end":{"line":274,"column":64}},"274":{"start":{"line":275,"column":0},"end":{"line":275,"column":7}},"275":{"start":{"line":276,"column":0},"end":{"line":276,"column":6}},"276":{"start":{"line":277,"column":0},"end":{"line":277,"column":11}},"277":{"start":{"line":278,"column":0},"end":{"line":278,"column":4}},"279":{"start":{"line":280,"column":0},"end":{"line":280,"column":49}},"280":{"start":{"line":281,"column":0},"end":{"line":281,"column":25}},"281":{"start":{"line":282,"column":0},"end":{"line":282,"column":25}},"282":{"start":{"line":283,"column":0},"end":{"line":283,"column":4}},"284":{"start":{"line":285,"column":0},"end":{"line":285,"column":88}},"285":{"start":{"line":286,"column":0},"end":{"line":286,"column":24}},"286":{"start":{"line":287,"column":0},"end":{"line":287,"column":58}},"287":{"start":{"line":288,"column":0},"end":{"line":288,"column":42}},"288":{"start":{"line":289,"column":0},"end":{"line":289,"column":4}},"289":{"start":{"line":290,"column":0},"end":{"line":290,"column":24}},"290":{"start":{"line":291,"column":0},"end":{"line":291,"column":56}},"291":{"start":{"line":292,"column":0},"end":{"line":292,"column":38}},"292":{"start":{"line":293,"column":0},"end":{"line":293,"column":4}},"293":{"start":{"line":294,"column":0},"end":{"line":294,"column":27}},"294":{"start":{"line":295,"column":0},"end":{"line":295,"column":9}},"295":{"start":{"line":296,"column":0},"end":{"line":296,"column":56}},"296":{"start":{"line":297,"column":0},"end":{"line":297,"column":63}},"297":{"start":{"line":298,"column":0},"end":{"line":298,"column":15}},"298":{"start":{"line":299,"column":0},"end":{"line":299,"column":64}},"299":{"start":{"line":300,"column":0},"end":{"line":300,"column":4}},"301":{"start":{"line":302,"column":0},"end":{"line":302,"column":43}},"302":{"start":{"line":303,"column":0},"end":{"line":303,"column":70}},"303":{"start":{"line":304,"column":0},"end":{"line":304,"column":58}},"304":{"start":{"line":305,"column":0},"end":{"line":305,"column":37}},"305":{"start":{"line":306,"column":0},"end":{"line":306,"column":47}},"306":{"start":{"line":307,"column":0},"end":{"line":307,"column":4}},"311":{"start":{"line":312,"column":0},"end":{"line":312,"column":30}},"312":{"start":{"line":313,"column":0},"end":{"line":313,"column":71}},"313":{"start":{"line":314,"column":0},"end":{"line":314,"column":39}},"314":{"start":{"line":315,"column":0},"end":{"line":315,"column":13}},"315":{"start":{"line":316,"column":0},"end":{"line":316,"column":79}},"316":{"start":{"line":317,"column":0},"end":{"line":317,"column":9}},"317":{"start":{"line":318,"column":0},"end":{"line":318,"column":6}},"318":{"start":{"line":319,"column":0},"end":{"line":319,"column":4}},"319":{"start":{"line":320,"column":0},"end":{"line":320,"column":38}},"322":{"start":{"line":323,"column":0},"end":{"line":323,"column":33}},"323":{"start":{"line":324,"column":0},"end":{"line":324,"column":27}},"326":{"start":{"line":327,"column":0},"end":{"line":327,"column":38}},"327":{"start":{"line":328,"column":0},"end":{"line":328,"column":33}},"330":{"start":{"line":331,"column":0},"end":{"line":331,"column":39}},"331":{"start":{"line":332,"column":0},"end":{"line":332,"column":55}},"332":{"start":{"line":333,"column":0},"end":{"line":333,"column":91}},"333":{"start":{"line":334,"column":0},"end":{"line":334,"column":42}},"334":{"start":{"line":335,"column":0},"end":{"line":335,"column":42}},"335":{"start":{"line":336,"column":0},"end":{"line":336,"column":17}},"336":{"start":{"line":337,"column":0},"end":{"line":337,"column":86}},"337":{"start":{"line":338,"column":0},"end":{"line":338,"column":14}},"338":{"start":{"line":339,"column":0},"end":{"line":339,"column":29}},"339":{"start":{"line":340,"column":0},"end":{"line":340,"column":9}},"341":{"start":{"line":342,"column":0},"end":{"line":342,"column":37}},"342":{"start":{"line":343,"column":0},"end":{"line":343,"column":26}},"343":{"start":{"line":344,"column":0},"end":{"line":344,"column":40}},"344":{"start":{"line":345,"column":0},"end":{"line":345,"column":35}},"345":{"start":{"line":346,"column":0},"end":{"line":346,"column":91}},"346":{"start":{"line":347,"column":0},"end":{"line":347,"column":6}},"347":{"start":{"line":348,"column":0},"end":{"line":348,"column":27}},"348":{"start":{"line":349,"column":0},"end":{"line":349,"column":4}},"353":{"start":{"line":354,"column":0},"end":{"line":354,"column":46}},"354":{"start":{"line":355,"column":0},"end":{"line":355,"column":32}},"355":{"start":{"line":356,"column":0},"end":{"line":356,"column":11}},"356":{"start":{"line":357,"column":0},"end":{"line":357,"column":76}},"357":{"start":{"line":358,"column":0},"end":{"line":358,"column":38}},"358":{"start":{"line":359,"column":0},"end":{"line":359,"column":15}},"359":{"start":{"line":360,"column":0},"end":{"line":360,"column":23}},"360":{"start":{"line":361,"column":0},"end":{"line":361,"column":104}},"361":{"start":{"line":362,"column":0},"end":{"line":362,"column":10}},"362":{"start":{"line":363,"column":0},"end":{"line":363,"column":7}},"363":{"start":{"line":364,"column":0},"end":{"line":364,"column":13}},"364":{"start":{"line":365,"column":0},"end":{"line":365,"column":5}},"365":{"start":{"line":366,"column":0},"end":{"line":366,"column":32}},"366":{"start":{"line":367,"column":0},"end":{"line":367,"column":88}},"367":{"start":{"line":368,"column":0},"end":{"line":368,"column":13}},"368":{"start":{"line":369,"column":0},"end":{"line":369,"column":5}},"369":{"start":{"line":370,"column":0},"end":{"line":370,"column":33}},"370":{"start":{"line":371,"column":0},"end":{"line":371,"column":9}},"371":{"start":{"line":372,"column":0},"end":{"line":372,"column":34}},"372":{"start":{"line":373,"column":0},"end":{"line":373,"column":40}},"373":{"start":{"line":374,"column":0},"end":{"line":374,"column":28}},"374":{"start":{"line":375,"column":0},"end":{"line":375,"column":35}},"375":{"start":{"line":376,"column":0},"end":{"line":376,"column":36}},"376":{"start":{"line":377,"column":0},"end":{"line":377,"column":50}},"377":{"start":{"line":378,"column":0},"end":{"line":378,"column":54}},"378":{"start":{"line":379,"column":0},"end":{"line":379,"column":15}},"379":{"start":{"line":380,"column":0},"end":{"line":380,"column":67}},"380":{"start":{"line":381,"column":0},"end":{"line":381,"column":73}},"381":{"start":{"line":382,"column":0},"end":{"line":382,"column":19}},"382":{"start":{"line":383,"column":0},"end":{"line":383,"column":75}},"383":{"start":{"line":384,"column":0},"end":{"line":384,"column":11}},"384":{"start":{"line":385,"column":0},"end":{"line":385,"column":9}},"385":{"start":{"line":386,"column":0},"end":{"line":386,"column":7}},"386":{"start":{"line":387,"column":0},"end":{"line":387,"column":56}},"387":{"start":{"line":388,"column":0},"end":{"line":388,"column":42}},"388":{"start":{"line":389,"column":0},"end":{"line":389,"column":28}},"389":{"start":{"line":390,"column":0},"end":{"line":390,"column":15}},"390":{"start":{"line":391,"column":0},"end":{"line":391,"column":35}},"391":{"start":{"line":392,"column":0},"end":{"line":392,"column":28}},"392":{"start":{"line":393,"column":0},"end":{"line":393,"column":19}},"393":{"start":{"line":394,"column":0},"end":{"line":394,"column":29}},"394":{"start":{"line":395,"column":0},"end":{"line":395,"column":11}},"395":{"start":{"line":396,"column":0},"end":{"line":396,"column":9}},"396":{"start":{"line":397,"column":0},"end":{"line":397,"column":7}},"397":{"start":{"line":398,"column":0},"end":{"line":398,"column":11}},"398":{"start":{"line":399,"column":0},"end":{"line":399,"column":36}},"399":{"start":{"line":400,"column":0},"end":{"line":400,"column":15}},"400":{"start":{"line":401,"column":0},"end":{"line":401,"column":25}},"401":{"start":{"line":402,"column":0},"end":{"line":402,"column":7}},"402":{"start":{"line":403,"column":0},"end":{"line":403,"column":22}},"403":{"start":{"line":404,"column":0},"end":{"line":404,"column":109}},"404":{"start":{"line":405,"column":0},"end":{"line":405,"column":14}},"405":{"start":{"line":406,"column":0},"end":{"line":406,"column":95}},"406":{"start":{"line":407,"column":0},"end":{"line":407,"column":7}},"407":{"start":{"line":408,"column":0},"end":{"line":408,"column":15}},"408":{"start":{"line":409,"column":0},"end":{"line":409,"column":36}},"409":{"start":{"line":410,"column":0},"end":{"line":410,"column":29}},"410":{"start":{"line":411,"column":0},"end":{"line":411,"column":33}},"411":{"start":{"line":412,"column":0},"end":{"line":412,"column":26}},"412":{"start":{"line":413,"column":0},"end":{"line":413,"column":7}},"413":{"start":{"line":414,"column":0},"end":{"line":414,"column":5}},"414":{"start":{"line":415,"column":0},"end":{"line":415,"column":36}},"417":{"start":{"line":418,"column":0},"end":{"line":418,"column":19}},"418":{"start":{"line":419,"column":0},"end":{"line":419,"column":55}},"419":{"start":{"line":420,"column":0},"end":{"line":420,"column":33}},"420":{"start":{"line":421,"column":0},"end":{"line":421,"column":26}},"424":{"start":{"line":425,"column":0},"end":{"line":425,"column":19}},"425":{"start":{"line":426,"column":0},"end":{"line":426,"column":42}},"426":{"start":{"line":427,"column":0},"end":{"line":427,"column":25}},"427":{"start":{"line":428,"column":0},"end":{"line":428,"column":57}},"428":{"start":{"line":429,"column":0},"end":{"line":429,"column":6}},"429":{"start":{"line":430,"column":0},"end":{"line":430,"column":47}},"430":{"start":{"line":431,"column":0},"end":{"line":431,"column":57}},"431":{"start":{"line":432,"column":0},"end":{"line":432,"column":18}},"432":{"start":{"line":433,"column":0},"end":{"line":433,"column":52}},"433":{"start":{"line":434,"column":0},"end":{"line":434,"column":62}},"434":{"start":{"line":435,"column":0},"end":{"line":435,"column":6}},"435":{"start":{"line":436,"column":0},"end":{"line":436,"column":19}},"439":{"start":{"line":440,"column":0},"end":{"line":440,"column":69}},"440":{"start":{"line":441,"column":0},"end":{"line":441,"column":22}},"441":{"start":{"line":442,"column":0},"end":{"line":442,"column":11}},"442":{"start":{"line":443,"column":0},"end":{"line":443,"column":37}},"443":{"start":{"line":444,"column":0},"end":{"line":444,"column":66}},"444":{"start":{"line":445,"column":0},"end":{"line":445,"column":97}},"445":{"start":{"line":446,"column":0},"end":{"line":446,"column":45}},"446":{"start":{"line":447,"column":0},"end":{"line":447,"column":9}},"447":{"start":{"line":448,"column":0},"end":{"line":448,"column":17}},"448":{"start":{"line":449,"column":0},"end":{"line":449,"column":9}},"449":{"start":{"line":450,"column":0},"end":{"line":450,"column":8}},"450":{"start":{"line":451,"column":0},"end":{"line":451,"column":4}},"452":{"start":{"line":453,"column":0},"end":{"line":453,"column":40}},"453":{"start":{"line":454,"column":0},"end":{"line":454,"column":55}},"454":{"start":{"line":455,"column":0},"end":{"line":455,"column":14}},"455":{"start":{"line":456,"column":0},"end":{"line":456,"column":76}},"456":{"start":{"line":457,"column":0},"end":{"line":457,"column":84}},"457":{"start":{"line":458,"column":0},"end":{"line":458,"column":50}},"458":{"start":{"line":459,"column":0},"end":{"line":459,"column":9}},"459":{"start":{"line":460,"column":0},"end":{"line":460,"column":5}},"460":{"start":{"line":461,"column":0},"end":{"line":461,"column":79}},"461":{"start":{"line":462,"column":0},"end":{"line":462,"column":23}},"462":{"start":{"line":463,"column":0},"end":{"line":463,"column":4}},"464":{"start":{"line":465,"column":0},"end":{"line":465,"column":69}},"465":{"start":{"line":466,"column":0},"end":{"line":466,"column":22}},"466":{"start":{"line":467,"column":0},"end":{"line":467,"column":11}},"467":{"start":{"line":468,"column":0},"end":{"line":468,"column":82}},"468":{"start":{"line":469,"column":0},"end":{"line":469,"column":8}},"469":{"start":{"line":470,"column":0},"end":{"line":470,"column":4}},"471":{"start":{"line":472,"column":0},"end":{"line":472,"column":41}},"472":{"start":{"line":473,"column":0},"end":{"line":473,"column":60}},"473":{"start":{"line":474,"column":0},"end":{"line":474,"column":18}},"474":{"start":{"line":475,"column":0},"end":{"line":475,"column":32}},"475":{"start":{"line":476,"column":0},"end":{"line":476,"column":24}},"476":{"start":{"line":477,"column":0},"end":{"line":477,"column":28}},"477":{"start":{"line":478,"column":0},"end":{"line":478,"column":16}},"478":{"start":{"line":479,"column":0},"end":{"line":479,"column":68}},"479":{"start":{"line":480,"column":0},"end":{"line":480,"column":8}},"480":{"start":{"line":481,"column":0},"end":{"line":481,"column":99}},"481":{"start":{"line":482,"column":0},"end":{"line":482,"column":5}},"482":{"start":{"line":483,"column":0},"end":{"line":483,"column":22}},"483":{"start":{"line":484,"column":0},"end":{"line":484,"column":11}},"484":{"start":{"line":485,"column":0},"end":{"line":485,"column":56}},"485":{"start":{"line":486,"column":0},"end":{"line":486,"column":62}},"486":{"start":{"line":487,"column":0},"end":{"line":487,"column":8}},"487":{"start":{"line":488,"column":0},"end":{"line":488,"column":23}},"488":{"start":{"line":489,"column":0},"end":{"line":489,"column":4}},"490":{"start":{"line":491,"column":0},"end":{"line":491,"column":71}},"491":{"start":{"line":492,"column":0},"end":{"line":492,"column":21}},"492":{"start":{"line":493,"column":0},"end":{"line":493,"column":35}},"493":{"start":{"line":494,"column":0},"end":{"line":494,"column":79}},"494":{"start":{"line":495,"column":0},"end":{"line":495,"column":8}},"495":{"start":{"line":496,"column":0},"end":{"line":496,"column":49}},"496":{"start":{"line":497,"column":0},"end":{"line":497,"column":29}},"497":{"start":{"line":498,"column":0},"end":{"line":498,"column":7}},"498":{"start":{"line":499,"column":0},"end":{"line":499,"column":4}},"500":{"start":{"line":501,"column":0},"end":{"line":501,"column":65}},"501":{"start":{"line":502,"column":0},"end":{"line":502,"column":52}},"502":{"start":{"line":503,"column":0},"end":{"line":503,"column":4}},"505":{"start":{"line":506,"column":0},"end":{"line":506,"column":38}},"506":{"start":{"line":507,"column":0},"end":{"line":507,"column":46}},"507":{"start":{"line":508,"column":0},"end":{"line":508,"column":39}},"508":{"start":{"line":509,"column":0},"end":{"line":509,"column":4}},"509":{"start":{"line":510,"column":0},"end":{"line":510,"column":25}},"510":{"start":{"line":511,"column":0},"end":{"line":511,"column":36}},"511":{"start":{"line":512,"column":0},"end":{"line":512,"column":39}},"512":{"start":{"line":513,"column":0},"end":{"line":513,"column":4}},"513":{"start":{"line":514,"column":0},"end":{"line":514,"column":52}},"514":{"start":{"line":515,"column":0},"end":{"line":515,"column":49}},"515":{"start":{"line":516,"column":0},"end":{"line":516,"column":4}},"516":{"start":{"line":517,"column":0},"end":{"line":517,"column":38}},"517":{"start":{"line":518,"column":0},"end":{"line":518,"column":43}},"518":{"start":{"line":519,"column":0},"end":{"line":519,"column":4}},"522":{"start":{"line":523,"column":0},"end":{"line":523,"column":29}},"523":{"start":{"line":524,"column":0},"end":{"line":524,"column":40}},"524":{"start":{"line":525,"column":0},"end":{"line":525,"column":27}},"525":{"start":{"line":526,"column":0},"end":{"line":526,"column":23}},"526":{"start":{"line":527,"column":0},"end":{"line":527,"column":24}},"527":{"start":{"line":528,"column":0},"end":{"line":528,"column":28}},"528":{"start":{"line":529,"column":0},"end":{"line":529,"column":53}},"529":{"start":{"line":530,"column":0},"end":{"line":530,"column":54}},"530":{"start":{"line":531,"column":0},"end":{"line":531,"column":43}},"531":{"start":{"line":532,"column":0},"end":{"line":532,"column":71}},"532":{"start":{"line":533,"column":0},"end":{"line":533,"column":66}},"533":{"start":{"line":534,"column":0},"end":{"line":534,"column":80}},"534":{"start":{"line":535,"column":0},"end":{"line":535,"column":12}},"535":{"start":{"line":536,"column":0},"end":{"line":536,"column":44}},"536":{"start":{"line":537,"column":0},"end":{"line":537,"column":46}},"537":{"start":{"line":538,"column":0},"end":{"line":538,"column":47}},"538":{"start":{"line":539,"column":0},"end":{"line":539,"column":5}},"539":{"start":{"line":540,"column":0},"end":{"line":540,"column":26}},"540":{"start":{"line":541,"column":0},"end":{"line":541,"column":26}},"541":{"start":{"line":542,"column":0},"end":{"line":542,"column":32}},"542":{"start":{"line":543,"column":0},"end":{"line":543,"column":4}},"543":{"start":{"line":544,"column":0},"end":{"line":544,"column":84}},"546":{"start":{"line":547,"column":0},"end":{"line":547,"column":48}},"547":{"start":{"line":548,"column":0},"end":{"line":548,"column":21}},"548":{"start":{"line":549,"column":0},"end":{"line":549,"column":54}},"549":{"start":{"line":550,"column":0},"end":{"line":550,"column":50}},"550":{"start":{"line":551,"column":0},"end":{"line":551,"column":52}},"551":{"start":{"line":552,"column":0},"end":{"line":552,"column":74}},"552":{"start":{"line":553,"column":0},"end":{"line":553,"column":14}},"553":{"start":{"line":554,"column":0},"end":{"line":554,"column":13}},"554":{"start":{"line":555,"column":0},"end":{"line":555,"column":81}},"555":{"start":{"line":556,"column":0},"end":{"line":556,"column":8}},"556":{"start":{"line":557,"column":0},"end":{"line":557,"column":7}},"557":{"start":{"line":558,"column":0},"end":{"line":558,"column":4}},"559":{"start":{"line":560,"column":0},"end":{"line":560,"column":43}},"560":{"start":{"line":561,"column":0},"end":{"line":561,"column":68}},"561":{"start":{"line":562,"column":0},"end":{"line":562,"column":24}},"562":{"start":{"line":563,"column":0},"end":{"line":563,"column":21}},"563":{"start":{"line":564,"column":0},"end":{"line":564,"column":31}},"564":{"start":{"line":565,"column":0},"end":{"line":565,"column":86}},"565":{"start":{"line":566,"column":0},"end":{"line":566,"column":30}},"566":{"start":{"line":567,"column":0},"end":{"line":567,"column":32}},"567":{"start":{"line":568,"column":0},"end":{"line":568,"column":13}},"568":{"start":{"line":569,"column":0},"end":{"line":569,"column":37}},"569":{"start":{"line":570,"column":0},"end":{"line":570,"column":29}},"570":{"start":{"line":571,"column":0},"end":{"line":571,"column":21}},"571":{"start":{"line":572,"column":0},"end":{"line":572,"column":30}},"572":{"start":{"line":573,"column":0},"end":{"line":573,"column":44}},"573":{"start":{"line":574,"column":0},"end":{"line":574,"column":34}},"574":{"start":{"line":575,"column":0},"end":{"line":575,"column":36}},"575":{"start":{"line":576,"column":0},"end":{"line":576,"column":13}},"576":{"start":{"line":577,"column":0},"end":{"line":577,"column":13}},"577":{"start":{"line":578,"column":0},"end":{"line":578,"column":35}},"578":{"start":{"line":579,"column":0},"end":{"line":579,"column":27}},"579":{"start":{"line":580,"column":0},"end":{"line":580,"column":21}},"580":{"start":{"line":581,"column":0},"end":{"line":581,"column":26}},"581":{"start":{"line":582,"column":0},"end":{"line":582,"column":26}},"582":{"start":{"line":583,"column":0},"end":{"line":583,"column":26}},"583":{"start":{"line":584,"column":0},"end":{"line":584,"column":44}},"584":{"start":{"line":585,"column":0},"end":{"line":585,"column":34}},"585":{"start":{"line":586,"column":0},"end":{"line":586,"column":47}},"586":{"start":{"line":587,"column":0},"end":{"line":587,"column":36}},"587":{"start":{"line":588,"column":0},"end":{"line":588,"column":14}},"588":{"start":{"line":589,"column":0},"end":{"line":589,"column":21}},"589":{"start":{"line":590,"column":0},"end":{"line":590,"column":28}},"590":{"start":{"line":591,"column":0},"end":{"line":591,"column":115}},"591":{"start":{"line":592,"column":0},"end":{"line":592,"column":22}},"592":{"start":{"line":593,"column":0},"end":{"line":593,"column":72}},"593":{"start":{"line":594,"column":0},"end":{"line":594,"column":50}},"594":{"start":{"line":595,"column":0},"end":{"line":595,"column":7}},"595":{"start":{"line":596,"column":0},"end":{"line":596,"column":4}},"597":{"start":{"line":598,"column":0},"end":{"line":598,"column":40}},"598":{"start":{"line":599,"column":0},"end":{"line":599,"column":43}},"599":{"start":{"line":600,"column":0},"end":{"line":600,"column":25}},"600":{"start":{"line":601,"column":0},"end":{"line":601,"column":34}},"602":{"start":{"line":603,"column":0},"end":{"line":603,"column":36}},"603":{"start":{"line":604,"column":0},"end":{"line":604,"column":24}},"604":{"start":{"line":605,"column":0},"end":{"line":605,"column":74}},"606":{"start":{"line":607,"column":0},"end":{"line":607,"column":42}},"607":{"start":{"line":608,"column":0},"end":{"line":608,"column":16}},"608":{"start":{"line":609,"column":0},"end":{"line":609,"column":45}},"609":{"start":{"line":610,"column":0},"end":{"line":610,"column":41}},"610":{"start":{"line":611,"column":0},"end":{"line":611,"column":40}},"611":{"start":{"line":612,"column":0},"end":{"line":612,"column":10}},"612":{"start":{"line":613,"column":0},"end":{"line":613,"column":83}},"613":{"start":{"line":614,"column":0},"end":{"line":614,"column":56}},"614":{"start":{"line":615,"column":0},"end":{"line":615,"column":9}},"615":{"start":{"line":616,"column":0},"end":{"line":616,"column":38}},"616":{"start":{"line":617,"column":0},"end":{"line":617,"column":73}},"617":{"start":{"line":618,"column":0},"end":{"line":618,"column":13}},"618":{"start":{"line":619,"column":0},"end":{"line":619,"column":5}},"622":{"start":{"line":623,"column":0},"end":{"line":623,"column":22}},"623":{"start":{"line":624,"column":0},"end":{"line":624,"column":72}},"624":{"start":{"line":625,"column":0},"end":{"line":625,"column":14}},"625":{"start":{"line":626,"column":0},"end":{"line":626,"column":14}},"626":{"start":{"line":627,"column":0},"end":{"line":627,"column":40}},"627":{"start":{"line":628,"column":0},"end":{"line":628,"column":50}},"628":{"start":{"line":629,"column":0},"end":{"line":629,"column":23}},"629":{"start":{"line":630,"column":0},"end":{"line":630,"column":37}},"630":{"start":{"line":631,"column":0},"end":{"line":631,"column":74}},"631":{"start":{"line":632,"column":0},"end":{"line":632,"column":42}},"632":{"start":{"line":633,"column":0},"end":{"line":633,"column":19}},"633":{"start":{"line":634,"column":0},"end":{"line":634,"column":31}},"634":{"start":{"line":635,"column":0},"end":{"line":635,"column":69}},"635":{"start":{"line":636,"column":0},"end":{"line":636,"column":64}},"636":{"start":{"line":637,"column":0},"end":{"line":637,"column":19}},"637":{"start":{"line":638,"column":0},"end":{"line":638,"column":83}},"638":{"start":{"line":639,"column":0},"end":{"line":639,"column":56}},"639":{"start":{"line":640,"column":0},"end":{"line":640,"column":11}},"640":{"start":{"line":641,"column":0},"end":{"line":641,"column":8}},"641":{"start":{"line":642,"column":0},"end":{"line":642,"column":7}},"643":{"start":{"line":644,"column":0},"end":{"line":644,"column":18}},"645":{"start":{"line":646,"column":0},"end":{"line":646,"column":56}},"646":{"start":{"line":647,"column":0},"end":{"line":647,"column":42}},"647":{"start":{"line":648,"column":0},"end":{"line":648,"column":50}},"648":{"start":{"line":649,"column":0},"end":{"line":649,"column":4}},"651":{"start":{"line":652,"column":0},"end":{"line":652,"column":49}},"652":{"start":{"line":653,"column":0},"end":{"line":653,"column":54}},"653":{"start":{"line":654,"column":0},"end":{"line":654,"column":22}},"654":{"start":{"line":655,"column":0},"end":{"line":655,"column":26}},"655":{"start":{"line":656,"column":0},"end":{"line":656,"column":106}},"656":{"start":{"line":657,"column":0},"end":{"line":657,"column":13}},"657":{"start":{"line":658,"column":0},"end":{"line":658,"column":5}},"658":{"start":{"line":659,"column":0},"end":{"line":659,"column":47}},"659":{"start":{"line":660,"column":0},"end":{"line":660,"column":4}},"661":{"start":{"line":662,"column":0},"end":{"line":662,"column":64}},"662":{"start":{"line":663,"column":0},"end":{"line":663,"column":35}},"663":{"start":{"line":664,"column":0},"end":{"line":664,"column":19}},"664":{"start":{"line":665,"column":0},"end":{"line":665,"column":95}},"665":{"start":{"line":666,"column":0},"end":{"line":666,"column":6}},"666":{"start":{"line":667,"column":0},"end":{"line":667,"column":20}},"667":{"start":{"line":668,"column":0},"end":{"line":668,"column":36}},"668":{"start":{"line":669,"column":0},"end":{"line":669,"column":80}},"669":{"start":{"line":670,"column":0},"end":{"line":670,"column":4}},"671":{"start":{"line":672,"column":0},"end":{"line":672,"column":48}},"672":{"start":{"line":673,"column":0},"end":{"line":673,"column":57}},"673":{"start":{"line":674,"column":0},"end":{"line":674,"column":4}},"676":{"start":{"line":677,"column":0},"end":{"line":677,"column":44}},"677":{"start":{"line":678,"column":0},"end":{"line":678,"column":45}},"678":{"start":{"line":679,"column":0},"end":{"line":679,"column":28}},"679":{"start":{"line":680,"column":0},"end":{"line":680,"column":22}},"680":{"start":{"line":681,"column":0},"end":{"line":681,"column":11}},"681":{"start":{"line":682,"column":0},"end":{"line":682,"column":14}},"682":{"start":{"line":683,"column":0},"end":{"line":683,"column":27}},"683":{"start":{"line":684,"column":0},"end":{"line":684,"column":78}},"684":{"start":{"line":685,"column":0},"end":{"line":685,"column":8}},"685":{"start":{"line":686,"column":0},"end":{"line":686,"column":8}},"686":{"start":{"line":687,"column":0},"end":{"line":687,"column":20}},"687":{"start":{"line":688,"column":0},"end":{"line":688,"column":22}},"688":{"start":{"line":689,"column":0},"end":{"line":689,"column":84}},"689":{"start":{"line":690,"column":0},"end":{"line":690,"column":4}},"691":{"start":{"line":692,"column":0},"end":{"line":692,"column":38}},"692":{"start":{"line":693,"column":0},"end":{"line":693,"column":55}},"693":{"start":{"line":694,"column":0},"end":{"line":694,"column":83}},"694":{"start":{"line":695,"column":0},"end":{"line":695,"column":97}},"695":{"start":{"line":696,"column":0},"end":{"line":696,"column":4}},"699":{"start":{"line":700,"column":0},"end":{"line":700,"column":36}},"700":{"start":{"line":701,"column":0},"end":{"line":701,"column":45}},"701":{"start":{"line":702,"column":0},"end":{"line":702,"column":23}},"702":{"start":{"line":703,"column":0},"end":{"line":703,"column":9}},"703":{"start":{"line":704,"column":0},"end":{"line":704,"column":66}},"704":{"start":{"line":705,"column":0},"end":{"line":705,"column":29}},"705":{"start":{"line":706,"column":0},"end":{"line":706,"column":95}},"706":{"start":{"line":707,"column":0},"end":{"line":707,"column":15}},"707":{"start":{"line":708,"column":0},"end":{"line":708,"column":7}},"708":{"start":{"line":709,"column":0},"end":{"line":709,"column":29}},"709":{"start":{"line":710,"column":0},"end":{"line":710,"column":24}},"710":{"start":{"line":711,"column":0},"end":{"line":711,"column":13}},"711":{"start":{"line":712,"column":0},"end":{"line":712,"column":66}},"712":{"start":{"line":713,"column":0},"end":{"line":713,"column":15}},"713":{"start":{"line":714,"column":0},"end":{"line":714,"column":26}},"714":{"start":{"line":715,"column":0},"end":{"line":715,"column":5}},"715":{"start":{"line":716,"column":0},"end":{"line":716,"column":4}},"717":{"start":{"line":718,"column":0},"end":{"line":718,"column":33}},"718":{"start":{"line":719,"column":0},"end":{"line":719,"column":30}},"719":{"start":{"line":720,"column":0},"end":{"line":720,"column":22}},"720":{"start":{"line":721,"column":0},"end":{"line":721,"column":11}},"721":{"start":{"line":722,"column":0},"end":{"line":722,"column":47}},"723":{"start":{"line":724,"column":0},"end":{"line":724,"column":105}},"724":{"start":{"line":725,"column":0},"end":{"line":725,"column":8}},"725":{"start":{"line":726,"column":0},"end":{"line":726,"column":34}},"726":{"start":{"line":727,"column":0},"end":{"line":727,"column":26}},"727":{"start":{"line":728,"column":0},"end":{"line":728,"column":96}},"728":{"start":{"line":729,"column":0},"end":{"line":729,"column":17}},"729":{"start":{"line":730,"column":0},"end":{"line":730,"column":7}},"730":{"start":{"line":731,"column":0},"end":{"line":731,"column":4}},"732":{"start":{"line":733,"column":0},"end":{"line":733,"column":30}},"733":{"start":{"line":734,"column":0},"end":{"line":734,"column":77}},"734":{"start":{"line":735,"column":0},"end":{"line":735,"column":87}},"735":{"start":{"line":736,"column":0},"end":{"line":736,"column":31}},"736":{"start":{"line":737,"column":0},"end":{"line":737,"column":26}},"737":{"start":{"line":738,"column":0},"end":{"line":738,"column":4}},"741":{"start":{"line":742,"column":0},"end":{"line":742,"column":59}},"742":{"start":{"line":743,"column":0},"end":{"line":743,"column":30}},"743":{"start":{"line":744,"column":0},"end":{"line":744,"column":49}},"744":{"start":{"line":745,"column":0},"end":{"line":745,"column":20}},"745":{"start":{"line":746,"column":0},"end":{"line":746,"column":22}},"746":{"start":{"line":747,"column":0},"end":{"line":747,"column":36}},"747":{"start":{"line":748,"column":0},"end":{"line":748,"column":19}},"748":{"start":{"line":749,"column":0},"end":{"line":749,"column":16}},"749":{"start":{"line":750,"column":0},"end":{"line":750,"column":137}},"750":{"start":{"line":751,"column":0},"end":{"line":751,"column":23}},"751":{"start":{"line":752,"column":0},"end":{"line":752,"column":8}},"752":{"start":{"line":753,"column":0},"end":{"line":753,"column":5}},"753":{"start":{"line":754,"column":0},"end":{"line":754,"column":4}},"757":{"start":{"line":758,"column":0},"end":{"line":758,"column":51}},"758":{"start":{"line":759,"column":0},"end":{"line":759,"column":23}},"759":{"start":{"line":760,"column":0},"end":{"line":760,"column":26}},"760":{"start":{"line":761,"column":0},"end":{"line":761,"column":36}},"761":{"start":{"line":762,"column":0},"end":{"line":762,"column":49}},"762":{"start":{"line":763,"column":0},"end":{"line":763,"column":4}},"764":{"start":{"line":765,"column":0},"end":{"line":765,"column":40}},"765":{"start":{"line":766,"column":0},"end":{"line":766,"column":56}},"766":{"start":{"line":767,"column":0},"end":{"line":767,"column":48}},"767":{"start":{"line":768,"column":0},"end":{"line":768,"column":44}},"768":{"start":{"line":769,"column":0},"end":{"line":769,"column":4}},"770":{"start":{"line":771,"column":0},"end":{"line":771,"column":54}},"771":{"start":{"line":772,"column":0},"end":{"line":772,"column":18}},"772":{"start":{"line":773,"column":0},"end":{"line":773,"column":22}},"773":{"start":{"line":774,"column":0},"end":{"line":774,"column":48}},"774":{"start":{"line":775,"column":0},"end":{"line":775,"column":54}},"775":{"start":{"line":776,"column":0},"end":{"line":776,"column":82}},"776":{"start":{"line":777,"column":0},"end":{"line":777,"column":36}},"777":{"start":{"line":778,"column":0},"end":{"line":778,"column":4}},"779":{"start":{"line":780,"column":0},"end":{"line":780,"column":51}},"780":{"start":{"line":781,"column":0},"end":{"line":781,"column":69}},"781":{"start":{"line":782,"column":0},"end":{"line":782,"column":82}},"782":{"start":{"line":783,"column":0},"end":{"line":783,"column":20}},"783":{"start":{"line":784,"column":0},"end":{"line":784,"column":26}},"784":{"start":{"line":785,"column":0},"end":{"line":785,"column":36}},"785":{"start":{"line":786,"column":0},"end":{"line":786,"column":4}},"787":{"start":{"line":788,"column":0},"end":{"line":788,"column":43}},"788":{"start":{"line":789,"column":0},"end":{"line":789,"column":68}},"789":{"start":{"line":790,"column":0},"end":{"line":790,"column":41}},"790":{"start":{"line":791,"column":0},"end":{"line":791,"column":33}},"791":{"start":{"line":792,"column":0},"end":{"line":792,"column":38}},"792":{"start":{"line":793,"column":0},"end":{"line":793,"column":32}},"793":{"start":{"line":794,"column":0},"end":{"line":794,"column":78}},"794":{"start":{"line":795,"column":0},"end":{"line":795,"column":4}},"796":{"start":{"line":797,"column":0},"end":{"line":797,"column":54}},"797":{"start":{"line":798,"column":0},"end":{"line":798,"column":23}},"798":{"start":{"line":799,"column":0},"end":{"line":799,"column":12}},"799":{"start":{"line":800,"column":0},"end":{"line":800,"column":96}},"800":{"start":{"line":801,"column":0},"end":{"line":801,"column":8}},"801":{"start":{"line":802,"column":0},"end":{"line":802,"column":20}},"802":{"start":{"line":803,"column":0},"end":{"line":803,"column":4}},"805":{"start":{"line":806,"column":0},"end":{"line":806,"column":40}},"806":{"start":{"line":807,"column":0},"end":{"line":807,"column":62}},"807":{"start":{"line":808,"column":0},"end":{"line":808,"column":40}},"808":{"start":{"line":809,"column":0},"end":{"line":809,"column":24}},"809":{"start":{"line":810,"column":0},"end":{"line":810,"column":32}},"810":{"start":{"line":811,"column":0},"end":{"line":811,"column":65}},"811":{"start":{"line":812,"column":0},"end":{"line":812,"column":84}},"812":{"start":{"line":813,"column":0},"end":{"line":813,"column":92}},"813":{"start":{"line":814,"column":0},"end":{"line":814,"column":13}},"814":{"start":{"line":815,"column":0},"end":{"line":815,"column":5}},"815":{"start":{"line":816,"column":0},"end":{"line":816,"column":63}},"816":{"start":{"line":817,"column":0},"end":{"line":817,"column":27}},"817":{"start":{"line":818,"column":0},"end":{"line":818,"column":42}},"818":{"start":{"line":819,"column":0},"end":{"line":819,"column":33}},"819":{"start":{"line":820,"column":0},"end":{"line":820,"column":58}},"820":{"start":{"line":821,"column":0},"end":{"line":821,"column":36}},"821":{"start":{"line":822,"column":0},"end":{"line":822,"column":67}},"822":{"start":{"line":823,"column":0},"end":{"line":823,"column":12}},"823":{"start":{"line":824,"column":0},"end":{"line":824,"column":53}},"824":{"start":{"line":825,"column":0},"end":{"line":825,"column":64}},"825":{"start":{"line":826,"column":0},"end":{"line":826,"column":5}},"826":{"start":{"line":827,"column":0},"end":{"line":827,"column":78}},"827":{"start":{"line":828,"column":0},"end":{"line":828,"column":40}},"828":{"start":{"line":829,"column":0},"end":{"line":829,"column":90}},"829":{"start":{"line":830,"column":0},"end":{"line":830,"column":4}},"833":{"start":{"line":834,"column":0},"end":{"line":834,"column":52}},"834":{"start":{"line":835,"column":0},"end":{"line":835,"column":47}},"835":{"start":{"line":836,"column":0},"end":{"line":836,"column":4}},"837":{"start":{"line":838,"column":0},"end":{"line":838,"column":30}},"838":{"start":{"line":839,"column":0},"end":{"line":839,"column":61}},"839":{"start":{"line":840,"column":0},"end":{"line":840,"column":22}},"840":{"start":{"line":841,"column":0},"end":{"line":841,"column":11}},"841":{"start":{"line":842,"column":0},"end":{"line":842,"column":91}},"842":{"start":{"line":843,"column":0},"end":{"line":843,"column":8}},"843":{"start":{"line":844,"column":0},"end":{"line":844,"column":4}},"845":{"start":{"line":846,"column":0},"end":{"line":846,"column":31}},"846":{"start":{"line":847,"column":0},"end":{"line":847,"column":60}},"847":{"start":{"line":848,"column":0},"end":{"line":848,"column":48}},"848":{"start":{"line":849,"column":0},"end":{"line":849,"column":20}},"849":{"start":{"line":850,"column":0},"end":{"line":850,"column":32}},"850":{"start":{"line":851,"column":0},"end":{"line":851,"column":25}},"851":{"start":{"line":852,"column":0},"end":{"line":852,"column":28}},"852":{"start":{"line":853,"column":0},"end":{"line":853,"column":33}},"853":{"start":{"line":854,"column":0},"end":{"line":854,"column":27}},"854":{"start":{"line":855,"column":0},"end":{"line":855,"column":8}},"855":{"start":{"line":856,"column":0},"end":{"line":856,"column":5}},"856":{"start":{"line":857,"column":0},"end":{"line":857,"column":52}},"857":{"start":{"line":858,"column":0},"end":{"line":858,"column":26}},"858":{"start":{"line":859,"column":0},"end":{"line":859,"column":18}},"859":{"start":{"line":860,"column":0},"end":{"line":860,"column":14}},"860":{"start":{"line":861,"column":0},"end":{"line":861,"column":22}},"861":{"start":{"line":862,"column":0},"end":{"line":862,"column":22}},"862":{"start":{"line":863,"column":0},"end":{"line":863,"column":24}},"863":{"start":{"line":864,"column":0},"end":{"line":864,"column":8}},"864":{"start":{"line":865,"column":0},"end":{"line":865,"column":32}},"865":{"start":{"line":866,"column":0},"end":{"line":866,"column":51}},"866":{"start":{"line":867,"column":0},"end":{"line":867,"column":75}},"867":{"start":{"line":868,"column":0},"end":{"line":868,"column":33}},"868":{"start":{"line":869,"column":0},"end":{"line":869,"column":21}},"869":{"start":{"line":870,"column":0},"end":{"line":870,"column":62}},"871":{"start":{"line":872,"column":0},"end":{"line":872,"column":87}},"872":{"start":{"line":873,"column":0},"end":{"line":873,"column":7}},"873":{"start":{"line":874,"column":0},"end":{"line":874,"column":71}},"874":{"start":{"line":875,"column":0},"end":{"line":875,"column":22}},"875":{"start":{"line":876,"column":0},"end":{"line":876,"column":27}},"876":{"start":{"line":877,"column":0},"end":{"line":877,"column":29}},"877":{"start":{"line":878,"column":0},"end":{"line":878,"column":106}},"878":{"start":{"line":879,"column":0},"end":{"line":879,"column":14}},"879":{"start":{"line":880,"column":0},"end":{"line":880,"column":15}},"880":{"start":{"line":881,"column":0},"end":{"line":881,"column":114}},"881":{"start":{"line":882,"column":0},"end":{"line":882,"column":61}},"882":{"start":{"line":883,"column":0},"end":{"line":883,"column":81}},"883":{"start":{"line":884,"column":0},"end":{"line":884,"column":6}},"884":{"start":{"line":885,"column":0},"end":{"line":885,"column":4}},"888":{"start":{"line":889,"column":0},"end":{"line":889,"column":19}},"889":{"start":{"line":890,"column":0},"end":{"line":890,"column":41}},"890":{"start":{"line":891,"column":0},"end":{"line":891,"column":93}},"891":{"start":{"line":892,"column":0},"end":{"line":892,"column":47}},"892":{"start":{"line":893,"column":0},"end":{"line":893,"column":95}},"894":{"start":{"line":895,"column":0},"end":{"line":895,"column":57}},"895":{"start":{"line":896,"column":0},"end":{"line":896,"column":7}},"897":{"start":{"line":898,"column":0},"end":{"line":898,"column":31}},"898":{"start":{"line":899,"column":0},"end":{"line":899,"column":21}},"899":{"start":{"line":900,"column":0},"end":{"line":900,"column":26}},"900":{"start":{"line":901,"column":0},"end":{"line":901,"column":34}},"901":{"start":{"line":902,"column":0},"end":{"line":902,"column":32}},"902":{"start":{"line":903,"column":0},"end":{"line":903,"column":34}},"903":{"start":{"line":904,"column":0},"end":{"line":904,"column":33}},"904":{"start":{"line":905,"column":0},"end":{"line":905,"column":28}},"905":{"start":{"line":906,"column":0},"end":{"line":906,"column":33}},"906":{"start":{"line":907,"column":0},"end":{"line":907,"column":32}},"907":{"start":{"line":908,"column":0},"end":{"line":908,"column":37}},"908":{"start":{"line":909,"column":0},"end":{"line":909,"column":16}},"909":{"start":{"line":910,"column":0},"end":{"line":910,"column":28}},"910":{"start":{"line":911,"column":0},"end":{"line":911,"column":29}},"911":{"start":{"line":912,"column":0},"end":{"line":912,"column":9}},"912":{"start":{"line":913,"column":0},"end":{"line":913,"column":15}},"913":{"start":{"line":914,"column":0},"end":{"line":914,"column":7}},"915":{"start":{"line":916,"column":0},"end":{"line":916,"column":68}},"916":{"start":{"line":917,"column":0},"end":{"line":917,"column":32}},"917":{"start":{"line":918,"column":0},"end":{"line":918,"column":27}},"918":{"start":{"line":919,"column":0},"end":{"line":919,"column":36}},"919":{"start":{"line":920,"column":0},"end":{"line":920,"column":25}},"920":{"start":{"line":921,"column":0},"end":{"line":921,"column":15}},"921":{"start":{"line":922,"column":0},"end":{"line":922,"column":7}},"922":{"start":{"line":923,"column":0},"end":{"line":923,"column":53}},"925":{"start":{"line":926,"column":0},"end":{"line":926,"column":30}},"926":{"start":{"line":927,"column":0},"end":{"line":927,"column":90}},"927":{"start":{"line":928,"column":0},"end":{"line":928,"column":68}},"928":{"start":{"line":929,"column":0},"end":{"line":929,"column":75}},"929":{"start":{"line":930,"column":0},"end":{"line":930,"column":46}},"930":{"start":{"line":931,"column":0},"end":{"line":931,"column":54}},"931":{"start":{"line":932,"column":0},"end":{"line":932,"column":28}},"932":{"start":{"line":933,"column":0},"end":{"line":933,"column":17}},"933":{"start":{"line":934,"column":0},"end":{"line":934,"column":72}},"934":{"start":{"line":935,"column":0},"end":{"line":935,"column":77}},"935":{"start":{"line":936,"column":0},"end":{"line":936,"column":98}},"936":{"start":{"line":937,"column":0},"end":{"line":937,"column":14}},"937":{"start":{"line":938,"column":0},"end":{"line":938,"column":29}},"938":{"start":{"line":939,"column":0},"end":{"line":939,"column":57}},"939":{"start":{"line":940,"column":0},"end":{"line":940,"column":63}},"940":{"start":{"line":941,"column":0},"end":{"line":941,"column":54}},"941":{"start":{"line":942,"column":0},"end":{"line":942,"column":13}},"942":{"start":{"line":943,"column":0},"end":{"line":943,"column":9}},"943":{"start":{"line":944,"column":0},"end":{"line":944,"column":15}},"944":{"start":{"line":945,"column":0},"end":{"line":945,"column":7}},"945":{"start":{"line":946,"column":0},"end":{"line":946,"column":45}},"946":{"start":{"line":947,"column":0},"end":{"line":947,"column":48}},"947":{"start":{"line":948,"column":0},"end":{"line":948,"column":48}},"948":{"start":{"line":949,"column":0},"end":{"line":949,"column":50}},"949":{"start":{"line":950,"column":0},"end":{"line":950,"column":51}},"950":{"start":{"line":951,"column":0},"end":{"line":951,"column":83}},"951":{"start":{"line":952,"column":0},"end":{"line":952,"column":82}},"952":{"start":{"line":953,"column":0},"end":{"line":953,"column":43}},"953":{"start":{"line":954,"column":0},"end":{"line":954,"column":26}},"954":{"start":{"line":955,"column":0},"end":{"line":955,"column":15}},"955":{"start":{"line":956,"column":0},"end":{"line":956,"column":41}},"956":{"start":{"line":957,"column":0},"end":{"line":957,"column":69}},"957":{"start":{"line":958,"column":0},"end":{"line":958,"column":61}},"958":{"start":{"line":959,"column":0},"end":{"line":959,"column":50}},"959":{"start":{"line":960,"column":0},"end":{"line":960,"column":51}},"960":{"start":{"line":961,"column":0},"end":{"line":961,"column":43}},"961":{"start":{"line":962,"column":0},"end":{"line":962,"column":13}},"962":{"start":{"line":963,"column":0},"end":{"line":963,"column":12}},"963":{"start":{"line":964,"column":0},"end":{"line":964,"column":58}},"964":{"start":{"line":965,"column":0},"end":{"line":965,"column":27}},"965":{"start":{"line":966,"column":0},"end":{"line":966,"column":47}},"966":{"start":{"line":967,"column":0},"end":{"line":967,"column":25}},"967":{"start":{"line":968,"column":0},"end":{"line":968,"column":81}},"968":{"start":{"line":969,"column":0},"end":{"line":969,"column":78}},"969":{"start":{"line":970,"column":0},"end":{"line":970,"column":10}},"970":{"start":{"line":971,"column":0},"end":{"line":971,"column":25}},"971":{"start":{"line":972,"column":0},"end":{"line":972,"column":43}},"972":{"start":{"line":973,"column":0},"end":{"line":973,"column":56}},"973":{"start":{"line":974,"column":0},"end":{"line":974,"column":20}},"974":{"start":{"line":975,"column":0},"end":{"line":975,"column":19}},"975":{"start":{"line":976,"column":0},"end":{"line":976,"column":45}},"976":{"start":{"line":977,"column":0},"end":{"line":977,"column":56}},"977":{"start":{"line":978,"column":0},"end":{"line":978,"column":40}},"978":{"start":{"line":979,"column":0},"end":{"line":979,"column":26}},"979":{"start":{"line":980,"column":0},"end":{"line":980,"column":25}},"980":{"start":{"line":981,"column":0},"end":{"line":981,"column":58}},"981":{"start":{"line":982,"column":0},"end":{"line":982,"column":58}},"982":{"start":{"line":983,"column":0},"end":{"line":983,"column":20}},"983":{"start":{"line":984,"column":0},"end":{"line":984,"column":17}},"984":{"start":{"line":985,"column":0},"end":{"line":985,"column":86}},"985":{"start":{"line":986,"column":0},"end":{"line":986,"column":17}},"986":{"start":{"line":987,"column":0},"end":{"line":987,"column":46}},"987":{"start":{"line":988,"column":0},"end":{"line":988,"column":42}},"988":{"start":{"line":989,"column":0},"end":{"line":989,"column":76}},"989":{"start":{"line":990,"column":0},"end":{"line":990,"column":23}},"990":{"start":{"line":991,"column":0},"end":{"line":991,"column":16}},"991":{"start":{"line":992,"column":0},"end":{"line":992,"column":14}},"992":{"start":{"line":993,"column":0},"end":{"line":993,"column":11}},"993":{"start":{"line":994,"column":0},"end":{"line":994,"column":46}},"994":{"start":{"line":995,"column":0},"end":{"line":995,"column":44}},"995":{"start":{"line":996,"column":0},"end":{"line":996,"column":76}},"996":{"start":{"line":997,"column":0},"end":{"line":997,"column":15}},"997":{"start":{"line":998,"column":0},"end":{"line":998,"column":11}},"998":{"start":{"line":999,"column":0},"end":{"line":999,"column":45}},"999":{"start":{"line":1000,"column":0},"end":{"line":1000,"column":20}},"1000":{"start":{"line":1001,"column":0},"end":{"line":1001,"column":19}},"1001":{"start":{"line":1002,"column":0},"end":{"line":1002,"column":46}},"1002":{"start":{"line":1003,"column":0},"end":{"line":1003,"column":103}},"1003":{"start":{"line":1004,"column":0},"end":{"line":1004,"column":16}},"1004":{"start":{"line":1005,"column":0},"end":{"line":1005,"column":14}},"1005":{"start":{"line":1006,"column":0},"end":{"line":1006,"column":11}},"1006":{"start":{"line":1007,"column":0},"end":{"line":1007,"column":18}},"1007":{"start":{"line":1008,"column":0},"end":{"line":1008,"column":17}},"1008":{"start":{"line":1009,"column":0},"end":{"line":1009,"column":43}},"1009":{"start":{"line":1010,"column":0},"end":{"line":1010,"column":50}},"1010":{"start":{"line":1011,"column":0},"end":{"line":1011,"column":38}},"1011":{"start":{"line":1012,"column":0},"end":{"line":1012,"column":24}},"1012":{"start":{"line":1013,"column":0},"end":{"line":1013,"column":23}},"1013":{"start":{"line":1014,"column":0},"end":{"line":1014,"column":56}},"1014":{"start":{"line":1015,"column":0},"end":{"line":1015,"column":56}},"1015":{"start":{"line":1016,"column":0},"end":{"line":1016,"column":18}},"1016":{"start":{"line":1017,"column":0},"end":{"line":1017,"column":15}},"1017":{"start":{"line":1018,"column":0},"end":{"line":1018,"column":84}},"1018":{"start":{"line":1019,"column":0},"end":{"line":1019,"column":15}},"1019":{"start":{"line":1020,"column":0},"end":{"line":1020,"column":12}},"1020":{"start":{"line":1021,"column":0},"end":{"line":1021,"column":11}},"1021":{"start":{"line":1022,"column":0},"end":{"line":1022,"column":7}},"1022":{"start":{"line":1023,"column":0},"end":{"line":1023,"column":6}},"1023":{"start":{"line":1024,"column":0},"end":{"line":1024,"column":46}},"1024":{"start":{"line":1025,"column":0},"end":{"line":1025,"column":62}},"1026":{"start":{"line":1027,"column":0},"end":{"line":1027,"column":137}},"1030":{"start":{"line":1031,"column":0},"end":{"line":1031,"column":40}},"1031":{"start":{"line":1032,"column":0},"end":{"line":1032,"column":63}},"1032":{"start":{"line":1033,"column":0},"end":{"line":1033,"column":26}},"1033":{"start":{"line":1034,"column":0},"end":{"line":1034,"column":88}},"1034":{"start":{"line":1035,"column":0},"end":{"line":1035,"column":35}},"1035":{"start":{"line":1036,"column":0},"end":{"line":1036,"column":6}},"1036":{"start":{"line":1037,"column":0},"end":{"line":1037,"column":42}},"1037":{"start":{"line":1038,"column":0},"end":{"line":1038,"column":42}},"1038":{"start":{"line":1039,"column":0},"end":{"line":1039,"column":17}},"1039":{"start":{"line":1040,"column":0},"end":{"line":1040,"column":76}},"1040":{"start":{"line":1041,"column":0},"end":{"line":1041,"column":14}},"1041":{"start":{"line":1042,"column":0},"end":{"line":1042,"column":29}},"1042":{"start":{"line":1043,"column":0},"end":{"line":1043,"column":4}},"1044":{"start":{"line":1045,"column":0},"end":{"line":1045,"column":40}},"1045":{"start":{"line":1046,"column":0},"end":{"line":1046,"column":8}},"1046":{"start":{"line":1047,"column":0},"end":{"line":1047,"column":13}},"1047":{"start":{"line":1048,"column":0},"end":{"line":1048,"column":23}},"1048":{"start":{"line":1049,"column":0},"end":{"line":1049,"column":49}},"1049":{"start":{"line":1050,"column":0},"end":{"line":1050,"column":22}},"1050":{"start":{"line":1051,"column":0},"end":{"line":1051,"column":35}},"1051":{"start":{"line":1052,"column":0},"end":{"line":1052,"column":18}},"1052":{"start":{"line":1053,"column":0},"end":{"line":1053,"column":55}},"1053":{"start":{"line":1054,"column":0},"end":{"line":1054,"column":59}},"1054":{"start":{"line":1055,"column":0},"end":{"line":1055,"column":95}},"1055":{"start":{"line":1056,"column":0},"end":{"line":1056,"column":15}},"1056":{"start":{"line":1057,"column":0},"end":{"line":1057,"column":22}},"1057":{"start":{"line":1058,"column":0},"end":{"line":1058,"column":92}},"1058":{"start":{"line":1059,"column":0},"end":{"line":1059,"column":17}},"1059":{"start":{"line":1060,"column":0},"end":{"line":1060,"column":9}},"1060":{"start":{"line":1061,"column":0},"end":{"line":1061,"column":39}},"1061":{"start":{"line":1062,"column":0},"end":{"line":1062,"column":86}},"1062":{"start":{"line":1063,"column":0},"end":{"line":1063,"column":40}},"1063":{"start":{"line":1064,"column":0},"end":{"line":1064,"column":63}},"1064":{"start":{"line":1065,"column":0},"end":{"line":1065,"column":8}},"1065":{"start":{"line":1066,"column":0},"end":{"line":1066,"column":84}},"1066":{"start":{"line":1067,"column":0},"end":{"line":1067,"column":4}},"1069":{"start":{"line":1070,"column":0},"end":{"line":1070,"column":21}},"1070":{"start":{"line":1071,"column":0},"end":{"line":1071,"column":103}},"1072":{"start":{"line":1073,"column":0},"end":{"line":1073,"column":10}},"1073":{"start":{"line":1074,"column":0},"end":{"line":1074,"column":25}},"1074":{"start":{"line":1075,"column":0},"end":{"line":1075,"column":33}},"1075":{"start":{"line":1076,"column":0},"end":{"line":1076,"column":37}},"1076":{"start":{"line":1077,"column":0},"end":{"line":1077,"column":78}},"1077":{"start":{"line":1078,"column":0},"end":{"line":1078,"column":16}},"1078":{"start":{"line":1079,"column":0},"end":{"line":1079,"column":38}},"1079":{"start":{"line":1080,"column":0},"end":{"line":1080,"column":17}},"1080":{"start":{"line":1081,"column":0},"end":{"line":1081,"column":16}},"1081":{"start":{"line":1082,"column":0},"end":{"line":1082,"column":17}},"1082":{"start":{"line":1083,"column":0},"end":{"line":1083,"column":25}},"1083":{"start":{"line":1084,"column":0},"end":{"line":1084,"column":36}},"1084":{"start":{"line":1085,"column":0},"end":{"line":1085,"column":56}},"1085":{"start":{"line":1086,"column":0},"end":{"line":1086,"column":48}},"1087":{"start":{"line":1088,"column":0},"end":{"line":1088,"column":68}},"1088":{"start":{"line":1089,"column":0},"end":{"line":1089,"column":44}},"1089":{"start":{"line":1090,"column":0},"end":{"line":1090,"column":19}},"1090":{"start":{"line":1091,"column":0},"end":{"line":1091,"column":16}},"1091":{"start":{"line":1092,"column":0},"end":{"line":1092,"column":25}},"1092":{"start":{"line":1093,"column":0},"end":{"line":1093,"column":23}},"1093":{"start":{"line":1094,"column":0},"end":{"line":1094,"column":37}},"1094":{"start":{"line":1095,"column":0},"end":{"line":1095,"column":18}},"1095":{"start":{"line":1096,"column":0},"end":{"line":1096,"column":30}},"1096":{"start":{"line":1097,"column":0},"end":{"line":1097,"column":44}},"1097":{"start":{"line":1098,"column":0},"end":{"line":1098,"column":37}},"1098":{"start":{"line":1099,"column":0},"end":{"line":1099,"column":34}},"1099":{"start":{"line":1100,"column":0},"end":{"line":1100,"column":14}},"1100":{"start":{"line":1101,"column":0},"end":{"line":1101,"column":12}},"1101":{"start":{"line":1102,"column":0},"end":{"line":1102,"column":14}},"1103":{"start":{"line":1104,"column":0},"end":{"line":1104,"column":82}},"1105":{"start":{"line":1106,"column":0},"end":{"line":1106,"column":40}},"1106":{"start":{"line":1107,"column":0},"end":{"line":1107,"column":80}},"1107":{"start":{"line":1108,"column":0},"end":{"line":1108,"column":19}},"1108":{"start":{"line":1109,"column":0},"end":{"line":1109,"column":27}},"1109":{"start":{"line":1110,"column":0},"end":{"line":1110,"column":60}},"1110":{"start":{"line":1111,"column":0},"end":{"line":1111,"column":46}},"1111":{"start":{"line":1112,"column":0},"end":{"line":1112,"column":108}},"1112":{"start":{"line":1113,"column":0},"end":{"line":1113,"column":30}},"1113":{"start":{"line":1114,"column":0},"end":{"line":1114,"column":61}},"1114":{"start":{"line":1115,"column":0},"end":{"line":1115,"column":38}},"1115":{"start":{"line":1116,"column":0},"end":{"line":1116,"column":16}},"1117":{"start":{"line":1118,"column":0},"end":{"line":1118,"column":44}},"1119":{"start":{"line":1120,"column":0},"end":{"line":1120,"column":21}},"1120":{"start":{"line":1121,"column":0},"end":{"line":1121,"column":19}},"1121":{"start":{"line":1122,"column":0},"end":{"line":1122,"column":27}},"1122":{"start":{"line":1123,"column":0},"end":{"line":1123,"column":61}},"1123":{"start":{"line":1124,"column":0},"end":{"line":1124,"column":47}},"1124":{"start":{"line":1125,"column":0},"end":{"line":1125,"column":98}},"1125":{"start":{"line":1126,"column":0},"end":{"line":1126,"column":30}},"1126":{"start":{"line":1127,"column":0},"end":{"line":1127,"column":62}},"1127":{"start":{"line":1128,"column":0},"end":{"line":1128,"column":38}},"1128":{"start":{"line":1129,"column":0},"end":{"line":1129,"column":16}},"1130":{"start":{"line":1131,"column":0},"end":{"line":1131,"column":45}},"1132":{"start":{"line":1133,"column":0},"end":{"line":1133,"column":21}},"1133":{"start":{"line":1134,"column":0},"end":{"line":1134,"column":16}},"1134":{"start":{"line":1135,"column":0},"end":{"line":1135,"column":26}},"1135":{"start":{"line":1136,"column":0},"end":{"line":1136,"column":19}},"1136":{"start":{"line":1137,"column":0},"end":{"line":1137,"column":27}},"1137":{"start":{"line":1138,"column":0},"end":{"line":1138,"column":41}},"1138":{"start":{"line":1139,"column":0},"end":{"line":1139,"column":67}},"1139":{"start":{"line":1140,"column":0},"end":{"line":1140,"column":35}},"1141":{"start":{"line":1142,"column":0},"end":{"line":1142,"column":44}},"1142":{"start":{"line":1143,"column":0},"end":{"line":1143,"column":34}},"1143":{"start":{"line":1144,"column":0},"end":{"line":1144,"column":21}},"1145":{"start":{"line":1146,"column":0},"end":{"line":1146,"column":17}},"1146":{"start":{"line":1147,"column":0},"end":{"line":1147,"column":25}},"1147":{"start":{"line":1148,"column":0},"end":{"line":1148,"column":51}},"1148":{"start":{"line":1149,"column":0},"end":{"line":1149,"column":28}},"1149":{"start":{"line":1150,"column":0},"end":{"line":1150,"column":36}},"1150":{"start":{"line":1151,"column":0},"end":{"line":1151,"column":32}},"1151":{"start":{"line":1152,"column":0},"end":{"line":1152,"column":14}},"1153":{"start":{"line":1154,"column":0},"end":{"line":1154,"column":46}},"1154":{"start":{"line":1155,"column":0},"end":{"line":1155,"column":42}},"1155":{"start":{"line":1156,"column":0},"end":{"line":1156,"column":19}},"1156":{"start":{"line":1157,"column":0},"end":{"line":1157,"column":14}},"1157":{"start":{"line":1158,"column":0},"end":{"line":1158,"column":15}},"1159":{"start":{"line":1160,"column":0},"end":{"line":1160,"column":34}},"1160":{"start":{"line":1161,"column":0},"end":{"line":1161,"column":102}},"1161":{"start":{"line":1162,"column":0},"end":{"line":1162,"column":20}},"1162":{"start":{"line":1163,"column":0},"end":{"line":1163,"column":25}},"1163":{"start":{"line":1164,"column":0},"end":{"line":1164,"column":31}},"1164":{"start":{"line":1165,"column":0},"end":{"line":1165,"column":33}},"1165":{"start":{"line":1166,"column":0},"end":{"line":1166,"column":23}},"1166":{"start":{"line":1167,"column":0},"end":{"line":1167,"column":25}},"1167":{"start":{"line":1168,"column":0},"end":{"line":1168,"column":35}},"1168":{"start":{"line":1169,"column":0},"end":{"line":1169,"column":25}},"1169":{"start":{"line":1170,"column":0},"end":{"line":1170,"column":25}},"1170":{"start":{"line":1171,"column":0},"end":{"line":1171,"column":31}},"1171":{"start":{"line":1172,"column":0},"end":{"line":1172,"column":82}},"1172":{"start":{"line":1173,"column":0},"end":{"line":1173,"column":31}},"1173":{"start":{"line":1174,"column":0},"end":{"line":1174,"column":43}},"1174":{"start":{"line":1175,"column":0},"end":{"line":1175,"column":30}},"1175":{"start":{"line":1176,"column":0},"end":{"line":1176,"column":38}},"1176":{"start":{"line":1177,"column":0},"end":{"line":1177,"column":36}},"1177":{"start":{"line":1178,"column":0},"end":{"line":1178,"column":41}},"1178":{"start":{"line":1179,"column":0},"end":{"line":1179,"column":74}},"1179":{"start":{"line":1180,"column":0},"end":{"line":1180,"column":35}},"1180":{"start":{"line":1181,"column":0},"end":{"line":1181,"column":39}},"1181":{"start":{"line":1182,"column":0},"end":{"line":1182,"column":12}},"1182":{"start":{"line":1183,"column":0},"end":{"line":1183,"column":18}},"1183":{"start":{"line":1184,"column":0},"end":{"line":1184,"column":23}},"1184":{"start":{"line":1185,"column":0},"end":{"line":1185,"column":23}},"1185":{"start":{"line":1186,"column":0},"end":{"line":1186,"column":35}},"1186":{"start":{"line":1187,"column":0},"end":{"line":1187,"column":25}},"1187":{"start":{"line":1188,"column":0},"end":{"line":1188,"column":30}},"1188":{"start":{"line":1189,"column":0},"end":{"line":1189,"column":41}},"1189":{"start":{"line":1190,"column":0},"end":{"line":1190,"column":30}},"1190":{"start":{"line":1191,"column":0},"end":{"line":1191,"column":63}},"1191":{"start":{"line":1192,"column":0},"end":{"line":1192,"column":61}},"1192":{"start":{"line":1193,"column":0},"end":{"line":1193,"column":63}},"1193":{"start":{"line":1194,"column":0},"end":{"line":1194,"column":30}},"1194":{"start":{"line":1195,"column":0},"end":{"line":1195,"column":30}},"1195":{"start":{"line":1196,"column":0},"end":{"line":1196,"column":12}},"1196":{"start":{"line":1197,"column":0},"end":{"line":1197,"column":56}},"1197":{"start":{"line":1198,"column":0},"end":{"line":1198,"column":27}},"1198":{"start":{"line":1199,"column":0},"end":{"line":1199,"column":86}},"1199":{"start":{"line":1200,"column":0},"end":{"line":1200,"column":38}},"1200":{"start":{"line":1201,"column":0},"end":{"line":1201,"column":67}},"1201":{"start":{"line":1202,"column":0},"end":{"line":1202,"column":21}},"1202":{"start":{"line":1203,"column":0},"end":{"line":1203,"column":29}},"1203":{"start":{"line":1204,"column":0},"end":{"line":1204,"column":65}},"1204":{"start":{"line":1205,"column":0},"end":{"line":1205,"column":85}},"1206":{"start":{"line":1207,"column":0},"end":{"line":1207,"column":51}},"1207":{"start":{"line":1208,"column":0},"end":{"line":1208,"column":22}},"1208":{"start":{"line":1209,"column":0},"end":{"line":1209,"column":51}},"1209":{"start":{"line":1210,"column":0},"end":{"line":1210,"column":56}},"1210":{"start":{"line":1211,"column":0},"end":{"line":1211,"column":23}},"1211":{"start":{"line":1212,"column":0},"end":{"line":1212,"column":23}},"1212":{"start":{"line":1213,"column":0},"end":{"line":1213,"column":108}},"1213":{"start":{"line":1214,"column":0},"end":{"line":1214,"column":46}},"1214":{"start":{"line":1215,"column":0},"end":{"line":1215,"column":22}},"1215":{"start":{"line":1216,"column":0},"end":{"line":1216,"column":49}},"1216":{"start":{"line":1217,"column":0},"end":{"line":1217,"column":68}},"1217":{"start":{"line":1218,"column":0},"end":{"line":1218,"column":23}},"1218":{"start":{"line":1219,"column":0},"end":{"line":1219,"column":23}},"1219":{"start":{"line":1220,"column":0},"end":{"line":1220,"column":113}},"1220":{"start":{"line":1221,"column":0},"end":{"line":1221,"column":46}},"1221":{"start":{"line":1222,"column":0},"end":{"line":1222,"column":22}},"1222":{"start":{"line":1223,"column":0},"end":{"line":1223,"column":56}},"1223":{"start":{"line":1224,"column":0},"end":{"line":1224,"column":63}},"1224":{"start":{"line":1225,"column":0},"end":{"line":1225,"column":23}},"1225":{"start":{"line":1226,"column":0},"end":{"line":1226,"column":23}},"1226":{"start":{"line":1227,"column":0},"end":{"line":1227,"column":18}},"1228":{"start":{"line":1229,"column":0},"end":{"line":1229,"column":28}},"1229":{"start":{"line":1230,"column":0},"end":{"line":1230,"column":27}},"1230":{"start":{"line":1231,"column":0},"end":{"line":1231,"column":33}},"1231":{"start":{"line":1232,"column":0},"end":{"line":1232,"column":66}},"1232":{"start":{"line":1233,"column":0},"end":{"line":1233,"column":92}},"1233":{"start":{"line":1234,"column":0},"end":{"line":1234,"column":34}},"1234":{"start":{"line":1235,"column":0},"end":{"line":1235,"column":37}},"1235":{"start":{"line":1236,"column":0},"end":{"line":1236,"column":30}},"1236":{"start":{"line":1237,"column":0},"end":{"line":1237,"column":39}},"1237":{"start":{"line":1238,"column":0},"end":{"line":1238,"column":34}},"1238":{"start":{"line":1239,"column":0},"end":{"line":1239,"column":16}},"1239":{"start":{"line":1240,"column":0},"end":{"line":1240,"column":14}},"1241":{"start":{"line":1242,"column":0},"end":{"line":1242,"column":27}},"1242":{"start":{"line":1243,"column":0},"end":{"line":1243,"column":26}},"1243":{"start":{"line":1244,"column":0},"end":{"line":1244,"column":42}},"1244":{"start":{"line":1245,"column":0},"end":{"line":1245,"column":64}},"1245":{"start":{"line":1246,"column":0},"end":{"line":1246,"column":32}},"1246":{"start":{"line":1247,"column":0},"end":{"line":1247,"column":36}},"1247":{"start":{"line":1248,"column":0},"end":{"line":1248,"column":30}},"1248":{"start":{"line":1249,"column":0},"end":{"line":1249,"column":38}},"1249":{"start":{"line":1250,"column":0},"end":{"line":1250,"column":43}},"1250":{"start":{"line":1251,"column":0},"end":{"line":1251,"column":16}},"1251":{"start":{"line":1252,"column":0},"end":{"line":1252,"column":14}},"1253":{"start":{"line":1254,"column":0},"end":{"line":1254,"column":28}},"1254":{"start":{"line":1255,"column":0},"end":{"line":1255,"column":88}},"1255":{"start":{"line":1256,"column":0},"end":{"line":1256,"column":38}},"1256":{"start":{"line":1257,"column":0},"end":{"line":1257,"column":38}},"1257":{"start":{"line":1258,"column":0},"end":{"line":1258,"column":66}},"1258":{"start":{"line":1259,"column":0},"end":{"line":1259,"column":23}},"1259":{"start":{"line":1260,"column":0},"end":{"line":1260,"column":29}},"1260":{"start":{"line":1261,"column":0},"end":{"line":1261,"column":26}},"1261":{"start":{"line":1262,"column":0},"end":{"line":1262,"column":107}},"1262":{"start":{"line":1263,"column":0},"end":{"line":1263,"column":22}},"1263":{"start":{"line":1264,"column":0},"end":{"line":1264,"column":19}},"1264":{"start":{"line":1265,"column":0},"end":{"line":1265,"column":35}},"1266":{"start":{"line":1267,"column":0},"end":{"line":1267,"column":18}},"1267":{"start":{"line":1268,"column":0},"end":{"line":1268,"column":38}},"1270":{"start":{"line":1271,"column":0},"end":{"line":1271,"column":18}},"1271":{"start":{"line":1272,"column":0},"end":{"line":1272,"column":46}},"1272":{"start":{"line":1273,"column":0},"end":{"line":1273,"column":87}},"1273":{"start":{"line":1274,"column":0},"end":{"line":1274,"column":49}},"1275":{"start":{"line":1276,"column":0},"end":{"line":1276,"column":25}},"1276":{"start":{"line":1277,"column":0},"end":{"line":1277,"column":23}},"1277":{"start":{"line":1278,"column":0},"end":{"line":1278,"column":31}},"1278":{"start":{"line":1279,"column":0},"end":{"line":1279,"column":33}},"1279":{"start":{"line":1280,"column":0},"end":{"line":1280,"column":34}},"1280":{"start":{"line":1281,"column":0},"end":{"line":1281,"column":42}},"1281":{"start":{"line":1282,"column":0},"end":{"line":1282,"column":38}},"1282":{"start":{"line":1283,"column":0},"end":{"line":1283,"column":20}},"1284":{"start":{"line":1285,"column":0},"end":{"line":1285,"column":48}},"1286":{"start":{"line":1287,"column":0},"end":{"line":1287,"column":25}},"1287":{"start":{"line":1288,"column":0},"end":{"line":1288,"column":92}},"1289":{"start":{"line":1290,"column":0},"end":{"line":1290,"column":25}},"1290":{"start":{"line":1291,"column":0},"end":{"line":1291,"column":20}},"1291":{"start":{"line":1292,"column":0},"end":{"line":1292,"column":18}},"1293":{"start":{"line":1294,"column":0},"end":{"line":1294,"column":18}},"1295":{"start":{"line":1296,"column":0},"end":{"line":1296,"column":55}},"1296":{"start":{"line":1297,"column":0},"end":{"line":1297,"column":34}},"1297":{"start":{"line":1298,"column":0},"end":{"line":1298,"column":23}},"1298":{"start":{"line":1299,"column":0},"end":{"line":1299,"column":25}},"1299":{"start":{"line":1300,"column":0},"end":{"line":1300,"column":33}},"1300":{"start":{"line":1301,"column":0},"end":{"line":1301,"column":39}},"1301":{"start":{"line":1302,"column":0},"end":{"line":1302,"column":52}},"1302":{"start":{"line":1303,"column":0},"end":{"line":1303,"column":39}},"1303":{"start":{"line":1304,"column":0},"end":{"line":1304,"column":92}},"1304":{"start":{"line":130
[...]
"line":180,"column":12}},"180":{"start":{"line":181,"column":0},"end":{"line":181,"column":16}},"181":{"start":{"line":182,"column":0},"end":{"line":182,"column":10}},"182":{"start":{"line":183,"column":0},"end":{"line":183,"column":19}},"183":{"start":{"line":184,"column":0},"end":{"line":184,"column":9}},"184":{"start":{"line":185,"column":0},"end":{"line":185,"column":15}},"185":{"start":{"line":186,"column":0},"end":{"line":186,"column":4}},"186":{"start":{"line":187,"column":0},"end":{"line":187,"column":1}},"188":{"start":{"line":189,"column":0},"end":{"line":189,"column":95}},"189":{"start":{"line":190,"column":0},"end":{"line":190,"column":84}},"190":{"start":{"line":191,"column":0},"end":{"line":191,"column":61}},"191":{"start":{"line":192,"column":0},"end":{"line":192,"column":38}},"193":{"start":{"line":194,"column":0},"end":{"line":194,"column":34}},"194":{"start":{"line":195,"column":0},"end":{"line":195,"column":41}},"195":{"start":{"line":196,"column":0},"end":{"line":196,"column":28}},"196":{"start":{"line":197,"column":0},"end":{"line":197,"column":28}},"197":{"start":{"line":198,"column":0},"end":{"line":198,"column":27}},"198":{"start":{"line":199,"column":0},"end":{"line":199,"column":23}},"199":{"start":{"line":200,"column":0},"end":{"line":200,"column":23}},"200":{"start":{"line":201,"column":0},"end":{"line":201,"column":77}},"201":{"start":{"line":202,"column":0},"end":{"line":202,"column":63}},"202":{"start":{"line":203,"column":0},"end":{"line":203,"column":3}},"204":{"start":{"line":205,"column":0},"end":{"line":205,"column":45}},"205":{"start":{"line":206,"column":0},"end":{"line":206,"column":40}},"206":{"start":{"line":207,"column":0},"end":{"line":207,"column":17}},"207":{"start":{"line":208,"column":0},"end":{"line":208,"column":44}},"208":{"start":{"line":209,"column":0},"end":{"line":209,"column":14}},"209":{"start":{"line":210,"column":0},"end":{"line":210,"column":17}},"210":{"start":{"line":211,"column":0},"end":{"line":211,"column":23}},"211":{"start":{"line":212,"column":0},"end":{"line":212,"column":18}},"212":{"start":{"line":213,"column":0},"end":{"line":213,"column":45}},"213":{"start":{"line":214,"column":0},"end":{"line":214,"column":33}},"214":{"start":{"line":215,"column":0},"end":{"line":215,"column":51}},"215":{"start":{"line":216,"column":0},"end":{"line":216,"column":8}},"216":{"start":{"line":217,"column":0},"end":{"line":217,"column":7}},"218":{"start":{"line":219,"column":0},"end":{"line":219,"column":10}},"219":{"start":{"line":220,"column":0},"end":{"line":220,"column":10}},"220":{"start":{"line":221,"column":0},"end":{"line":221,"column":10}},"221":{"start":{"line":222,"column":0},"end":{"line":222,"column":64}},"222":{"start":{"line":223,"column":0},"end":{"line":223,"column":4}},"223":{"start":{"line":224,"column":0},"end":{"line":224,"column":1}}},"s":{"1":1,"2":1,"3":1,"4":1,"7":1,"9":1,"11":1,"76":1,"77":21,"78":63,"79":63,"80":11,"81":11,"83":1,"84":12,"85":12,"86":12,"87":12,"88":12,"89":12,"90":12,"92":12,"93":12,"94":12,"95":12,"96":12,"99":12,"101":12,"102":12,"103":12,"105":12,"107":12,"108":12,"109":12,"110":12,"112":12,"115":12,"116":12,"117":12,"118":12,"120":12,"121":12,"122":12,"123":3,"124":3,"125":3,"127":12,"128":12,"132":12,"133":12,"134":12,"135":11,"136":10,"141":12,"142":12,"143":12,"144":1,"145":1,"146":1,"147":1,"148":1,"149":1,"151":12,"152":12,"153":3,"154":9,"155":12,"156":12,"157":4,"158":8,"160":12,"161":12,"162":12,"163":12,"164":12,"165":12,"166":12,"167":12,"168":12,"169":12,"170":12,"171":12,"172":12,"173":12,"174":12,"175":12,"176":12,"177":12,"178":12,"179":12,"180":12,"181":12,"182":12,"183":12,"184":12,"185":12,"186":12,"188":1,"189":2,"190":2,"191":2,"193":2,"194":2,"195":0,"196":0,"197":0,"198":0,"199":0,"200":0,"201":0,"202":0,"204":2,"205":2,"206":2,"207":2,"208":2,"209":2,"210":2,"211":2,"212":2,"213":2,"214":2,"215":2,"216":2,"218":2,"219":2,"220":2,"221":2,"222":2,"223":2},"branchMap":{"0":{"type":"branch","line":77,"loc":{"start":{"line":77,"column":7},"end":{"line":82,"column":1}},"locations":[{"start":{"line":77,"column":7},"end":{"line":82,"column":1}}]},"1":{"type":"branch","line":78,"loc":{"start":{"line":78,"column":33},"end":{"line":80,"column":3}},"locations":[{"start":{"line":78,"column":33},"end":{"line":80,"column":3}}]},"2":{"type":"branch","line":79,"loc":{"start":{"line":79,"column":19},"end":{"line":79,"column":46}},"locations":[{"start":{"line":79,"column":19},"end":{"line":79,"column":46}}]},"3":{"type":"branch","line":79,"loc":{"start":{"line":79,"column":46},"end":{"line":79,"column":55}},"locations":[{"start":{"line":79,"column":46},"end":{"line":79,"column":55}}]},"4":{"type":"branch","line":80,"loc":{"start":{"line":80,"column":2},"end":{"line":82,"column":1}},"locations":[{"start":{"line":80,"column":2},"end":{"line":82,"column":1}}]},"5":{"type":"branch","line":84,"loc":{"start":{"line":84,"column":7},"end":{"line":187,"column":1}},"locations":[{"start":{"line":84,"column":7},"end":{"line":187,"column":1}}]},"6":{"type":"branch","line":106,"loc":{"start":{"line":106,"column":28},"end":{"line":106,"column":52}},"locations":[{"start":{"line":106,"column":28},"end":{"line":106,"column":52}}]},"7":{"type":"branch","line":106,"loc":{"start":{"line":106,"column":45},"end":{"line":106,"column":61}},"locations":[{"start":{"line":106,"column":45},"end":{"line":106,"column":61}}]},"8":{"type":"branch","line":110,"loc":{"start":{"line":110,"column":41},"end":{"line":110,"column":50}},"locations":[{"start":{"line":110,"column":41},"end":{"line":110,"column":50}}]},"9":{"type":"branch","line":111,"loc":{"start":{"line":111,"column":25},"end":{"line":111,"column":63}},"locations":[{"start":{"line":111,"column":25},"end":{"line":111,"column":63}}]},"10":{"type":"branch","line":113,"loc":{"start":{"line":113,"column":33},"end":{"line":113,"column":56}},"locations":[{"start":{"line":113,"column":33},"end":{"line":113,"column":56}}]},"11":{"type":"branch","line":113,"loc":{"start":{"line":113,"column":52},"end":{"line":113,"column":90}},"locations":[{"start":{"line":113,"column":52},"end":{"line":113,"column":90}}]},"12":{"type":"branch","line":113,"loc":{"start":{"line":113,"column":78},"end":{"line":113,"column":95}},"locations":[{"start":{"line":113,"column":78},"end":{"line":113,"column":95}}]},"13":{"type":"branch","line":118,"loc":{"start":{"line":118,"column":42},"end":{"line":118,"column":67}},"locations":[{"start":{"line":118,"column":42},"end":{"line":118,"column":67}}]},"14":{"type":"branch","line":121,"loc":{"start":{"line":121,"column":36},"end":{"line":121,"column":45}},"locations":[{"start":{"line":121,"column":36},"end":{"line":121,"column":45}}]},"15":{"type":"branch","line":123,"loc":{"start":{"line":123,"column":13},"end":{"line":126,"column":3}},"locations":[{"start":{"line":123,"column":13},"end":{"line":126,"column":3}}]},"16":{"type":"branch","line":129,"loc":{"start":{"line":129,"column":17},"end":{"line":129,"column":65}},"locations":[{"start":{"line":129,"column":17},"end":{"line":129,"column":65}}]},"17":{"type":"branch","line":129,"loc":{"start":{"line":129,"column":42},"end":{"line":129,"column":65}},"locations":[{"start":{"line":129,"column":42},"end":{"line":129,"column":65}}]},"18":{"type":"branch","line":129,"loc":{"start":{"line":129,"column":53},"end":{"line":129,"column":80}},"locations":[{"start":{"line":129,"column":53},"end":{"line":129,"column":80}}]},"19":{"type":"branch","line":129,"loc":{"start":{"line":129,"column":66},"end":{"line":129,"column":95}},"locations":[{"start":{"line":129,"column":66},"end":{"line":129,"column":95}}]},"20":{"type":"branch","line":135,"loc":{"start":{"line":135,"column":5},"end":{"line":137,"column":59}},"locations":[{"start":{"line":135,"column":5},"end":{"line":137,"column":59}}]},"21":{"type":"branch","line":136,"loc":{"start":{"line":136,"column":49},"end":{"line":137,"column":59}},"locations":[{"start":{"line":136,"column":49},"end":{"line":137,"column":59}}]},"22":{"type":"branch","line":144,"loc":{"start":{"line":144,"column":19},"end":{"line":150,"column":3}},"locations":[{"start":{"line":144,"column":19},"end":{"line":150,"column":3}}]},"23":{"type":"branch","line":145,"loc":{"start":{"line":145,"column":59},"end":{"line":145,"column":76}},"locations":[{"start":{"line":145,"column":59},"end":{"line":145,"column":76}}]},"24":{"type":"branch","line":152,"loc":{"start":{"line":152,"column":15},"end":{"line":152,"column":32}},"locations":[{"start":{"line":152,"column":15},"end":{"line":152,"column":32}}]},"25":{"type":"branch","line":152,"loc":{"start":{"line":152,"column":28},"end":{"line":152,"column":77}},"locations":[{"start":{"line":152,"column":28},"end":{"line":152,"column":77}}]},"26":{"type":"branch","line":153,"loc":{"start":{"line":153,"column":14},"end":{"line":154,"column":85}},"locations":[{"start":{"line":153,"column":14},"end":{"line":154,"column":85}}]},"27":{"type":"branch","line":154,"loc":{"start":{"line":154,"column":84},"end":{"line":155,"column":8}},"locations":[{"start":{"line":154,"column":84},"end":{"line":155,"column":8}}]},"28":{"type":"branch","line":157,"loc":{"start":{"line":157,"column":4},"end":{"line":157,"column":31}},"locations":[{"start":{"line":157,"column":4},"end":{"line":157,"column":31}}]},"29":{"type":"branch","line":157,"loc":{"start":{"line":157,"column":18},"end":{"line":158,"column":27}},"locations":[{"start":{"line":157,"column":18},"end":{"line":158,"column":27}}]},"30":{"type":"branch","line":158,"loc":{"start":{"line":158,"column":26},"end":{"line":159,"column":59}},"locations":[{"start":{"line":158,"column":26},"end":{"line":159,"column":59}}]},"31":{"type":"branch","line":159,"loc":{"start":{"line":159,"column":36},"end":{"line":159,"column":56}},"locations":[{"start":{"line":159,"column":36},"end":{"line":159,"column":56}}]},"32":{"type":"branch","line":189,"loc":{"start":{"line":189,"column":7},"end":{"line":224,"column":1}},"locations":[{"start":{"line":189,"column":7},"end":{"line":224,"column":1}}]},"33":{"type":"branch","line":195,"loc":{"start":{"line":195,"column":40},"end":{"line":203,"column":3}},"locations":[{"start":{"line":195,"column":40},"end":{"line":203,"column":3}}]},"34":{"type":"branch","line":222,"loc":{"start":{"line":222,"column":30},"end":{"line":222,"column":64}},"locations":[{"start":{"line":222,"column":30},"end":{"line":222,"column":64}}]},"35":{"type":"branch","line":190,"loc":{"start":{"line":190,"column":50},"end":{"line":190,"column":81}},"locations":[{"start":{"line":190,"column":50},"end":{"line":190,"column":81}}]},"36":{"type":"branch","line":191,"loc":{"start":{"line":191,"column":42},"end":{"line":191,"column":58}},"locations":[{"start":{"line":191,"column":42},"end":{"line":191,"column":58}}]},"37":{"type":"branch","line":206,"loc":{"start":{"line":206,"column":12},"end":{"line":206,"column":39}},"locations":[{"start":{"line":206,"column":12},"end":{"line":206,"column":39}}]},"38":{"type":"branch","line":207,"loc":{"start":{"line":207,"column":9},"end":{"line":217,"column":5}},"locations":[{"start":{"line":207,"column":9},"end":{"line":217,"column":5}}]}},"b":{"0":[21],"1":[63],"2":[10],"3":[10],"4":[11],"5":[12],"6":[11],"7":[11],"8":[0],"9":[11],"10":[3],"11":[3],"12":[9],"13":[2],"14":[0],"15":[3],"16":[6],"17":[2],"18":[5],"19":[4],"20":[11],"21":[10],"22":[1],"23":[0],"24":[1],"25":[11],"26":[3],"27":[9],"28":[10],"29":[4],"30":[8],"31":[0],"32":[2],"33":[0],"34":[0],"35":[2],"36":[2],"37":[2],"38":[2]},"fnMap":{"0":{"name":"findTv","decl":{"start":{"line":77,"column":7},"end":{"line":82,"column":1}},"loc":{"start":{"line":77,"column":7},"end":{"line":82,"column":1}},"line":77},"1":{"name":"computePair","decl":{"start":{"line":84,"column":7},"end":{"line":187,"column":1}},"loc":{"start":{"line":84,"column":7},"end":{"line":187,"column":1}},"line":84},"2":{"name":"computeAudio","decl":{"start":{"line":189,"column":7},"end":{"line":224,"column":1}},"loc":{"start":{"line":189,"column":7},"end":{"line":224,"column":1}},"line":189}},"f":{"0":21,"1":12,"2":2}}
,"/Users/rayankarimcheca/Desktop/Dev/fun/layout/src/engine/types.ts": {"path":"/Users/rayankarimcheca/Desktop/Dev/fun/layout/src/engine/types.ts","all":true,"statementMap":{},"s":{},"branchMap":{"0":{"type":"branch","line":1,"loc":{"start":{"line":1,"column":5952},"end":{"line":222,"column":9}},"locations":[{"start":{"line":1,"column":5952},"end":{"line":222,"column":9}}]}},"b":{"0":[1]},"fnMap":{"0":{"name":"(empty-report)","decl":{"start":{"line":1,"column":5952},"end":{"line":222,"column":9}},"loc":{"start":{"line":1,"column":5952},"end":{"line":222,"column":9}},"line":1}},"f":{"0":1}}
,"/Users/rayankarimcheca/Desktop/Dev/fun/layout/src/engine/vec.ts": {"path":"/Users/rayankarimcheca/Desktop/Dev/fun/layout/src/engine/vec.ts","all":false,"statementMap":{"2":{"start":{"line":3,"column":0},"end":{"line":3,"column":62}},"4":{"start":{"line":5,"column":0},"end":{"line":5,"column":80}},"6":{"start":{"line":7,"column":0},"end":{"line":7,"column":80}},"8":{"start":{"line":9,"column":0},"end":{"line":9,"column":80}},"10":{"start":{"line":11,"column":0},"end":{"line":11,"column":71}},"12":{"start":{"line":13,"column":0},"end":{"line":13,"column":73}},"14":{"start":{"line":15,"column":0},"end":{"line":15,"column":61}},"16":{"start":{"line":17,"column":0},"end":{"line":17,"column":83}},"18":{"start":{"line":19,"column":0},"end":{"line":19,"column":40}},"19":{"start":{"line":20,"column":0},"end":{"line":20,"column":24}},"20":{"start":{"line":21,"column":0},"end":{"line":21,"column":36}},"21":{"start":{"line":22,"column":0},"end":{"line":22,"column":2}},"24":{"start":{"line":25,"column":0},"end":{"line":25,"column":61}},"26":{"start":{"line":27,"column":0},"end":{"line":27,"column":89}},"28":{"start":{"line":29,"column":0},"end":{"line":29,"column":56}},"29":{"start":{"line":30,"column":0},"end":{"line":30,"column":47}},"30":{"start":{"line":31,"column":0},"end":{"line":31,"column":47}},"31":{"start":{"line":32,"column":0},"end":{"line":32,"column":3}},"33":{"start":{"line":34,"column":0},"end":{"line":34,"column":61}},"34":{"start":{"line":35,"column":0},"end":{"line":35,"column":27}},"35":{"start":{"line":36,"column":0},"end":{"line":36,"column":27}},"36":{"start":{"line":37,"column":0},"end":{"line":37,"column":3}},"39":{"start":{"line":40,"column":0},"end":{"line":40,"column":83}}},"s":{"2":1,"4":1,"6":1,"8":1,"10":1,"12":1,"14":1,"16":1,"18":1,"19":36003,"20":36003,"21":36003,"24":1,"26":1,"28":1,"29":14576,"30":14576,"31":14576,"33":1,"34":1339,"35":1339,"36":1339,"39":1},"branchMap":{"0":{"type":"branch","line":3,"loc":{"start":{"line":3,"column":19},"end":{"line":3,"column":62}},"locations":[{"start":{"line":3,"column":19},"end":{"line":3,"column":62}}]},"1":{"type":"branch","line":5,"loc":{"start":{"line":5,"column":19},"end":{"line":5,"column":80}},"locations":[{"start":{"line":5,"column":19},"end":{"line":5,"column":80}}]},"2":{"type":"branch","line":7,"loc":{"start":{"line":7,"column":19},"end":{"line":7,"column":80}},"locations":[{"start":{"line":7,"column":19},"end":{"line":7,"column":80}}]},"3":{"type":"branch","line":9,"loc":{"start":{"line":9,"column":21},"end":{"line":9,"column":80}},"locations":[{"start":{"line":9,"column":21},"end":{"line":9,"column":80}}]},"4":{"type":"branch","line":11,"loc":{"start":{"line":11,"column":19},"end":{"line":11,"column":71}},"locations":[{"start":{"line":11,"column":19},"end":{"line":11,"column":71}}]},"5":{"type":"branch","line":13,"loc":{"start":{"line":13,"column":21},"end":{"line":13,"column":73}},"locations":[{"start":{"line":13,"column":21},"end":{"line":13,"column":73}}]},"6":{"type":"branch","line":15,"loc":{"start":{"line":15,"column":19},"end":{"line":15,"column":61}},"locations":[{"start":{"line":15,"column":19},"end":{"line":15,"column":61}}]},"7":{"type":"branch","line":17,"loc":{"start":{"line":17,"column":20},"end":{"line":17,"column":83}},"locations":[{"start":{"line":17,"column":20},"end":{"line":17,"column":83}}]},"8":{"type":"branch","line":19,"loc":{"start":{"line":19,"column":20},"end":{"line":22,"column":2}},"locations":[{"start":{"line":19,"column":20},"end":{"line":22,"column":2}}]},"9":{"type":"branch","line":20,"loc":{"start":{"line":20,"column":17},"end":{"line":20,"column":24}},"locations":[{"start":{"line":20,"column":17},"end":{"line":20,"column":24}}]},"10":{"type":"branch","line":25,"loc":{"start":{"line":25,"column":20},"end":{"line":25,"column":61}},"locations":[{"start":{"line":25,"column":20},"end":{"line":25,"column":61}}]},"11":{"type":"branch","line":27,"loc":{"start":{"line":27,"column":25},"end":{"line":27,"column":89}},"locations":[{"start":{"line":27,"column":25},"end":{"line":27,"column":89}}]},"12":{"type":"branch","line":29,"loc":{"start":{"line":29,"column":22},"end":{"line":32,"column":3}},"locations":[{"start":{"line":29,"column":22},"end":{"line":32,"column":3}}]},"13":{"type":"branch","line":34,"loc":{"start":{"line":34,"column":20},"end":{"line":37,"column":3}},"locations":[{"start":{"line":34,"column":20},"end":{"line":37,"column":3}}]},"14":{"type":"branch","line":40,"loc":{"start":{"line":40,"column":23},"end":{"line":40,"column":83}},"locations":[{"start":{"line":40,"column":23},"end":{"line":40,"column":83}}]}},"b":{"0":[488],"1":[120234],"2":[454424],"3":[137449],"4":[185769],"5":[377801],"6":[40682],"7":[123695],"8":[36003],"9":[0],"10":[25930],"11":[1798],"12":[14576],"13":[1339],"14":[1652]},"fnMap":{"0":{"name":"vec","decl":{"start":{"line":3,"column":19},"end":{"line":3,"column":62}},"loc":{"start":{"line":3,"column":19},"end":{"line":3,"column":62}},"line":3},"1":{"name":"add","decl":{"start":{"line":5,"column":19},"end":{"line":5,"column":80}},"loc":{"start":{"line":5,"column":19},"end":{"line":5,"column":80}},"line":5},"2":{"name":"sub","decl":{"start":{"line":7,"column":19},"end":{"line":7,"column":80}},"loc":{"start":{"line":7,"column":19},"end":{"line":7,"column":80}},"line":7},"3":{"name":"scale","decl":{"start":{"line":9,"column":21},"end":{"line":9,"column":80}},"loc":{"start":{"line":9,"column":21},"end":{"line":9,"column":80}},"line":9},"4":{"name":"dot","decl":{"start":{"line":11,"column":19},"end":{"line":11,"column":71}},"loc":{"start":{"line":11,"column":19},"end":{"line":11,"column":71}},"line":11},"5":{"name":"cross","decl":{"start":{"line":13,"column":21},"end":{"line":13,"column":73}},"loc":{"start":{"line":13,"column":21},"end":{"line":13,"column":73}},"line":13},"6":{"name":"len","decl":{"start":{"line":15,"column":19},"end":{"line":15,"column":61}},"loc":{"start":{"line":15,"column":19},"end":{"line":15,"column":61}},"line":15},"7":{"name":"dist","decl":{"start":{"line":17,"column":20},"end":{"line":17,"column":83}},"loc":{"start":{"line":17,"column":20},"end":{"line":17,"column":83}},"line":17},"8":{"name":"norm","decl":{"start":{"line":19,"column":20},"end":{"line":22,"column":2}},"loc":{"start":{"line":19,"column":20},"end":{"line":22,"column":2}},"line":19},"9":{"name":"perp","decl":{"start":{"line":25,"column":20},"end":{"line":25,"column":61}},"loc":{"start":{"line":25,"column":20},"end":{"line":25,"column":61}},"line":25},"10":{"name":"fromAngle","decl":{"start":{"line":27,"column":25},"end":{"line":27,"column":89}},"loc":{"start":{"line":27,"column":25},"end":{"line":27,"column":89}},"line":27},"11":{"name":"rotate","decl":{"start":{"line":29,"column":22},"end":{"line":32,"column":3}},"loc":{"start":{"line":29,"column":22},"end":{"line":32,"column":3}},"line":29},"12":{"name":"lerp","decl":{"start":{"line":34,"column":20},"end":{"line":37,"column":3}},"loc":{"start":{"line":34,"column":20},"end":{"line":37,"column":3}},"line":34},"13":{"name":"reflect","decl":{"start":{"line":40,"column":23},"end":{"line":40,"column":83}},"loc":{"start":{"line":40,"column":23},"end":{"line":40,"column":83}},"line":40}},"f":{"0":488,"1":120234,"2":454424,"3":137449,"4":185769,"5":377801,"6":40682,"7":123695,"8":36003,"9":25930,"10":1798,"11":14576,"12":1339,"13":1652}}
}
