{"/Users/rayankarimcheca/Desktop/Dev/fun/layout/src/main.tsx": {"path":"/Users/rayankarimcheca/Desktop/Dev/fun/layout/src/main.tsx","all":true,"statementMap":{"0":{"start":{"line":1,"column":0},"end":{"line":1,"column":35}},"1":{"start":{"line":2,"column":0},"end":{"line":2,"column":46}},"2":{"start":{"line":3,"column":0},"end":{"line":3,"column":29}},"3":{"start":{"line":4,"column":0},"end":{"line":4,"column":39}},"5":{"start":{"line":6,"column":0},"end":{"line":6,"column":52}},"6":{"start":{"line":7,"column":0},"end":{"line":7,"column":14}},"7":{"start":{"line":8,"column":0},"end":{"line":8,"column":11}},"8":{"start":{"line":9,"column":0},"end":{"line":9,"column":16}},"9":{"start":{"line":10,"column":0},"end":{"line":10,"column":2}}},"s":{"0":0,"1":0,"2":0,"3":0,"5":0,"6":0,"7":0,"8":0,"9":0},"branchMap":{"0":{"type":"branch","line":1,"loc":{"start":{"line":1,"column":226},"end":{"line":10,"column":-169}},"locations":[{"start":{"line":1,"column":226},"end":{"line":10,"column":-169}}]}},"b":{"0":[0]},"fnMap":{"0":{"name":"(empty-report)","decl":{"start":{"line":1,"column":226},"end":{"line":10,"column":-169}},"loc":{"start":{"line":1,"column":226},"end":{"line":10,"column":-169}},"line":1}},"f":{"0":0}}
,"/Users/rayankarimcheca/Desktop/Dev/fun/layout/src/components/app/App.tsx": {"path":"/Users/rayankarimcheca/Desktop/Dev/fun/layout/src/components/app/App.tsx","all":true,"statementMap":{"0":{"start":{"line":1,"column":0},"end":{"line":1,"column":74}},"13":{"start":{"line":14,"column":0},"end":{"line":14,"column":51}},"14":{"start":{"line":15,"column":0},"end":{"line":15,"column":51}},"15":{"start":{"line":16,"column":0},"end":{"line":16,"column":51}},"16":{"start":{"line":17,"column":0},"end":{"line":17,"column":95}},"17":{"start":{"line":18,"column":0},"end":{"line":18,"column":58}},"18":{"start":{"line":19,"column":0},"end":{"line":19,"column":112}},"19":{"start":{"line":20,"column":0},"end":{"line":20,"column":62}},"20":{"start":{"line":21,"column":0},"end":{"line":21,"column":8}},"35":{"start":{"line":36,"column":0},"end":{"line":36,"column":8}},"43":{"start":{"line":44,"column":0},"end":{"line":44,"column":44}},"45":{"start":{"line":46,"column":0},"end":{"line":46,"column":40}},"46":{"start":{"line":47,"column":0},"end":{"line":47,"column":67}},"47":{"start":{"line":48,"column":0},"end":{"line":48,"column":46}},"48":{"start":{"line":49,"column":0},"end":{"line":49,"column":58}},"49":{"start":{"line":50,"column":0},"end":{"line":50,"column":50}},"50":{"start":{"line":51,"column":0},"end":{"line":51,"column":50}},"51":{"start":{"line":52,"column":0},"end":{"line":52,"column":54}},"52":{"start":{"line":53,"column":0},"end":{"line":53,"column":50}},"53":{"start":{"line":54,"column":0},"end":{"line":54,"column":42}},"54":{"start":{"line":55,"column":0},"end":{"line":55,"column":54}},"55":{"start":{"line":56,"column":0},"end":{"line":56,"column":52}},"56":{"start":{"line":57,"column":0},"end":{"line":57,"column":50}},"57":{"start":{"line":58,"column":0},"end":{"line":58,"column":53}},"58":{"start":{"line":59,"column":0},"end":{"line":59,"column":88}},"59":{"start":{"line":60,"column":0},"end":{"line":60,"column":30}},"60":{"start":{"line":61,"column":0},"end":{"line":61,"column":52}},"61":{"start":{"line":62,"column":0},"end":{"line":62,"column":19}},"64":{"start":{"line":65,"column":0},"end":{"line":65,"column":22}},"66":{"start":{"line":67,"column":0},"end":{"line":67,"column":45}},"67":{"start":{"line":68,"column":0},"end":{"line":68,"column":99}},"68":{"start":{"line":69,"column":0},"end":{"line":69,"column":109}},"69":{"start":{"line":70,"column":0},"end":{"line":70,"column":53}},"70":{"start":{"line":71,"column":0},"end":{"line":71,"column":56}},"71":{"start":{"line":72,"column":0},"end":{"line":72,"column":56}},"72":{"start":{"line":73,"column":0},"end":{"line":73,"column":90}},"73":{"start":{"line":74,"column":0},"end":{"line":74,"column":90}},"74":{"start":{"line":75,"column":0},"end":{"line":75,"column":78}},"75":{"start":{"line":76,"column":0},"end":{"line":76,"column":72}},"76":{"start":{"line":77,"column":0},"end":{"line":77,"column":2}},"78":{"start":{"line":79,"column":0},"end":{"line":79,"column":48}},"79":{"start":{"line":80,"column":0},"end":{"line":80,"column":53}},"80":{"start":{"line":81,"column":0},"end":{"line":81,"column":16}},"81":{"start":{"line":82,"column":0},"end":{"line":82,"column":16}},"82":{"start":{"line":83,"column":0},"end":{"line":83,"column":18}},"83":{"start":{"line":84,"column":0},"end":{"line":84,"column":20}},"84":{"start":{"line":85,"column":0},"end":{"line":85,"column":19}},"85":{"start":{"line":86,"column":0},"end":{"line":86,"column":21}},"86":{"start":{"line":87,"column":0},"end":{"line":87,"column":2}},"88":{"start":{"line":89,"column":0},"end":{"line":89,"column":42}},"89":{"start":{"line":90,"column":0},"end":{"line":90,"column":64}},"90":{"start":{"line":91,"column":0},"end":{"line":91,"column":32}},"91":{"start":{"line":92,"column":0},"end":{"line":92,"column":50}},"92":{"start":{"line":93,"column":0},"end":{"line":93,"column":19}},"93":{"start":{"line":94,"column":0},"end":{"line":94,"column":1}},"115":{"start":{"line":116,"column":0},"end":{"line":116,"column":65}},"116":{"start":{"line":117,"column":0},"end":{"line":117,"column":64}},"117":{"start":{"line":118,"column":0},"end":{"line":118,"column":62}},"118":{"start":{"line":119,"column":0},"end":{"line":119,"column":55}},"119":{"start":{"line":120,"column":0},"end":{"line":120,"column":48}},"120":{"start":{"line":121,"column":0},"end":{"line":121,"column":18}},"121":{"start":{"line":122,"column":0},"end":{"line":122,"column":98}},"122":{"start":{"line":123,"column":0},"end":{"line":123,"column":56}},"123":{"start":{"line":124,"column":0},"end":{"line":124,"column":5}},"124":{"start":{"line":125,"column":0},"end":{"line":125,"column":104}},"125":{"start":{"line":126,"column":0},"end":{"line":126,"column":72}},"126":{"start":{"line":127,"column":0},"end":{"line":127,"column":50}},"127":{"start":{"line":128,"column":0},"end":{"line":128,"column":58}},"128":{"start":{"line":129,"column":0},"end":{"line":129,"column":58}},"129":{"start":{"line":130,"column":0},"end":{"line":130,"column":66}},"130":{"start":{"line":131,"column":0},"end":{"line":131,"column":56}},"131":{"start":{"line":132,"column":0},"end":{"line":132,"column":89}},"132":{"start":{"line":133,"column":0},"end":{"line":133,"column":58}},"133":{"start":{"line":134,"column":0},"end":{"line":134,"column":61}},"134":{"start":{"line":135,"column":0},"end":{"line":135,"column":79}},"135":{"start":{"line":136,"column":0},"end":{"line":136,"column":56}},"136":{"start":{"line":137,"column":0},"end":{"line":137,"column":52}},"137":{"start":{"line":138,"column":0},"end":{"line":138,"column":49}},"138":{"start":{"line":139,"column":0},"end":{"line":139,"column":54}},"139":{"start":{"line":140,"column":0},"end":{"line":140,"column":31}},"142":{"start":{"line":143,"column":0},"end":{"line":143,"column":101}},"143":{"start":{"line":144,"column":0},"end":{"line":144,"column":41}},"145":{"start":{"line":146,"column":0},"end":{"line":146,"column":35}},"146":{"start":{"line":147,"column":0},"end":{"line":147,"column":39}},"147":{"start":{"line":148,"column":0},"end":{"line":148,"column":13}},"148":{"start":{"line":149,"column":0},"end":{"line":149,"column":48}},"149":{"start":{"line":150,"column":0},"end":{"line":150,"column":36}},"150":{"start":{"line":151,"column":0},"end":{"line":151,"column":5}},"151":{"start":{"line":152,"column":0},"end":{"line":152,"column":13}},"152":{"start":{"line":153,"column":0},"end":{"line":153,"column":4}},"154":{"start":{"line":155,"column":0},"end":{"line":155,"column":32}},"155":{"start":{"line":156,"column":0},"end":{"line":156,"column":77}},"156":{"start":{"line":157,"column":0},"end":{"line":157,"column":63}},"157":{"start":{"line":158,"column":0},"end":{"line":158,"column":6}},"158":{"start":{"line":159,"column":0},"end":{"line":159,"column":7}},"159":{"start":{"line":160,"column":0},"end":{"line":160,"column":4}},"160":{"start":{"line":161,"column":0},"end":{"line":161,"column":61}},"162":{"start":{"line":163,"column":0},"end":{"line":163,"column":88}},"163":{"start":{"line":164,"column":0},"end":{"line":164,"column":29}},"164":{"start":{"line":165,"column":0},"end":{"line":165,"column":35}},"165":{"start":{"line":166,"column":0},"end":{"line":166,"column":64}},"167":{"start":{"line":168,"column":0},"end":{"line":168,"column":73}},"168":{"start":{"line":169,"column":0},"end":{"line":169,"column":23}},"169":{"start":{"line":170,"column":0},"end":{"line":170,"column":12}},"170":{"start":{"line":171,"column":0},"end":{"line":171,"column":38}},"171":{"start":{"line":172,"column":0},"end":{"line":172,"column":43}},"172":{"start":{"line":173,"column":0},"end":{"line":173,"column":32}},"173":{"start":{"line":174,"column":0},"end":{"line":174,"column":31}},"175":{"start":{"line":176,"column":0},"end":{"line":176,"column":78}},"176":{"start":{"line":177,"column":0},"end":{"line":177,"column":31}},"177":{"start":{"line":178,"column":0},"end":{"line":178,"column":27}},"178":{"start":{"line":179,"column":0},"end":{"line":179,"column":50}},"179":{"start":{"line":180,"column":0},"end":{"line":180,"column":9}},"180":{"start":{"line":181,"column":0},"end":{"line":181,"column":28}},"181":{"start":{"line":182,"column":0},"end":{"line":182,"column":98}},"182":{"start":{"line":183,"column":0},"end":{"line":183,"column":9}},"183":{"start":{"line":184,"column":0},"end":{"line":184,"column":8}},"184":{"start":{"line":185,"column":0},"end":{"line":185,"column":9}},"186":{"start":{"line":187,"column":0},"end":{"line":187,"column":39}},"187":{"start":{"line":188,"column":0},"end":{"line":188,"column":22}},"188":{"start":{"line":189,"column":0},"end":{"line":189,"column":37}},"189":{"start":{"line":190,"column":0},"end":{"line":190,"column":32}},"190":{"start":{"line":191,"column":0},"end":{"line":191,"column":27}},"191":{"start":{"line":192,"column":0},"end":{"line":192,"column":14}},"192":{"start":{"line":193,"column":0},"end":{"line":193,"column":14}},"193":{"start":{"line":194,"column":0},"end":{"line":194,"column":40}},"194":{"start":{"line":195,"column":0},"end":{"line":195,"column":45}},"195":{"start":{"line":196,"column":0},"end":{"line":196,"column":33}},"196":{"start":{"line":197,"column":0},"end":{"line":197,"column":62}},"197":{"start":{"line":198,"column":0},"end":{"line":198,"column":11}},"198":{"start":{"line":199,"column":0},"end":{"line":199,"column":8}},"199":{"start":{"line":200,"column":0},"end":{"line":200,"column":7}},"200":{"start":{"line":201,"column":0},"end":{"line":201,"column":23}},"201":{"start":{"line":202,"column":0},"end":{"line":202,"column":33}},"202":{"start":{"line":203,"column":0},"end":{"line":203,"column":9}},"204":{"start":{"line":205,"column":0},"end":{"line":205,"column":39}},"205":{"start":{"line":206,"column":0},"end":{"line":206,"column":22}},"206":{"start":{"line":207,"column":0},"end":{"line":207,"column":37}},"207":{"start":{"line":208,"column":0},"end":{"line":208,"column":34}},"208":{"start":{"line":209,"column":0},"end":{"line":209,"column":27}},"209":{"start":{"line":210,"column":0},"end":{"line":210,"column":14}},"210":{"start":{"line":211,"column":0},"end":{"line":211,"column":14}},"211":{"start":{"line":212,"column":0},"end":{"line":212,"column":40}},"212":{"start":{"line":213,"column":0},"end":{"line":213,"column":45}},"213":{"start":{"line":214,"column":0},"end":{"line":214,"column":31}},"214":{"start":{"line":215,"column":0},"end":{"line":215,"column":25}},"215":{"start":{"line":216,"column":0},"end":{"line":216,"column":62}},"216":{"start":{"line":217,"column":0},"end":{"line":217,"column":11}},"217":{"start":{"line":218,"column":0},"end":{"line":218,"column":8}},"218":{"start":{"line":219,"column":0},"end":{"line":219,"column":7}},"219":{"start":{"line":220,"column":0},"end":{"line":220,"column":23}},"220":{"start":{"line":221,"column":0},"end":{"line":221,"column":33}},"221":{"start":{"line":222,"column":0},"end":{"line":222,"column":9}},"223":{"start":{"line":224,"column":0},"end":{"line":224,"column":58}},"224":{"start":{"line":225,"column":0},"end":{"line":225,"column":23}},"225":{"start":{"line":226,"column":0},"end":{"line":226,"column":12}},"227":{"start":{"line":228,"column":0},"end":{"line":228,"column":36}},"228":{"start":{"line":229,"column":0},"end":{"line":229,"column":83}},"229":{"start":{"line":230,"column":0},"end":{"line":230,"column":8}},"230":{"start":{"line":231,"column":0},"end":{"line":231,"column":8}},"231":{"start":{"line":232,"column":0},"end":{"line":232,"column":9}},"237":{"start":{"line":238,"column":0},"end":{"line":238,"column":49}},"238":{"start":{"line":239,"column":0},"end":{"line":239,"column":27}},"239":{"start":{"line":240,"column":0},"end":{"line":240,"column":22}},"240":{"start":{"line":241,"column":0},"end":{"line":241,"column":26}},"241":{"start":{"line":242,"column":0},"end":{"line":242,"column":31}},"242":{"start":{"line":243,"column":0},"end":{"line":243,"column":26}},"243":{"start":{"line":244,"column":0},"end":{"line":244,"column":9}},"245":{"start":{"line":246,"column":0},"end":{"line":246,"column":32}},"246":{"start":{"line":247,"column":0},"end":{"line":247,"column":43}},"247":{"start":{"line":248,"column":0},"end":{"line":248,"column":17}},"248":{"start":{"line":249,"column":0},"end":{"line":249,"column":58}},"249":{"start":{"line":250,"column":0},"end":{"line":250,"column":73}},"250":{"start":{"line":251,"column":0},"end":{"line":251,"column":64}},"251":{"start":{"line":252,"column":0},"end":{"line":252,"column":28}},"252":{"start":{"line":253,"column":0},"end":{"line":253,"column":6}},"254":{"start":{"line":255,"column":0},"end":{"line":255,"column":33}},"255":{"start":{"line":256,"column":0},"end":{"line":256,"column":4}},"257":{"start":{"line":258,"column":0},"end":{"line":258,"column":32}},"258":{"start":{"line":259,"column":0},"end":{"line":259,"column":22}},"259":{"start":{"line":260,"column":0},"end":{"line":260,"column":17}},"260":{"start":{"line":261,"column":0},"end":{"line":261,"column":34}},"261":{"start":{"line":262,"column":0},"end":{"line":262,"column":36}},"262":{"start":{"line":263,"column":0},"end":{"line":263,"column":23}},"263":{"start":{"line":264,"column":0},"end":{"line":264,"column":64}},"264":{"start":{"line":265,"column":0},"end":{"line":265,"column":7}},"265":{"start":{"line":266,"column":0},"end":{"line":266,"column":6}},"266":{"start":{"line":267,"column":0},"end":{"line":267,"column":11}},"267":{"start":{"line":268,"column":0},"end":{"line":268,"column":4}},"269":{"start":{"line":270,"column":0},"end":{"line":270,"column":49}},"270":{"start":{"line":271,"column":0},"end":{"line":271,"column":25}},"271":{"start":{"line":272,"column":0},"end":{"line":272,"column":25}},"272":{"start":{"line":273,"column":0},"end":{"line":273,"column":4}},"274":{"start":{"line":275,"column":0},"end":{"line":275,"column":88}},"275":{"start":{"line":276,"column":0},"end":{"line":276,"column":24}},"276":{"start":{"line":277,"column":0},"end":{"line":277,"column":58}},"277":{"start":{"line":278,"column":0},"end":{"line":278,"column":42}},"278":{"start":{"line":279,"column":0},"end":{"line":279,"column":4}},"279":{"start":{"line":280,"column":0},"end":{"line":280,"column":24}},"280":{"start":{"line":281,"column":0},"end":{"line":281,"column":56}},"281":{"start":{"line":282,"column":0},"end":{"line":282,"column":38}},"282":{"start":{"line":283,"column":0},"end":{"line":283,"column":4}},"283":{"start":{"line":284,"column":0},"end":{"line":284,"column":27}},"284":{"start":{"line":285,"column":0},"end":{"line":285,"column":9}},"285":{"start":{"line":286,"column":0},"end":{"line":286,"column":56}},"286":{"start":{"line":287,"column":0},"end":{"line":287,"column":63}},"287":{"start":{"line":288,"column":0},"end":{"line":288,"column":15}},"288":{"start":{"line":289,"column":0},"end":{"line":289,"column":64}},"289":{"start":{"line":290,"column":0},"end":{"line":290,"column":4}},"291":{"start":{"line":292,"column":0},"end":{"line":292,"column":43}},"292":{"start":{"line":293,"column":0},"end":{"line":293,"column":70}},"293":{"start":{"line":294,"column":0},"end":{"line":294,"column":58}},"294":{"start":{"line":295,"column":0},"end":{"line":295,"column":37}},"295":{"start":{"line":296,"column":0},"end":{"line":296,"column":47}},"296":{"start":{"line":297,"column":0},"end":{"line":297,"column":4}},"301":{"start":{"line":302,"column":0},"end":{"line":302,"column":30}},"302":{"start":{"line":303,"column":0},"end":{"line":303,"column":71}},"303":{"start":{"line":304,"column":0},"end":{"line":304,"column":39}},"304":{"start":{"line":305,"column":0},"end":{"line":305,"column":13}},"305":{"start":{"line":306,"column":0},"end":{"line":306,"column":79}},"306":{"start":{"line":307,"column":0},"end":{"line":307,"column":9}},"307":{"start":{"line":308,"column":0},"end":{"line":308,"column":6}},"308":{"start":{"line":309,"column":0},"end":{"line":309,"column":4}},"309":{"start":{"line":310,"column":0},"end":{"line":310,"column":38}},"312":{"start":{"line":313,"column":0},"end":{"line":313,"column":33}},"313":{"start":{"line":314,"column":0},"end":{"line":314,"column":27}},"316":{"start":{"line":317,"column":0},"end":{"line":317,"column":38}},"317":{"start":{"line":318,"column":0},"end":{"line":318,"column":33}},"320":{"start":{"line":321,"column":0},"end":{"line":321,"column":39}},"321":{"start":{"line":322,"column":0},"end":{"line":322,"column":55}},"322":{"start":{"line":323,"column":0},"end":{"line":323,"column":91}},"323":{"start":{"line":324,"column":0},"end":{"line":324,"column":42}},"324":{"start":{"line":325,"column":0},"end":{"line":325,"column":42}},"325":{"start":{"line":326,"column":0},"end":{"line":326,"column":17}},"326":{"start":{"line":327,"column":0},"end":{"line":327,"column":86}},"327":{"start":{"line":328,"column":0},"end":{"line":328,"column":14}},"328":{"start":{"line":329,"column":0},"end":{"line":329,"column":29}},"329":{"start":{"line":330,"column":0},"end":{"line":330,"column":9}},"331":{"start":{"line":332,"column":0},"end":{"line":332,"column":37}},"332":{"start":{"line":333,"column":0},"end":{"line":333,"column":26}},"333":{"start":{"line":334,"column":0},"end":{"line":334,"column":40}},"334":{"start":{"line":335,"column":0},"end":{"line":335,"column":35}},"335":{"start":{"line":336,"column":0},"end":{"line":336,"column":91}},"336":{"start":{"line":337,"column":0},"end":{"line":337,"column":6}},"337":{"start":{"line":338,"column":0},"end":{"line":338,"column":27}},"338":{"start":{"line":339,"column":0},"end":{"line":339,"column":4}},"343":{"start":{"line":344,"column":0},"end":{"line":344,"column":46}},"344":{"start":{"line":345,"column":0},"end":{"line":345,"column":32}},"345":{"start":{"line":346,"column":0},"end":{"line":346,"column":11}},"346":{"start":{"line":347,"column":0},"end":{"line":347,"column":76}},"347":{"start":{"line":348,"column":0},"end":{"line":348,"column":38}},"348":{"start":{"line":349,"column":0},"end":{"line":349,"column":15}},"349":{"start":{"line":350,"column":0},"end":{"line":350,"column":23}},"350":{"start":{"line":351,"column":0},"end":{"line":351,"column":104}},"351":{"start":{"line":352,"column":0},"end":{"line":352,"column":10}},"352":{"start":{"line":353,"column":0},"end":{"line":353,"column":7}},"353":{"start":{"line":354,"column":0},"end":{"line":354,"column":13}},"354":{"start":{"line":355,"column":0},"end":{"line":355,"column":5}},"355":{"start":{"line":356,"column":0},"end":{"line":356,"column":32}},"356":{"start":{"line":357,"column":0},"end":{"line":357,"column":88}},"357":{"start":{"line":358,"column":0},"end":{"line":358,"column":13}},"358":{"start":{"line":359,"column":0},"end":{"line":359,"column":5}},"359":{"start":{"line":360,"column":0},"end":{"line":360,"column":33}},"360":{"start":{"line":361,"column":0},"end":{"line":361,"column":9}},"361":{"start":{"line":362,"column":0},"end":{"line":362,"column":34}},"362":{"start":{"line":363,"column":0},"end":{"line":363,"column":40}},"363":{"start":{"line":364,"column":0},"end":{"line":364,"column":28}},"364":{"start":{"line":365,"column":0},"end":{"line":365,"column":35}},"365":{"start":{"line":366,"column":0},"end":{"line":366,"column":36}},"366":{"start":{"line":367,"column":0},"end":{"line":367,"column":50}},"367":{"start":{"line":368,"column":0},"end":{"line":368,"column":54}},"368":{"start":{"line":369,"column":0},"end":{"line":369,"column":15}},"369":{"start":{"line":370,"column":0},"end":{"line":370,"column":67}},"370":{"start":{"line":371,"column":0},"end":{"line":371,"column":73}},"371":{"start":{"line":372,"column":0},"end":{"line":372,"column":19}},"372":{"start":{"line":373,"column":0},"end":{"line":373,"column":75}},"373":{"start":{"line":374,"column":0},"end":{"line":374,"column":11}},"374":{"start":{"line":375,"column":0},"end":{"line":375,"column":9}},"375":{"start":{"line":376,"column":0},"end":{"line":376,"column":7}},"376":{"start":{"line":377,"column":0},"end":{"line":377,"column":56}},"377":{"start":{"line":378,"column":0},"end":{"line":378,"column":42}},"378":{"start":{"line":379,"column":0},"end":{"line":379,"column":28}},"379":{"start":{"line":380,"column":0},"end":{"line":380,"column":15}},"380":{"start":{"line":381,"column":0},"end":{"line":381,"column":35}},"381":{"start":{"line":382,"column":0},"end":{"line":382,"column":28}},"382":{"start":{"line":383,"column":0},"end":{"line":383,"column":19}},"383":{"start":{"line":384,"column":0},"end":{"line":384,"column":29}},"384":{"start":{"line":385,"column":0},"end":{"line":385,"column":11}},"385":{"start":{"line":386,"column":0},"end":{"line":386,"column":9}},"386":{"start":{"line":387,"column":0},"end":{"line":387,"column":7}},"387":{"start":{"line":388,"column":0},"end":{"line":388,"column":11}},"388":{"start":{"line":389,"column":0},"end":{"line":389,"column":36}},"389":{"start":{"line":390,"column":0},"end":{"line":390,"column":15}},"390":{"start":{"line":391,"column":0},"end":{"line":391,"column":25}},"391":{"start":{"line":392,"column":0},"end":{"line":392,"column":7}},"392":{"start":{"line":393,"column":0},"end":{"line":393,"column":22}},"393":{"start":{"line":394,"column":0},"end":{"line":394,"column":109}},"394":{"start":{"line":395,"column":0},"end":{"line":395,"column":14}},"395":{"start":{"line":396,"column":0},"end":{"line":396,"column":95}},"396":{"start":{"line":397,"column":0},"end":{"line":397,"column":7}},"397":{"start":{"line":398,"column":0},"end":{"line":398,"column":15}},"398":{"start":{"line":399,"column":0},"end":{"line":399,"column":36}},"399":{"start":{"line":400,"column":0},"end":{"line":400,"column":29}},"400":{"start":{"line":401,"column":0},"end":{"line":401,"column":33}},"401":{"start":{"line":402,"column":0},"end":{"line":402,"column":26}},"402":{"start":{"line":403,"column":0},"end":{"line":403,"column":7}},"403":{"start":{"line":404,"column":0},"end":{"line":404,"column":5}},"404":{"start":{"line":405,"column":0},"end":{"line":405,"column":36}},"407":{"start":{"line":408,"column":0},"end":{"line":408,"column":19}},"408":{"start":{"line":409,"column":0},"end":{"line":409,"column":55}},"409":{"start":{"line":410,"column":0},"end":{"line":410,"column":33}},"410":{"start":{"line":411,"column":0},"end":{"line":411,"column":26}},"414":{"start":{"line":415,"column":0},"end":{"line":415,"column":19}},"415":{"start":{"line":416,"column":0},"end":{"line":416,"column":42}},"416":{"start":{"line":417,"column":0},"end":{"line":417,"column":25}},"417":{"start":{"line":418,"column":0},"end":{"line":418,"column":57}},"418":{"start":{"line":419,"column":0},"end":{"line":419,"column":6}},"419":{"start":{"line":420,"column":0},"end":{"line":420,"column":47}},"420":{"start":{"line":421,"column":0},"end":{"line":421,"column":57}},"421":{"start":{"line":422,"column":0},"end":{"line":422,"column":18}},"422":{"start":{"line":423,"column":0},"end":{"line":423,"column":52}},"423":{"start":{"line":424,"column":0},"end":{"line":424,"column":62}},"424":{"start":{"line":425,"column":0},"end":{"line":425,"column":6}},"425":{"start":{"line":426,"column":0},"end":{"line":426,"column":19}},"429":{"start":{"line":430,"column":0},"end":{"line":430,"column":69}},"430":{"start":{"line":431,"column":0},"end":{"line":431,"column":22}},"431":{"start":{"line":432,"column":0},"end":{"line":432,"column":11}},"432":{"start":{"line":433,"column":0},"end":{"line":433,"column":37}},"433":{"start":{"line":434,"column":0},"end":{"line":434,"column":66}},"434":{"start":{"line":435,"column":0},"end":{"line":435,"column":97}},"435":{"start":{"line":436,"column":0},"end":{"line":436,"column":45}},"436":{"start":{"line":437,"column":0},"end":{"line":437,"column":9}},"437":{"start":{"line":438,"column":0},"end":{"line":438,"column":17}},"438":{"start":{"line":439,"column":0},"end":{"line":439,"column":9}},"439":{"start":{"line":440,"column":0},"end":{"line":440,"column":8}},"440":{"start":{"line":441,"column":0},"end":{"line":441,"column":4}},"442":{"start":{"line":443,"column":0},"end":{"line":443,"column":40}},"443":{"start":{"line":444,"column":0},"end":{"line":444,"column":55}},"444":{"start":{"line":445,"column":0},"end":{"line":445,"column":14}},"445":{"start":{"line":446,"column":0},"end":{"line":446,"column":76}},"446":{"start":{"line":447,"column":0},"end":{"line":447,"column":84}},"447":{"start":{"line":448,"column":0},"end":{"line":448,"column":50}},"448":{"start":{"line":449,"column":0},"end":{"line":449,"column":9}},"449":{"start":{"line":450,"column":0},"end":{"line":450,"column":5}},"450":{"start":{"line":451,"column":0},"end":{"line":451,"column":79}},"451":{"start":{"line":452,"column":0},"end":{"line":452,"column":23}},"452":{"start":{"line":453,"column":0},"end":{"line":453,"column":4}},"454":{"start":{"line":455,"column":0},"end":{"line":455,"column":69}},"455":{"start":{"line":456,"column":0},"end":{"line":456,"column":22}},"456":{"start":{"line":457,"column":0},"end":{"line":457,"column":11}},"457":{"start":{"line":458,"column":0},"end":{"line":458,"column":82}},"458":{"start":{"line":459,"column":0},"end":{"line":459,"column":8}},"459":{"start":{"line":460,"column":0},"end":{"line":460,"column":4}},"461":{"start":{"line":462,"column":0},"end":{"line":462,"column":41}},"462":{"start":{"line":463,"column":0},"end":{"line":463,"column":60}},"463":{"start":{"line":464,"column":0},"end":{"line":464,"column":18}},"464":{"start":{"line":465,"column":0},"end":{"line":465,"column":32}},"465":{"start":{"line":466,"column":0},"end":{"line":466,"column":24}},"466":{"start":{"line":467,"column":0},"end":{"line":467,"column":28}},"467":{"start":{"line":468,"column":0},"end":{"line":468,"column":16}},"468":{"start":{"line":469,"column":0},"end":{"line":469,"column":68}},"469":{"start":{"line":470,"column":0},"end":{"line":470,"column":8}},"470":{"start":{"line":471,"column":0},"end":{"line":471,"column":99}},"471":{"start":{"line":472,"column":0},"end":{"line":472,"column":5}},"472":{"start":{"line":473,"column":0},"end":{"line":473,"column":22}},"473":{"start":{"line":474,"column":0},"end":{"line":474,"column":11}},"474":{"start":{"line":475,"column":0},"end":{"line":475,"column":56}},"475":{"start":{"line":476,"column":0},"end":{"line":476,"column":62}},"476":{"start":{"line":477,"column":0},"end":{"line":477,"column":8}},"477":{"start":{"line":478,"column":0},"end":{"line":478,"column":23}},"478":{"start":{"line":479,"column":0},"end":{"line":479,"column":4}},"480":{"start":{"line":481,"column":0},"end":{"line":481,"column":71}},"481":{"start":{"line":482,"column":0},"end":{"line":482,"column":21}},"482":{"start":{"line":483,"column":0},"end":{"line":483,"column":35}},"483":{"start":{"line":484,"column":0},"end":{"line":484,"column":79}},"484":{"start":{"line":485,"column":0},"end":{"line":485,"column":8}},"485":{"start":{"line":486,"column":0},"end":{"line":486,"column":49}},"486":{"start":{"line":487,"column":0},"end":{"line":487,"column":29}},"487":{"start":{"line":488,"column":0},"end":{"line":488,"column":7}},"488":{"start":{"line":489,"column":0},"end":{"line":489,"column":4}},"490":{"start":{"line":491,"column":0},"end":{"line":491,"column":65}},"491":{"start":{"line":492,"column":0},"end":{"line":492,"column":71}},"492":{"start":{"line":493,"column":0},"end":{"line":493,"column":4}},"495":{"start":{"line":496,"column":0},"end":{"line":496,"column":48}},"496":{"start":{"line":497,"column":0},"end":{"line":497,"column":21}},"497":{"start":{"line":498,"column":0},"end":{"line":498,"column":54}},"498":{"start":{"line":499,"column":0},"end":{"line":499,"column":50}},"499":{"start":{"line":500,"column":0},"end":{"line":500,"column":52}},"500":{"start":{"line":501,"column":0},"end":{"line":501,"column":74}},"501":{"start":{"line":502,"column":0},"end":{"line":502,"column":14}},"502":{"start":{"line":503,"column":0},"end":{"line":503,"column":13}},"503":{"start":{"line":504,"column":0},"end":{"line":504,"column":81}},"504":{"start":{"line":505,"column":0},"end":{"line":505,"column":8}},"505":{"start":{"line":506,"column":0},"end":{"line":506,"column":7}},"506":{"start":{"line":507,"column":0},"end":{"line":507,"column":4}},"508":{"start":{"line":509,"column":0},"end":{"line":509,"column":43}},"509":{"start":{"line":510,"column":0},"end":{"line":510,"column":68}},"510":{"start":{"line":511,"column":0},"end":{"line":511,"column":24}},"511":{"start":{"line":512,"column":0},"end":{"line":512,"column":21}},"512":{"start":{"line":513,"column":0},"end":{"line":513,"column":31}},"513":{"start":{"line":514,"column":0},"end":{"line":514,"column":86}},"514":{"start":{"line":515,"column":0},"end":{"line":515,"column":30}},"515":{"start":{"line":516,"column":0},"end":{"line":516,"column":32}},"516":{"start":{"line":517,"column":0},"end":{"line":517,"column":13}},"517":{"start":{"line":518,"column":0},"end":{"line":518,"column":37}},"518":{"start":{"line":519,"column":0},"end":{"line":519,"column":29}},"519":{"start":{"line":520,"column":0},"end":{"line":520,"column":21}},"520":{"start":{"line":521,"column":0},"end":{"line":521,"column":30}},"521":{"start":{"line":522,"column":0},"end":{"line":522,"column":44}},"522":{"start":{"line":523,"column":0},"end":{"line":523,"column":34}},"523":{"start":{"line":524,"column":0},"end":{"line":524,"column":36}},"524":{"start":{"line":525,"column":0},"end":{"line":525,"column":13}},"525":{"start":{"line":526,"column":0},"end":{"line":526,"column":13}},"526":{"start":{"line":527,"column":0},"end":{"line":527,"column":35}},"527":{"start":{"line":528,"column":0},"end":{"line":528,"column":27}},"528":{"start":{"line":529,"column":0},"end":{"line":529,"column":21}},"529":{"start":{"line":530,"column":0},"end":{"line":530,"column":26}},"530":{"start":{"line":531,"column":0},"end":{"line":531,"column":26}},"531":{"start":{"line":532,"column":0},"end":{"line":532,"column":26}},"532":{"start":{"line":533,"column":0},"end":{"line":533,"column":44}},"533":{"start":{"line":534,"column":0},"end":{"line":534,"column":34}},"534":{"start":{"line":535,"column":0},"end":{"line":535,"column":47}},"535":{"start":{"line":536,"column":0},"end":{"line":536,"column":36}},"536":{"start":{"line":537,"column":0},"end":{"line":537,"column":14}},"537":{"start":{"line":538,"column":0},"end":{"line":538,"column":21}},"538":{"start":{"line":539,"column":0},"end":{"line":539,"column":28}},"539":{"start":{"line":540,"column":0},"end":{"line":540,"column":115}},"540":{"start":{"line":541,"column":0},"end":{"line":541,"column":22}},"541":{"start":{"line":542,"column":0},"end":{"line":542,"column":72}},"542":{"start":{"line":543,"column":0},"end":{"line":543,"column":50}},"543":{"start":{"line":544,"column":0},"end":{"line":544,"column":7}},"544":{"start":{"line":545,"column":0},"end":{"line":545,"column":4}},"546":{"start":{"line":547,"column":0},"end":{"line":547,"column":40}},"547":{"start":{"line":548,"column":0},"end":{"line":548,"column":43}},"548":{"start":{"line":549,"column":0},"end":{"line":549,"column":25}},"549":{"start":{"line":550,"column":0},"end":{"line":550,"column":34}},"551":{"start":{"line":552,"column":0},"end":{"line":552,"column":36}},"552":{"start":{"line":553,"column":0},"end":{"line":553,"column":24}},"553":{"start":{"line":554,"column":0},"end":{"line":554,"column":74}},"555":{"start":{"line":556,"column":0},"end":{"line":556,"column":42}},"556":{"start":{"line":557,"column":0},"end":{"line":557,"column":16}},"557":{"start":{"line":558,"column":0},"end":{"line":558,"column":45}},"558":{"start":{"line":559,"column":0},"end":{"line":559,"column":41}},"559":{"start":{"line":560,"column":0},"end":{"line":560,"column":40}},"560":{"start":{"line":561,"column":0},"end":{"line":561,"column":10}},"561":{"start":{"line":562,"column":0},"end":{"line":562,"column":83}},"562":{"start":{"line":563,"column":0},"end":{"line":563,"column":56}},"563":{"start":{"line":564,"column":0},"end":{"line":564,"column":9}},"564":{"start":{"line":565,"column":0},"end":{"line":565,"column":38}},"565":{"start":{"line":566,"column":0},"end":{"line":566,"column":73}},"566":{"start":{"line":567,"column":0},"end":{"line":567,"column":13}},"567":{"start":{"line":568,"column":0},"end":{"line":568,"column":5}},"571":{"start":{"line":572,"column":0},"end":{"line":572,"column":22}},"572":{"start":{"line":573,"column":0},"end":{"line":573,"column":72}},"573":{"start":{"line":574,"column":0},"end":{"line":574,"column":14}},"574":{"start":{"line":575,"column":0},"end":{"line":575,"column":14}},"575":{"start":{"line":576,"column":0},"end":{"line":576,"column":40}},"576":{"start":{"line":577,"column":0},"end":{"line":577,"column":50}},"577":{"start":{"line":578,"column":0},"end":{"line":578,"column":23}},"578":{"start":{"line":579,"column":0},"end":{"line":579,"column":37}},"579":{"start":{"line":580,"column":0},"end":{"line":580,"column":74}},"580":{"start":{"line":581,"column":0},"end":{"line":581,"column":42}},"581":{"start":{"line":582,"column":0},"end":{"line":582,"column":19}},"582":{"start":{"line":583,"column":0},"end":{"line":583,"column":31}},"583":{"start":{"line":584,"column":0},"end":{"line":584,"column":69}},"584":{"start":{"line":585,"column":0},"end":{"line":585,"column":64}},"585":{"start":{"line":586,"column":0},"end":{"line":586,"column":19}},"586":{"start":{"line":587,"column":0},"end":{"line":587,"column":83}},"587":{"start":{"line":588,"column":0},"end":{"line":588,"column":56}},"588":{"start":{"line":589,"column":0},"end":{"line":589,"column":11}},"589":{"start":{"line":590,"column":0},"end":{"line":590,"column":8}},"590":{"start":{"line":591,"column":0},"end":{"line":591,"column":7}},"592":{"start":{"line":593,"column":0},"end":{"line":593,"column":18}},"594":{"start":{"line":595,"column":0},"end":{"line":595,"column":56}},"595":{"start":{"line":596,"column":0},"end":{"line":596,"column":42}},"596":{"start":{"line":597,"column":0},"end":{"line":597,"column":50}},"597":{"start":{"line":598,"column":0},"end":{"line":598,"column":4}},"600":{"start":{"line":601,"column":0},"end":{"line":601,"column":49}},"601":{"start":{"line":602,"column":0},"end":{"line":602,"column":54}},"602":{"start":{"line":603,"column":0},"end":{"line":603,"column":22}},"603":{"start":{"line":604,"column":0},"end":{"line":604,"column":26}},"604":{"start":{"line":605,"column":0},"end":{"line":605,"column":106}},"605":{"start":{"line":606,"column":0},"end":{"line":606,"column":13}},"606":{"start":{"line":607,"column":0},"end":{"line":607,"column":5}},"607":{"start":{"line":608,"column":0},"end":{"line":608,"column":47}},"608":{"start":{"line":609,"column":0},"end":{"line":609,"column":4}},"610":{"start":{"line":611,"column":0},"end":{"line":611,"column":64}},"611":{"start":{"line":612,"column":0},"end":{"line":612,"column":35}},"612":{"start":{"line":613,"column":0},"end":{"line":613,"column":19}},"613":{"start":{"line":614,"column":0},"end":{"line":614,"column":95}},"614":{"start":{"line":615,"column":0},"end":{"line":615,"column":6}},"615":{"start":{"line":616,"column":0},"end":{"line":616,"column":20}},"616":{"start":{"line":617,"column":0},"end":{"line":617,"column":36}},"617":{"start":{"line":618,"column":0},"end":{"line":618,"column":80}},"618":{"start":{"line":619,"column":0},"end":{"line":619,"column":4}},"620":{"start":{"line":621,"column":0},"end":{"line":621,"column":48}},"621":{"start":{"line":622,"column":0},"end":{"line":622,"column":57}},"622":{"start":{"line":623,"column":0},"end":{"line":623,"column":4}},"625":{"start":{"line":626,"column":0},"end":{"line":626,"column":44}},"626":{"start":{"line":627,"column":0},"end":{"line":627,"column":45}},"627":{"start":{"line":628,"column":0},"end":{"line":628,"column":28}},"628":{"start":{"line":629,"column":0},"end":{"line":629,"column":22}},"629":{"start":{"line":630,"column":0},"end":{"line":630,"column":11}},"630":{"start":{"line":631,"column":0},"end":{"line":631,"column":14}},"631":{"start":{"line":632,"column":0},"end":{"line":632,"column":27}},"632":{"start":{"line":633,"column":0},"end":{"line":633,"column":78}},"633":{"start":{"line":634,"column":0},"end":{"line":634,"column":8}},"634":{"start":{"line":635,"column":0},"end":{"line":635,"column":8}},"635":{"start":{"line":636,"column":0},"end":{"line":636,"column":20}},"636":{"start":{"line":637,"column":0},"end":{"line":637,"column":22}},"637":{"start":{"line":638,"column":0},"end":{"line":638,"column":84}},"638":{"start":{"line":639,"column":0},"end":{"line":639,"column":4}},"640":{"start":{"line":641,"column":0},"end":{"line":641,"column":38}},"641":{"start":{"line":642,"column":0},"end":{"line":642,"column":55}},"642":{"start":{"line":643,"column":0},"end":{"line":643,"column":83}},"643":{"start":{"line":644,"column":0},"end":{"line":644,"column":97}},"644":{"start":{"line":645,"column":0},"end":{"line":645,"column":4}},"648":{"start":{"line":649,"column":0},"end":{"line":649,"column":36}},"649":{"start":{"line":650,"column":0},"end":{"line":650,"column":45}},"650":{"start":{"line":651,"column":0},"end":{"line":651,"column":23}},"651":{"start":{"line":652,"column":0},"end":{"line":652,"column":9}},"652":{"start":{"line":653,"column":0},"end":{"line":653,"column":66}},"653":{"start":{"line":654,"column":0},"end":{"line":654,"column":29}},"654":{"start":{"line":655,"column":0},"end":{"line":655,"column":95}},"655":{"start":{"line":656,"column":0},"end":{"line":656,"column":15}},"656":{"start":{"line":657,"column":0},"end":{"line":657,"column":7}},"657":{"start":{"line":658,"column":0},"end":{"line":658,"column":29}},"658":{"start":{"line":659,"column":0},"end":{"line":659,"column":24}},"659":{"start":{"line":660,"column":0},"end":{"line":660,"column":13}},"660":{"start":{"line":661,"column":0},"end":{"line":661,"column":66}},"661":{"start":{"line":662,"column":0},"end":{"line":662,"column":15}},"662":{"start":{"line":663,"column":0},"end":{"line":663,"column":26}},"663":{"start":{"line":664,"column":0},"end":{"line":664,"column":5}},"664":{"start":{"line":665,"column":0},"end":{"line":665,"column":4}},"666":{"start":{"line":667,"column":0},"end":{"line":667,"column":33}},"667":{"start":{"line":668,"column":0},"end":{"line":668,"column":30}},"668":{"start":{"line":669,"column":0},"end":{"line":669,"column":22}},"669":{"start":{"line":670,"column":0},"end":{"line":670,"column":11}},"670":{"start":{"line":671,"column":0},"end":{"line":671,"column":47}},"672":{"start":{"line":673,"column":0},"end":{"line":673,"column":105}},"673":{"start":{"line":674,"column":0},"end":{"line":674,"column":8}},"674":{"start":{"line":675,"column":0},"end":{"line":675,"column":34}},"675":{"start":{"line":676,"column":0},"end":{"line":676,"column":26}},"676":{"start":{"line":677,"column":0},"end":{"line":677,"column":96}},"677":{"start":{"line":678,"column":0},"end":{"line":678,"column":17}},"678":{"start":{"line":679,"column":0},"end":{"line":679,"column":7}},"679":{"start":{"line":680,"column":0},"end":{"line":680,"column":4}},"681":{"start":{"line":682,"column":0},"end":{"line":682,"column":30}},"682":{"start":{"line":683,"column":0},"end":{"line":683,"column":77}},"683":{"start":{"line":684,"column":0},"end":{"line":684,"column":87}},"684":{"start":{"line":685,"column":0},"end":{"line":685,"column":31}},"685":{"start":{"line":686,"column":0},"end":{"line":686,"column":26}},"686":{"start":{"line":687,"column":0},"end":{"line":687,"column":4}},"690":{"start":{"line":691,"column":0},"end":{"line":691,"column":59}},"691":{"start":{"line":692,"column":0},"end":{"line":692,"column":30}},"692":{"start":{"line":693,"column":0},"end":{"line":693,"column":49}},"693":{"start":{"line":694,"column":0},"end":{"line":694,"column":20}},"694":{"start":{"line":695,"column":0},"end":{"line":695,"column":22}},"695":{"start":{"line":696,"column":0},"end":{"line":696,"column":36}},"696":{"start":{"line":697,"column":0},"end":{"line":697,"column":19}},"697":{"start":{"line":698,"column":0},"end":{"line":698,"column":16}},"698":{"start":{"line":699,"column":0},"end":{"line":699,"column":137}},"699":{"start":{"line":700,"column":0},"end":{"line":700,"column":23}},"700":{"start":{"line":701,"column":0},"end":{"line":701,"column":8}},"701":{"start":{"line":702,"column":0},"end":{"line":702,"column":5}},"702":{"start":{"line":703,"column":0},"end":{"line":703,"column":4}},"706":{"start":{"line":707,"column":0},"end":{"line":707,"column":51}},"707":{"start":{"line":708,"column":0},"end":{"line":708,"column":23}},"708":{"start":{"line":709,"column":0},"end":{"line":709,"column":26}},"709":{"start":{"line":710,"column":0},"end":{"line":710,"column":36}},"710":{"start":{"line":711,"column":0},"end":{"line":711,"column":49}},"711":{"start":{"line":712,"column":0},"end":{"line":712,"column":4}},"713":{"start":{"line":714,"column":0},"end":{"line":714,"column":40}},"714":{"start":{"line":715,"column":0},"end":{"line":715,"column":56}},"715":{"start":{"line":716,"column":0},"end":{"line":716,"column":48}},"716":{"start":{"line":717,"column":0},"end":{"line":717,"column":44}},"717":{"start":{"line":718,"column":0},"end":{"line":718,"column":4}},"719":{"start":{"line":720,"column":0},"end":{"line":720,"column":54}},"720":{"start":{"line":721,"column":0},"end":{"line":721,"column":18}},"721":{"start":{"line":722,"column":0},"end":{"line":722,"column":22}},"722":{"start":{"line":723,"column":0},"end":{"line":723,"column":48}},"723":{"start":{"line":724,"column":0},"end":{"line":724,"column":54}},"724":{"start":{"line":725,"column":0},"end":{"line":725,"column":82}},"725":{"start":{"line":726,"column":0},"end":{"line":726,"column":36}},"726":{"start":{"line":727,"column":0},"end":{"line":727,"column":4}},"728":{"start":{"line":729,"column":0},"end":{"line":729,"column":51}},"729":{"start":{"line":730,"column":0},"end":{"line":730,"column":69}},"730":{"start":{"line":731,"column":0},"end":{"line":731,"column":82}},"731":{"start":{"line":732,"column":0},"end":{"line":732,"column":20}},"732":{"start":{"line":733,"column":0},"end":{"line":733,"column":26}},"733":{"start":{"line":734,"column":0},"end":{"line":734,"column":36}},"734":{"start":{"line":735,"column":0},"end":{"line":735,"column":4}},"736":{"start":{"line":737,"column":0},"end":{"line":737,"column":43}},"737":{"start":{"line":738,"column":0},"end":{"line":738,"column":68}},"738":{"start":{"line":739,"column":0},"end":{"line":739,"column":41}},"739":{"start":{"line":740,"column":0},"end":{"line":740,"column":33}},"740":{"start":{"line":741,"column":0},"end":{"line":741,"column":38}},"741":{"start":{"line":742,"column":0},"end":{"line":742,"column":32}},"742":{"start":{"line":743,"column":0},"end":{"line":743,"column":78}},"743":{"start":{"line":744,"column":0},"end":{"line":744,"column":4}},"745":{"start":{"line":746,"column":0},"end":{"line":746,"column":54}},"746":{"start":{"line":747,"column":0},"end":{"line":747,"column":23}},"747":{"start":{"line":748,"column":0},"end":{"line":748,"column":12}},"748":{"start":{"line":749,"column":0},"end":{"line":749,"column":96}},"749":{"start":{"line":750,"column":0},"end":{"line":750,"column":8}},"750":{"start":{"line":751,"column":0},"end":{"line":751,"column":20}},"751":{"start":{"line":752,"column":0},"end":{"line":752,"column":4}},"754":{"start":{"line":755,"column":0},"end":{"line":755,"column":40}},"755":{"start":{"line":756,"column":0},"end":{"line":756,"column":62}},"756":{"start":{"line":757,"column":0},"end":{"line":757,"column":40}},"757":{"start":{"line":758,"column":0},"end":{"line":758,"column":24}},"758":{"start":{"line":759,"column":0},"end":{"line":759,"column":32}},"759":{"start":{"line":760,"column":0},"end":{"line":760,"column":65}},"760":{"start":{"line":761,"column":0},"end":{"line":761,"column":84}},"761":{"start":{"line":762,"column":0},"end":{"line":762,"column":92}},"762":{"start":{"line":763,"column":0},"end":{"line":763,"column":13}},"763":{"start":{"line":764,"column":0},"end":{"line":764,"column":5}},"764":{"start":{"line":765,"column":0},"end":{"line":765,"column":63}},"765":{"start":{"line":766,"column":0},"end":{"line":766,"column":27}},"766":{"start":{"line":767,"column":0},"end":{"line":767,"column":42}},"767":{"start":{"line":768,"column":0},"end":{"line":768,"column":33}},"768":{"start":{"line":769,"column":0},"end":{"line":769,"column":58}},"769":{"start":{"line":770,"column":0},"end":{"line":770,"column":36}},"770":{"start":{"line":771,"column":0},"end":{"line":771,"column":67}},"771":{"start":{"line":772,"column":0},"end":{"line":772,"column":12}},"772":{"start":{"line":773,"column":0},"end":{"line":773,"column":53}},"773":{"start":{"line":774,"column":0},"end":{"line":774,"column":64}},"774":{"start":{"line":775,"column":0},"end":{"line":775,"column":5}},"775":{"start":{"line":776,"column":0},"end":{"line":776,"column":78}},"776":{"start":{"line":777,"column":0},"end":{"line":777,"column":40}},"777":{"start":{"line":778,"column":0},"end":{"line":778,"column":90}},"778":{"start":{"line":779,"column":0},"end":{"line":779,"column":4}},"782":{"start":{"line":783,"column":0},"end":{"line":783,"column":52}},"783":{"start":{"line":784,"column":0},"end":{"line":784,"column":47}},"784":{"start":{"line":785,"column":0},"end":{"line":785,"column":4}},"786":{"start":{"line":787,"column":0},"end":{"line":787,"column":30}},"787":{"start":{"line":788,"column":0},"end":{"line":788,"column":61}},"788":{"start":{"line":789,"column":0},"end":{"line":789,"column":22}},"789":{"start":{"line":790,"column":0},"end":{"line":790,"column":11}},"790":{"start":{"line":791,"column":0},"end":{"line":791,"column":91}},"791":{"start":{"line":792,"column":0},"end":{"line":792,"column":8}},"792":{"start":{"line":793,"column":0},"end":{"line":793,"column":4}},"794":{"start":{"line":795,"column":0},"end":{"line":795,"column":31}},"795":{"start":{"line":796,"column":0},"end":{"line":796,"column":60}},"796":{"start":{"line":797,"column":0},"end":{"line":797,"column":48}},"797":{"start":{"line":798,"column":0},"end":{"line":798,"column":20}},"798":{"start":{"line":799,"column":0},"end":{"line":799,"column":32}},"799":{"start":{"line":800,"column":0},"end":{"line":800,"column":25}},"800":{"start":{"line":801,"column":0},"end":{"line":801,"column":28}},"801":{"start":{"line":802,"column":0},"end":{"line":802,"column":33}},"802":{"start":{"line":803,"column":0},"end":{"line":803,"column":27}},"803":{"start":{"line":804,"column":0},"end":{"line":804,"column":8}},"804":{"start":{"line":805,"column":0},"end":{"line":805,"column":5}},"805":{"start":{"line":806,"column":0},"end":{"line":806,"column":52}},"806":{"start":{"line":807,"column":0},"end":{"line":807,"column":26}},"807":{"start":{"line":808,"column":0},"end":{"line":808,"column":18}},"808":{"start":{"line":809,"column":0},"end":{"line":809,"column":14}},"809":{"start":{"line":810,"column":0},"end":{"line":810,"column":22}},"810":{"start":{"line":811,"column":0},"end":{"line":811,"column":22}},"811":{"start":{"line":812,"column":0},"end":{"line":812,"column":24}},"812":{"start":{"line":813,"column":0},"end":{"line":813,"column":8}},"813":{"start":{"line":814,"column":0},"end":{"line":814,"column":32}},"814":{"start":{"line":815,"column":0},"end":{"line":815,"column":51}},"815":{"start":{"line":816,"column":0},"end":{"line":816,"column":75}},"816":{"start":{"line":817,"column":0},"end":{"line":817,"column":33}},"817":{"start":{"line":818,"column":0},"end":{"line":818,"column":22}},"818":{"start":{"line":819,"column":0},"end":{"line":819,"column":11}},"819":{"start":{"line":820,"column":0},"end":{"line":820,"column":24}},"820":{"start":{"line":821,"column":0},"end":{"line":821,"column":12}},"821":{"start":{"line":822,"column":0},"end":{"line":822,"column":67}},"822":{"start":{"line":823,"column":0},"end":{"line":823,"column":8}},"823":{"start":{"line":824,"column":0},"end":{"line":824,"column":71}},"824":{"start":{"line":825,"column":0},"end":{"line":825,"column":22}},"825":{"start":{"line":826,"column":0},"end":{"line":826,"column":27}},"826":{"start":{"line":827,"column":0},"end":{"line":827,"column":29}},"827":{"start":{"line":828,"column":0},"end":{"line":828,"column":106}},"828":{"start":{"line":829,"column":0},"end":{"line":829,"column":14}},"829":{"start":{"line":830,"column":0},"end":{"line":830,"column":15}},"830":{"start":{"line":831,"column":0},"end":{"line":831,"column":114}},"831":{"start":{"line":832,"column":0},"end":{"line":832,"column":61}},"832":{"start":{"line":833,"column":0},"end":{"line":833,"column":81}},"833":{"start":{"line":834,"column":0},"end":{"line":834,"column":6}},"834":{"start":{"line":835,"column":0},"end":{"line":835,"column":4}},"838":{"start":{"line":839,"column":0},"end":{"line":839,"column":19}},"839":{"start":{"line":840,"column":0},"end":{"line":840,"column":41}},"840":{"start":{"line":841,"column":0},"end":{"line":841,"column":73}},"841":{"start":{"line":842,"column":0},"end":{"line":842,"column":47}},"842":{"start":{"line":843,"column":0},"end":{"line":843,"column":95}},"844":{"start":{"line":845,"column":0},"end":{"line":845,"column":57}},"845":{"start":{"line":846,"column":0},"end":{"line":846,"column":7}},"847":{"start":{"line":848,"column":0},"end":{"line":848,"column":31}},"848":{"start":{"line":849,"column":0},"end":{"line":849,"column":21}},"849":{"start":{"line":850,"column":0},"end":{"line":850,"column":26}},"850":{"start":{"line":851,"column":0},"end":{"line":851,"column":34}},"851":{"start":{"line":852,"column":0},"end":{"line":852,"column":32}},"852":{"start":{"line":853,"column":0},"end":{"line":853,"column":34}},"853":{"start":{"line":854,"column":0},"end":{"line":854,"column":33}},"854":{"start":{"line":855,"column":0},"end":{"line":855,"column":28}},"855":{"start":{"line":856,"column":0},"end":{"line":856,"column":33}},"856":{"start":{"line":857,"column":0},"end":{"line":857,"column":32}},"857":{"start":{"line":858,"column":0},"end":{"line":858,"column":37}},"858":{"start":{"line":859,"column":0},"end":{"line":859,"column":16}},"859":{"start":{"line":860,"column":0},"end":{"line":860,"column":28}},"860":{"start":{"line":861,"column":0},"end":{"line":861,"column":29}},"861":{"start":{"line":862,"column":0},"end":{"line":862,"column":9}},"862":{"start":{"line":863,"column":0},"end":{"line":863,"column":15}},"863":{"start":{"line":864,"column":0},"end":{"line":864,"column":7}},"865":{"start":{"line":866,"column":0},"end":{"line":866,"column":68}},"866":{"start":{"line":867,"column":0},"end":{"line":867,"column":32}},"867":{"start":{"line":868,"column":0},"end":{"line":868,"column":27}},"868":{"start":{"line":869,"column":0},"end":{"line":869,"column":36}},"869":{"start":{"line":870,"column":0},"end":{"line":870,"column":25}},"870":{"start":{"line":871,"column":0},"end":{"line":871,"column":15}},"871":{"start":{"line":872,"column":0},"end":{"line":872,"column":7}},"872":{"start":{"line":873,"column":0},"end":{"line":873,"column":53}},"875":{"start":{"line":876,"column":0},"end":{"line":876,"column":30}},"876":{"start":{"line":877,"column":0},"end":{"line":877,"column":90}},"877":{"start":{"line":878,"column":0},"end":{"line":878,"column":68}},"878":{"start":{"line":879,"column":0},"end":{"line":879,"column":75}},"879":{"start":{"line":880,"column":0},"end":{"line":880,"column":46}},"880":{"start":{"line":881,"column":0},"end":{"line":881,"column":54}},"881":{"start":{"line":882,"column":0},"end":{"line":882,"column":28}},"882":{"start":{"line":883,"column":0},"end":{"line":883,"column":17}},"883":{"start":{"line":884,"column":0},"end":{"line":884,"column":72}},"884":{"start":{"line":885,"column":0},"end":{"line":885,"column":77}},"885":{"start":{"line":886,"column":0},"end":{"line":886,"column":98}},"886":{"start":{"line":887,"column":0},"end":{"line":887,"column":14}},"887":{"start":{"line":888,"column":0},"end":{"line":888,"column":29}},"888":{"start":{"line":889,"column":0},"end":{"line":889,"column":57}},"889":{"start":{"line":890,"column":0},"end":{"line":890,"column":63}},"890":{"start":{"line":891,"column":0},"end":{"line":891,"column":54}},"891":{"start":{"line":892,"column":0},"end":{"line":892,"column":13}},"892":{"start":{"line":893,"column":0},"end":{"line":893,"column":9}},"893":{"start":{"line":894,"column":0},"end":{"line":894,"column":15}},"894":{"start":{"line":895,"column":0},"end":{"line":895,"column":7}},"895":{"start":{"line":896,"column":0},"end":{"line":896,"column":45}},"896":{"start":{"line":897,"column":0},"end":{"line":897,"column":48}},"897":{"start":{"line":898,"column":0},"end":{"line":898,"column":48}},"898":{"start":{"line":899,"column":0},"end":{"line":899,"column":50}},"899":{"start":{"line":900,"column":0},"end":{"line":900,"column":51}},"900":{"start":{"line":901,"column":0},"end":{"line":901,"column":83}},"901":{"start":{"line":902,"column":0},"end":{"line":902,"column":82}},"902":{"start":{"line":903,"column":0},"end":{"line":903,"column":43}},"903":{"start":{"line":904,"column":0},"end":{"line":904,"column":26}},"904":{"start":{"line":905,"column":0},"end":{"line":905,"column":15}},"905":{"start":{"line":906,"column":0},"end":{"line":906,"column":41}},"906":{"start":{"line":907,"column":0},"end":{"line":907,"column":69}},"907":{"start":{"line":908,"column":0},"end":{"line":908,"column":61}},"908":{"start":{"line":909,"column":0},"end":{"line":909,"column":50}},"909":{"start":{"line":910,"column":0},"end":{"line":910,"column":51}},"910":{"start":{"line":911,"column":0},"end":{"line":911,"column":43}},"911":{"start":{"line":912,"column":0},"end":{"line":912,"column":13}},"912":{"start":{"line":913,"column":0},"end":{"line":913,"column":12}},"913":{"start":{"line":914,"column":0},"end":{"line":914,"column":58}},"914":{"start":{"line":915,"column":0},"end":{"line":915,"column":27}},"915":{"start":{"line":916,"column":0},"end":{"line":916,"column":47}},"916":{"start":{"line":917,"column":0},"end":{"line":917,"column":25}},"917":{"start":{"line":918,"column":0},"end":{"line":918,"column":81}},"918":{"start":{"line":919,"column":0},"end":{"line":919,"column":78}},"919":{"start":{"line":920,"column":0},"end":{"line":920,"column":10}},"920":{"start":{"line":921,"column":0},"end":{"line":921,"column":25}},"921":{"start":{"line":922,"column":0},"end":{"line":922,"column":43}},"922":{"start":{"line":923,"column":0},"end":{"line":923,"column":56}},"923":{"start":{"line":924,"column":0},"end":{"line":924,"column":20}},"924":{"start":{"line":925,"column":0},"end":{"line":925,"column":19}},"925":{"start":{"line":926,"column":0},"end":{"line":926,"column":45}},"926":{"start":{"line":927,"column":0},"end":{"line":927,"column":56}},"927":{"start":{"line":928,"column":0},"end":{"line":928,"column":40}},"928":{"start":{"line":929,"column":0},"end":{"line":929,"column":26}},"929":{"start":{"line":930,"column":0},"end":{"line":930,"column":25}},"930":{"start":{"line":931,"column":0},"end":{"line":931,"column":58}},"931":{"start":{"line":932,"column":0},"end":{"line":932,"column":58}},"932":{"start":{"line":933,"column":0},"end":{"line":933,"column":20}},"933":{"start":{"line":934,"column":0},"end":{"line":934,"column":17}},"934":{"start":{"line":935,"column":0},"end":{"line":935,"column":86}},"935":{"start":{"line":936,"column":0},"end":{"line":936,"column":17}},"936":{"start":{"line":937,"column":0},"end":{"line":937,"column":46}},"937":{"start":{"line":938,"column":0},"end":{"line":938,"column":42}},"938":{"start":{"line":939,"column":0},"end":{"line":939,"column":76}},"939":{"start":{"line":940,"column":0},"end":{"line":940,"column":23}},"940":{"start":{"line":941,"column":0},"end":{"line":941,"column":16}},"941":{"start":{"line":942,"column":0},"end":{"line":942,"column":14}},"942":{"start":{"line":943,"column":0},"end":{"line":943,"column":11}},"943":{"start":{"line":944,"column":0},"end":{"line":944,"column":46}},"944":{"start":{"line":945,"column":0},"end":{"line":945,"column":20}},"945":{"start":{"line":946,"column":0},"end":{"line":946,"column":19}},"946":{"start":{"line":947,"column":0},"end":{"line":947,"column":105}},"947":{"start":{"line":948,"column":0},"end":{"line":948,"column":14}},"948":{"start":{"line":949,"column":0},"end":{"line":949,"column":11}},"949":{"start":{"line":950,"column":0},"end":{"line":950,"column":45}},"950":{"start":{"line":951,"column":0},"end":{"line":951,"column":20}},"951":{"start":{"line":952,"column":0},"end":{"line":952,"column":19}},"952":{"start":{"line":953,"column":0},"end":{"line":953,"column":46}},"953":{"start":{"line":954,"column":0},"end":{"line":954,"column":103}},"954":{"start":{"line":955,"column":0},"end":{"line":955,"column":16}},"955":{"start":{"line":956,"column":0},"end":{"line":956,"column":14}},"956":{"start":{"line":957,"column":0},"end":{"line":957,"column":11}},"957":{"start":{"line":958,"column":0},"end":{"line":958,"column":18}},"958":{"start":{"line":959,"column":0},"end":{"line":959,"column":17}},"959":{"start":{"line":960,"column":0},"end":{"line":960,"column":43}},"960":{"start":{"line":961,"column":0},"end":{"line":961,"column":50}},"961":{"start":{"line":962,"column":0},"end":{"line":962,"column":38}},"962":{"start":{"line":963,"column":0},"end":{"line":963,"column":24}},"963":{"start":{"line":964,"column":0},"end":{"line":964,"column":23}},"964":{"start":{"line":965,"column":0},"end":{"line":965,"column":56}},"965":{"start":{"line":966,"column":0},"end":{"line":966,"column":56}},"966":{"start":{"line":967,"column":0},"end":{"line":967,"column":18}},"967":{"start":{"line":968,"column":0},"end":{"line":968,"column":15}},"968":{"start":{"line":969,"column":0},"end":{"line":969,"column":84}},"969":{"start":{"line":970,"column":0},"end":{"line":970,"column":15}},"970":{"start":{"line":971,"column":0},"end":{"line":971,"column":12}},"971":{"start":{"line":972,"column":0},"end":{"line":972,"column":11}},"972":{"start":{"line":973,"column":0},"end":{"line":973,"column":7}},"973":{"start":{"line":974,"column":0},"end":{"line":974,"column":6}},"974":{"start":{"line":975,"column":0},"end":{"line":975,"column":46}},"975":{"start":{"line":976,"column":0},"end":{"line":976,"column":62}},"977":{"start":{"line":978,"column":0},"end":{"line":978,"column":128}},"981":{"start":{"line":982,"column":0},"end":{"line":982,"column":40}},"982":{"start":{"line":983,"column":0},"end":{"line":983,"column":63}},"983":{"start":{"line":984,"column":0},"end":{"line":984,"column":26}},"984":{"start":{"line":985,"column":0},"end":{"line":985,"column":88}},"985":{"start":{"line":986,"column":0},"end":{"line":986,"column":35}},"986":{"start":{"line":987,"column":0},"end":{"line":987,"column":6}},"987":{"start":{"line":988,"column":0},"end":{"line":988,"column":42}},"988":{"start":{"line":989,"column":0},"end":{"line":989,"column":42}},"989":{"start":{"line":990,"column":0},"end":{"line":990,"column":17}},"990":{"start":{"line":991,"column":0},"end":{"line":991,"column":76}},"991":{"start":{"line":992,"column":0},"end":{"line":992,"column":14}},"992":{"start":{"line":993,"column":0},"end":{"line":993,"column":29}},"993":{"start":{"line":994,"column":0},"end":{"line":994,"column":4}},"995":{"start":{"line":996,"column":0},"end":{"line":996,"column":40}},"996":{"start":{"line":997,"column":0},"end":{"line":997,"column":8}},"997":{"start":{"line":998,"column":0},"end":{"line":998,"column":13}},"998":{"start":{"line":999,"column":0},"end":{"line":999,"column":23}},"999":{"start":{"line":1000,"column":0},"end":{"line":1000,"column":49}},"1000":{"start":{"line":1001,"column":0},"end":{"line":1001,"column":22}},"1001":{"start":{"line":1002,"column":0},"end":{"line":1002,"column":35}},"1002":{"start":{"line":1003,"column":0},"end":{"line":1003,"column":18}},"1003":{"start":{"line":1004,"column":0},"end":{"line":1004,"column":55}},"1004":{"start":{"line":1005,"column":0},"end":{"line":1005,"column":59}},"1005":{"start":{"line":1006,"column":0},"end":{"line":1006,"column":95}},"1006":{"start":{"line":1007,"column":0},"end":{"line":1007,"column":15}},"1007":{"start":{"line":1008,"column":0},"end":{"line":1008,"column":22}},"1008":{"start":{"line":1009,"column":0},"end":{"line":1009,"column":92}},"1009":{"start":{"line":1010,"column":0},"end":{"line":1010,"column":17}},"1010":{"start":{"line":1011,"column":0},"end":{"line":1011,"column":9}},"1011":{"start":{"line":1012,"column":0},"end":{"line":1012,"column":39}},"1012":{"start":{"line":1013,"column":0},"end":{"line":1013,"column":86}},"1013":{"start":{"line":1014,"column":0},"end":{"line":1014,"column":40}},"1014":{"start":{"line":1015,"column":0},"end":{"line":1015,"column":63}},"1015":{"start":{"line":1016,"column":0},"end":{"line":1016,"column":8}},"1016":{"start":{"line":1017,"column":0},"end":{"line":1017,"column":84}},"1017":{"start":{"line":1018,"column":0},"end":{"line":1018,"column":4}},"1020":{"start":{"line":1021,"column":0},"end":{"line":1021,"column":21}},"1021":{"start":{"line":1022,"column":0},"end":{"line":1022,"column":103}},"1023":{"start":{"line":1024,"column":0},"end":{"line":1024,"column":10}},"1024":{"start":{"line":1025,"column":0},"end":{"line":1025,"column":25}},"1025":{"start":{"line":1026,"column":0},"end":{"line":1026,"column":33}},"1026":{"start":{"line":1027,"column":0},"end":{"line":1027,"column":37}},"1027":{"start":{"line":1028,"column":0},"end":{"line":1028,"column":78}},"1028":{"start":{"line":1029,"column":0},"end":{"line":1029,"column":16}},"1029":{"start":{"line":1030,"column":0},"end":{"line":1030,"column":38}},"1030":{"start":{"line":1031,"column":0},"end":{"line":1031,"column":17}},"1031":{"start":{"line":1032,"column":0},"end":{"line":1032,"column":16}},"1032":{"start":{"line":1033,"column":0},"end":{"line":1033,"column":17}},"1033":{"start":{"line":1034,"column":0},"end":{"line":1034,"column":25}},"1034":{"start":{"line":1035,"column":0},"end":{"line":1035,"column":36}},"1035":{"start":{"line":1036,"column":0},"end":{"line":1036,"column":56}},"1036":{"start":{"line":1037,"column":0},"end":{"line":1037,"column":48}},"1038":{"start":{"line":1039,"column":0},"end":{"line":1039,"column":68}},"1039":{"start":{"line":1040,"column":0},"end":{"line":1040,"column":44}},"1040":{"start":{"line":1041,"column":0},"end":{"line":1041,"column":19}},"1041":{"start":{"line":1042,"column":0},"end":{"line":1042,"column":16}},"1042":{"start":{"line":1043,"column":0},"end":{"line":1043,"column":25}},"1043":{"start":{"line":1044,"column":0},"end":{"line":1044,"column":23}},"1044":{"start":{"line":1045,"column":0},"end":{"line":1045,"column":37}},"1045":{"start":{"line":1046,"column":0},"end":{"line":1046,"column":18}},"1046":{"start":{"line":1047,"column":0},"end":{"line":1047,"column":30}},"1047":{"start":{"line":1048,"column":0},"end":{"line":1048,"column":44}},"1048":{"start":{"line":1049,"column":0},"end":{"line":1049,"column":37}},"1049":{"start":{"line":1050,"column":0},"end":{"line":1050,"column":34}},"1050":{"start":{"line":1051,"column":0},"end":{"line":1051,"column":14}},"1051":{"start":{"line":1052,"column":0},"end":{"line":1052,"column":12}},"1052":{"start":{"line":1053,"column":0},"end":{"line":1053,"column":14}},"1054":{"start":{"line":1055,"column":0},"end":{"line":1055,"column":82}},"1056":{"start":{"line":1057,"column":0},"end":{"line":1057,"column":40}},"1057":{"start":{"line":1058,"column":0},"end":{"line":1058,"column":80}},"1058":{"start":{"line":1059,"column":0},"end":{"line":1059,"column":19}},"1059":{"start":{"line":1060,"column":0},"end":{"line":1060,"column":27}},"1060":{"start":{"line":1061,"column":0},"end":{"line":1061,"column":60}},"1061":{"start":{"line":1062,"column":0},"end":{"line":1062,"column":46}},"1062":{"start":{"line":1063,"column":0},"end":{"line":1063,"column":108}},"1063":{"start":{"line":1064,"column":0},"end":{"line":1064,"column":30}},"1064":{"start":{"line":1065,"column":0},"end":{"line":1065,"column":61}},"1065":{"start":{"line":1066,"column":0},"end":{"line":1066,"column":38}},"1066":{"start":{"line":1067,"column":0},"end":{"line":1067,"column":16}},"1068":{"start":{"line":1069,"column":0},"end":{"line":1069,"column":44}},"1070":{"start":{"line":1071,"column":0},"end":{"line":1071,"column":21}},"1071":{"start":{"line":1072,"column":0},"end":{"line":1072,"column":19}},"1072":{"start":{"line":1073,"column":0},"end":{"line":1073,"column":27}},"1073":{"start":{"line":1074,"column":0},"end":{"line":1074,"column":61}},"1074":{"start":{"line":1075,"column":0},"end":{"line":1075,"column":47}},"1075":{"start":{"line":1076,"column":0},"end":{"line":1076,"column":98}},"1076":{"start":{"line":1077,"column":0},"end":{"line":1077,"column":30}},"1077":{"start":{"line":1078,"column":0},"end":{"line":1078,"column":62}},"1078":{"start":{"line":1079,"column":0},"end":{"line":1079,"column":38}},"1079":{"start":{"line":1080,"column":0},"end":{"line":1080,"column":16}},"1081":{"start":{"line":1082,"column":0},"end":{"line":1082,"column":45}},"1083":{"start":{"line":1084,"column":0},"end":{"line":1084,"column":21}},"1084":{"start":{"line":1085,"column":0},"end":{"line":1085,"column":16}},"1085":{"start":{"line":1086,"column":0},"end":{"line":1086,"column":17}},"1086":{"start":{"line":1087,"column":0},"end":{"line":1087,"column":25}},"1087":{"start":{"line":1088,"column":0},"end":{"line":1088,"column":51}},"1088":{"start":{"line":1089,"column":0},"end":{"line":1089,"column":28}},"1089":{"start":{"line":1090,"column":0},"end":{"line":1090,"column":36}},"1090":{"start":{"line":1091,"column":0},"end":{"line":1091,"column":32}},"1091":{"start":{"line":1092,"column":0},"end":{"line":1092,"column":14}},"1093":{"start":{"line":1094,"column":0},"end":{"line":1094,"column":46}},"1094":{"start":{"line":1095,"column":0},"end":{"line":1095,"column":42}},"1095":{"start":{"line":1096,"column":0},"end":{"line":1096,"column":19}},"1096":{"start":{"line":1097,"column":0},"end":{"line":1097,"column":14}},"1097":{"start":{"line":1098,"column":0},"end":{"line":1098,"column":15}},"1099":{"start":{"line":1100,"column":0},"end":{"line":1100,"column":34}},"1100":{"start":{"line":1101,"column":0},"end":{"line":1101,"column":102}},"1101":{"start":{"line":1102,"column":0},"end":{"line":1102,"column":20}},"1102":{"start":{"line":1103,"column":0},"end":{"line":1103,"column":25}},"1103":{"start":{"line":1104,"column":0},"end":{"line":1104,"column":31}},"1104":{"start":{"line":1105,"column":0},"end":{"line":1105,"column":33}},"1105":{"start":{"line":1106,"column":0},"end":{"line":1106,"column":23}},"1106":{"start":{"line":1107,"column":0},"end":{"line":1107,"column":25}},"1107":{"start":{"line":1108,"column":0},"end":{"line":1108,"column":35}},"1108":{"start":{"line":1109,"column":0},"end":{"line":1109,"column":25}},"1109":{"start":{"line":1110,"column":0},"end":{"line":1110,"column":25}},"1110":{"start":{"line":1111,"column":0},"end":{"line":1111,"column":31}},"1111":{"start":{"line":1112,"column":0},"end":{"line":1112,"column":82}},"1112":{"start":{"line":1113,"column":0},"end":{"line":1113,"column":31}},"1113":{"start":{"line":1114,"column":0},"end":{"line":1114,"column":43}},"1114":{"start":{"line":1115,"column":0},"end":{"line":1115,"column":30}},"1115":{"start":{"line":1116,"column":0},"end":{"line":1116,"column":38}},"1116":{"start":{"line":1117,"column":0},"end":{"line":1117,"column":36}},"1117":{"start":{"line":1118,"column":0},"end":{"line":1118,"column":41}},"1118":{"start":{"line":1119,"column":0},"end":{"line":1119,"column":74}},"1119":{"start":{"line":1120,"column":0},"end":{"line":1120,"column":35}},"1120":{"start":{"line":1121,"column":0},"end":{"line":1121,"column":12}},"1121":{"start":{"line":1122,"column":0},"end":{"line":1122,"column":18}},"1122":{"start":{"line":1123,"column":0},"end":{"line":1123,"column":23}},"1123":{"start":{"line":1124,"column":0},"end":{"line":1124,"column":23}},"1124":{"start":{"line":1125,"column":0},"end":{"line":1125,"column":35}},"1125":{"start":{"line":1126,"column":0},"end":{"line":1126,"column":25}},"1126":{"start":{"line":1127,"column":0},"end":{"line":1127,"column":30}},"1127":{"start":{"line":1128,"column":0},"end":{"line":1128,"column":41}},"1128":{"start":{"line":1129,"column":0},"end":{"line":1129,"column":30}},"1129":{"start":{"line":1130,"column":0},"end":{"line":1130,"column":63}},"1130":{"start":{"line":1131,"column":0},"end":{"line":1131,"column":61}},"1131":{"start":{"line":1132,"column":0},"end":{"line":1132,"column":63}},"1132":{"start":{"line":1133,"column":0},"end":{"line":1133,"column":30}},"1133":{"start":{"line":1134,"column":0},"end":{"line":1134,"column":30}},"1134":{"start":{"line":1135,"column":0},"end":{"line":1135,"column":12}},"1135":{"start":{"line":1136,"column":0},"end":{"line":1136,"column":56}},"1136":{"start":{"line":1137,"column":0},"end":{"line":1137,"column":27}},"1137":{"start":{"line":1138,"column":0},"end":{"line":1138,"column":86}},"1138":{"start":{"line":1139,"column":0},"end":{"line":1139,"column":38}},"1139":{"start":{"line":1140,"column":0},"end":{"line":1140,"column":67}},"1140":{"start":{"line":1141,"column":0},"end":{"line":1141,"column":21}},"1141":{"start":{"line":1142,"column":0},"end":{"line":1142,"column":29}},"1142":{"start":{"line":1143,"column":0},"end":{"line":1143,"column":65}},"1143":{"start":{"line":1144,"column":0},"end":{"line":1144,"column":85}},"1145":{"start":{"line":1146,"column":0},"end":{"line":1146,"column":51}},"1146":{"start":{"line":1147,"column":0},"end":{"line":1147,"column":22}},"1147":{"start":{"line":1148,"column":0},"end":{"line":1148,"column":51}},"1148":{"start":{"line":1149,"column":0},"end":{"line":1149,"column":56}},"1149":{"start":{"line":1150,"column":0},"end":{"line":1150,"column":23}},"1150":{"start":{"line":1151,"column":0},"end":{"line":1151,"column":23}},"1151":{"start":{"line":1152,"column":0},"end":{"line":1152,"column":108}},"1152":{"start":{"line":1153,"column":0},"end":{"line":1153,"column":46}},"1153":{"start":{"line":1154,"column":0},"end":{"line":1154,"column":22}},"1154":{"start":{"line":1155,"column":0},"end":{"line":1155,"column":49}},"1155":{"start":{"line":1156,"column":0},"end":{"line":1156,"column":68}},"1156":{"start":{"line":1157,"column":0},"end":{"line":1157,"column":23}},"1157":{"start":{"line":1158,"column":0},"end":{"line":1158,"column":23}},"1158":{"start":{"line":1159,"column":0},"end":{"line":1159,"column":113}},"1159":{"start":{"line":1160,"column":0},"end":{"line":1160,"column":46}},"1160":{"start":{"line":1161,"column":0},"end":{"line":1161,"column":22}},"1161":{"start":{"line":1162,"column":0},"end":{"line":1162,"column":56}},"1162":{"start":{"line":1163,"column":0},"end":{"line":1163,"column":63}},"1163":{"start":{"line":1164,"column":0},"end":{"line":1164,"column":23}},"1164":{"start":{"line":1165,"column":0},"end":{"line":1165,"column":23}},"1165":{"start":{"line":1166,"column":0},"end":{"line":1166,"column":18}},"1167":{"start":{"line":1168,"column":0},"end":{"line":1168,"column":28}},"1168":{"start":{"line":1169,"column":0},"end":{"line":1169,"column":27}},"1169":{"start":{"line":1170,"column":0},"end":{"line":1170,"column":33}},"1170":{"start":{"line":1171,"column":0},"end":{"line":1171,"column":66}},"1171":{"start":{"line":1172,"column":0},"end":{"line":1172,"column":92}},"1172":{"start":{"line":1173,"column":0},"end":{"line":1173,"column":34}},"1173":{"start":{"line":1174,"column":0},"end":{"line":1174,"column":37}},"1174":{"start":{"line":1175,"column":0},"end":{"line":1175,"column":30}},"1175":{"start":{"line":1176,"column":0},"end":{"line":1176,"column":39}},"1176":{"start":{"line":1177,"column":0},"end":{"line":1177,"column":34}},"1177":{"start":{"line":1178,"column":0},"end":{"line":1178,"column":16}},"1178":{"start":{"line":1179,"column":0},"end":{"line":1179,"column":14}},"1180":{"start":{"line":1181,"column":0},"end":{"line":1181,"column":27}},"1181":{"start":{"line":1182,"column":0},"end":{"line":1182,"column":26}},"1182":{"start":{"line":1183,"column":0},"end":{"line":1183,"column":42}},"1183":{"start":{"line":1184,"column":0},"end":{"line":1184,"column":64}},"1184":{"start":{"line":1185,"column":0},"end":{"line":1185,"column":32}},"1185":{"start":{"line":1186,"column":0},"end":{"line":1186,"column":36}},"1186":{"start":{"line":1187,"column":0},"end":{"line":1187,"column":30}},"1187":{"start":{"line":1188,"column":0},"end":{"line":1188,"column":38}},"1188":{"start":{"line":1189,"column":0},"end":{"line":1189,"column":43}},"1189":{"start":{"line":1190,"column":0},"end":{"line":1190,"column":16}},"1190":{"start":{"line":1191,"column":0},"end":{"line":1191,"column":14}},"1192":{"start":{"line":1193,"column":0},"end":{"line":1193,"column":28}},"1193":{"start":{"line":1194,"column":0},"end":{"line":1194,"column":88}},"1194":{"start":{"line":1195,"column":0},"end":{"line":1195,"column":38}},"1195":{"start":{"line":1196,"column":0},"end":{"line":1196,"column":38}},"1196":{"start":{"line":1197,"column":0},"end":{"line":1197,"column":66}},"1197":{"start":{"line":1198,"column":0},"end":{"line":1198,"column":23}},"1198":{"start":{"line":1199,"column":0},"end":{"line":1199,"column":29}},"1199":{"start":{"line":1200,"column":0},"end":{"line":1200,"column":26}},"1200":{"start":{"line":1201,"column":0},"end":{"line":1201,"column":107}},"1201":{"start":{"line":1202,"column":0},"end":{"line":1202,"column":22}},"1202":{"start":{"line":1203,"column":0},"end":{"line":1203,"column":19}},"1203":{"start":{"line":1204,"column":0},"end":{"line":1204,"column":35}},"1205":{"start":{"line":1206,"column":0},"end":{"line":1206,"column":18}},"1206":{"start":{"line":1207,"column":0},"end":{"line":1207,"column":38}},"1209":{"start":{"line":1210,"column":0},"end":{"line":1210,"column":18}},"1210":{"start":{"line":1211,"column":0},"end":{"line":1211,"column":46}},"1211":{"start":{"line":1212,"column":0},"end":{"line":1212,"column":87}},"1212":{"start":{"line":1213,"column":0},"end":{"line":1213,"column":49}},"1214":{"start":{"line":1215,"column":0},"end":{"line":1215,"column":25}},"1215":{"start":{"line":1216,"column":0},"end":{"line":1216,"column":23}},"1216":{"start":{"line":1217,"column":0},"end":{"line":1217,"column":31}},"1217":{"start":{"line":1218,"column":0},"end":{"line":1218,"column":33}},"1218":{"start":{"line":1219,"column":0},"end":{"line":1219,"column":34}},"1219":{"start":{"line":1220,"column":0},"end":{"line":1220,"column":42}},"1220":{"start":{"line":1221,"column":0},"end":{"line":1221,"column":38}},"1221":{"start":{"line":1222,"column":0},"end":{"line":1222,"column":20}},"1223":{"start":{"line":1224,"column":0},"end":{"line":1224,"column":48}},"1225":{"start":{"line":1226,"column":0},"end":{"line":1226,"column":25}},"1226":{"start":{"line":1227,"column":0},"end":{"line":1227,"column":92}},"1228":{"start":{"line":1229,"column":0},"end":{"line":1229,"column":25}},"1229":{"start":{"line":1230,"column":0},"end":{"line":1230,"column":20}},"1230":{"start":{"line":1231,"column":0},"end":{"line":1231,"column":18}},"1232":{"start":{"line":1233,"column":0},"end":{"line":1233,"column":18}},"1234":{"start":{"line":1235,"column":0},"end":{"line":1235,"column":55}},"1235":{"start":{"line":1236,"column":0},"end":{"line":1236,"column":34}},"1236":{"start":{"line":1237,"column":0},"end":{"line":1237,"column":23}},"1237":{"start":{"line":1238,"column":0},"end":{"line":1238,"column":25}},"1238":{"start":{"line":1239,"column":0},"end":{"line":1239,"column":33}},"1239":{"start":{"line":1240,"column":0},"end":{"line":1240,"column":39}},"1240":{"start":{"line":1241,"column":0},"end":{"line":1241,"column":52}},"1241":{"start":{"line":1242,"column":0},"end":{"line":1242,"column":39}},"1242":{"start":{"line":1243,"column":0},"end":{"line":1243,"column":92}},"1243":{"start":{"line":1244,"column":0},"end":{"line":1244,"column":51}},"1244":{"start":{"line":1245,"column":0},"end":{"line":1245,"column":14}},"1246":{"start":{"line":1247,"column":0},"end":{"line":1247,"column":32}},"1247":{"start":{"line":1248,"column":0},"end":{"line":1248,"column":25}},"1248":{"start":{"line":1249,"column":0},"end":{"line":1249,"column":27}},"1249":{"start":{"line":1250,"column":0},"end":{"line":1250,"column":38}},"1250":{"start":{"line":1251,"column":0},"end":{"line":1251,"column":90}},"1251":{"start":{"line":1252,"column":0},"end":{"line":1252,"column":48}},"1252":{"start":{"line":1253,"column":0},"end":{"line":1253,"column":37}},"1253":{"start":{"line":1254,"column":0},"end":{"line":1254,"column":35}},"1254":{"start":{"line":1255,"column":0},"end":{"line":1255,"column":60}},"1255":{"start":{"line":1256,"column":0},"end":{"line":1256,"column":14}},"1257":{"start":{"line":1258,"column":0},"end":{"line":1258,"column":34}},"1258":{"start":{"line":1259,"column":0},"end":{"line":1259,"column":29}},"1259":{"start":{"line":1260,"column":0},"end":{"line":1260,"column":37}},"1260":{"start":{"line":1261,"column":0},"end":{"line":1261,"column":51}},"1261":{"start":{"line":1262,"column":0},"end":{"line":1262,"column":56}},"1262":{"start":{"line":1263,"column":0},"end":{"line":1263,"column":32}},"1263":{"start":{"line":1264,"column":0},"end":{"line":1264,"column":37}},"1264":{"start":{"line":1265,"column":0},"end":{"line":1265,"column":43}},"1265":{"start":{"line":1266,"column":0},"end":{"line":1266,"column":16}},"1266":{"start":{"line":1267,"column":0},"end":{"line":1267,"column":14}},"1268":{"start":{"line":1269,"column":0},"end":{"line":1269,"column":56}},"1269":{"start":{"line":1270,"column":0},"end":{"line":1270,"column":25}},"1270":{"start":{"line":1271,"column":0},"end":{"line":1271,"column":27}},"1271":{"start":{"line":1272,"column":0},"end":{"line":1272,"column":27}},"1272":{"start":{"line":1273,"column":0},"end":{"line":1273,"column":35}},"1273":{"start":{"line":1274,"column":0},"end":{"line":1274,"column":70}},"1274":{"start":{"line":1275,"column":0},"end":{"line":1275,"column":39}},"1275":{"start":{"line":1276,"column":0},"end":{"line":1276,"column":43}},"1276":{"start":{"line":1277,"column":0},"end":{"line":1277,"column":14}},"1278":{"start":{"line":1279,"column":0},"end":{"line":1279,"column":56}},"1279":{"start":{"line":1280,"column":0},"end":{"line":1280,"column":25}},"1280":{"start":{"line":1281,"column":0},"end":{"line":1281,"column":27}},"1281":{"start":{"line":1282,"column":0},"end":{"line":1282,"column":27}},"1282":{"start":{"line":1283,"column":0},"end":{"line":1283,"column":50}},"1283":{"start":{"line":1284,"column":0},"end":{"line":1284,"column":42}},"1284":{"start":{"line":1285,"column":0},"end":{"line":1285,"column":32}},"1285":{"start":{"line":1286,"column":0},"end":{"line":1286,"column":38}},"1286":{"start":{"line":1287,"column":0},"end":{"line":1287,"column":34}},"1287":{"start":{"line":1288,"column":0},"end":{"line":1288,"column":16}},"1288":{"start":{"line":1289,"column":0},"end":{"line":1289,"column":14}},"1290":{"start":{"line":1291,"column":0},"end":{"line":1291,"column":25}},"1291":{"start":{"line":1292,"column":0},"end":{"line":1292,"column":25}},"1292":{"start":{"line":1293,"column":0},"end":{"line":1293,"column":33}},"1293":{"start":{"line":1294,"column":0},"end":{"line":1294,"column":41}},"1294":{"start":{"line":1295,"column":0},"end":{"
[...]
0},"end":{"line":161,"column":10}},"161":{"start":{"line":162,"column":0},"end":{"line":162,"column":14}},"162":{"start":{"line":163,"column":0},"end":{"line":163,"column":14}},"163":{"start":{"line":164,"column":0},"end":{"line":164,"column":20}},"164":{"start":{"line":165,"column":0},"end":{"line":165,"column":20}},"165":{"start":{"line":166,"column":0},"end":{"line":166,"column":7}},"166":{"start":{"line":167,"column":0},"end":{"line":167,"column":7}},"167":{"start":{"line":168,"column":0},"end":{"line":168,"column":9}},"168":{"start":{"line":169,"column":0},"end":{"line":169,"column":13}},"169":{"start":{"line":170,"column":0},"end":{"line":170,"column":10}},"170":{"start":{"line":171,"column":0},"end":{"line":171,"column":10}},"171":{"start":{"line":172,"column":0},"end":{"line":172,"column":13}},"172":{"start":{"line":173,"column":0},"end":{"line":173,"column":12}},"173":{"start":{"line":174,"column":0},"end":{"line":174,"column":18}},"174":{"start":{"line":175,"column":0},"end":{"line":175,"column":16}},"175":{"start":{"line":176,"column":0},"end":{"line":176,"column":7}},"176":{"start":{"line":177,"column":0},"end":{"line":177,"column":15}},"177":{"start":{"line":178,"column":0},"end":{"line":178,"column":18}},"178":{"start":{"line":179,"column":0},"end":{"line":179,"column":11}},"179":{"start":{"line":180,"column":0},"end":{"line":180,"column":12}},"180":{"start":{"line":181,"column":0},"end":{"line":181,"column":16}},"181":{"start":{"line":182,"column":0},"end":{"line":182,"column":10}},"182":{"start":{"line":183,"column":0},"end":{"line":183,"column":19}},"183":{"start":{"line":184,"column":0},"end":{"line":184,"column":9}},"184":{"start":{"line":185,"column":0},"end":{"line":185,"column":15}},"185":{"start":{"line":186,"column":0},"end":{"line":186,"column":4}},"186":{"start":{"line":187,"column":0},"end":{"line":187,"column":1}},"188":{"start":{"line":189,"column":0},"end":{"line":189,"column":95}},"189":{"start":{"line":190,"column":0},"end":{"line":190,"column":84}},"190":{"start":{"line":191,"column":0},"end":{"line":191,"column":61}},"191":{"start":{"line":192,"column":0},"end":{"line":192,"column":38}},"193":{"start":{"line":194,"column":0},"end":{"line":194,"column":34}},"194":{"start":{"line":195,"column":0},"end":{"line":195,"column":41}},"195":{"start":{"line":196,"column":0},"end":{"line":196,"column":28}},"196":{"start":{"line":197,"column":0},"end":{"line":197,"column":28}},"197":{"start":{"line":198,"column":0},"end":{"line":198,"column":27}},"198":{"start":{"line":199,"column":0},"end":{"line":199,"column":23}},"199":{"start":{"line":200,"column":0},"end":{"line":200,"column":23}},"200":{"start":{"line":201,"column":0},"end":{"line":201,"column":77}},"201":{"start":{"line":202,"column":0},"end":{"line":202,"column":63}},"202":{"start":{"line":203,"column":0},"end":{"line":203,"column":3}},"204":{"start":{"line":205,"column":0},"end":{"line":205,"column":45}},"205":{"start":{"line":206,"column":0},"end":{"line":206,"column":40}},"206":{"start":{"line":207,"column":0},"end":{"line":207,"column":17}},"207":{"start":{"line":208,"column":0},"end":{"line":208,"column":44}},"208":{"start":{"line":209,"column":0},"end":{"line":209,"column":14}},"209":{"start":{"line":210,"column":0},"end":{"line":210,"column":17}},"210":{"start":{"line":211,"column":0},"end":{"line":211,"column":23}},"211":{"start":{"line":212,"column":0},"end":{"line":212,"column":18}},"212":{"start":{"line":213,"column":0},"end":{"line":213,"column":45}},"213":{"start":{"line":214,"column":0},"end":{"line":214,"column":33}},"214":{"start":{"line":215,"column":0},"end":{"line":215,"column":51}},"215":{"start":{"line":216,"column":0},"end":{"line":216,"column":8}},"216":{"start":{"line":217,"column":0},"end":{"line":217,"column":7}},"218":{"start":{"line":219,"column":0},"end":{"line":219,"column":10}},"219":{"start":{"line":220,"column":0},"end":{"line":220,"column":10}},"220":{"start":{"line":221,"column":0},"end":{"line":221,"column":10}},"221":{"start":{"line":222,"column":0},"end":{"line":222,"column":64}},"222":{"start":{"line":223,"column":0},"end":{"line":223,"column":4}},"223":{"start":{"line":224,"column":0},"end":{"line":224,"column":1}}},"s":{"1":1,"2":1,"3":1,"4":1,"7":1,"9":1,"11":1,"76":1,"77":21,"78":63,"79":63,"80":11,"81":11,"83":1,"84":12,"85":12,"86":12,"87":12,"88":12,"89":12,"90":12,"92":12,"93":12,"94":12,"95":12,"96":12,"99":12,"101":12,"102":12,"103":12,"105":12,"107":12,"108":12,"109":12,"110":12,"112":12,"115":12,"116":12,"117":12,"118":12,"120":12,"121":12,"122":12,"123":3,"124":3,"125":3,"127":12,"128":12,"132":12,"133":12,"134":12,"135":11,"136":10,"141":12,"142":12,"143":12,"144":1,"145":1,"146":1,"147":1,"148":1,"149":1,"151":12,"152":12,"153":3,"154":9,"155":12,"156":12,"157":4,"158":8,"160":12,"161":12,"162":12,"163":12,"164":12,"165":12,"166":12,"167":12,"168":12,"169":12,"170":12,"171":12,"172":12,"173":12,"174":12,"175":12,"176":12,"177":12,"178":12,"179":12,"180":12,"181":12,"182":12,"183":12,"184":12,"185":12,"186":12,"188":1,"189":0,"190":0,"191":0,"193":0,"194":0,"195":0,"196":0,"197":0,"198":0,"199":0,"200":0,"201":0,"202":0,"204":0,"205":0,"206":0,"207":0,"208":0,"209":0,"210":0,"211":0,"212":0,"213":0,"214":0,"215":0,"216":0,"218":0,"219":0,"220":0,"221":0,"222":0,"223":0},"branchMap":{"0":{"type":"branch","line":77,"loc":{"start":{"line":77,"column":7},"end":{"line":82,"column":1}},"locations":[{"start":{"line":77,"column":7},"end":{"line":82,"column":1}}]},"1":{"type":"branch","line":78,"loc":{"start":{"line":78,"column":33},"end":{"line":80,"column":3}},"locations":[{"start":{"line":78,"column":33},"end":{"line":80,"column":3}}]},"2":{"type":"branch","line":79,"loc":{"start":{"line":79,"column":19},"end":{"line":79,"column":46}},"locations":[{"start":{"line":79,"column":19},"end":{"line":79,"column":46}}]},"3":{"type":"branch","line":79,"loc":{"start":{"line":79,"column":46},"end":{"line":79,"column":55}},"locations":[{"start":{"line":79,"column":46},"end":{"line":79,"column":55}}]},"4":{"type":"branch","line":80,"loc":{"start":{"line":80,"column":2},"end":{"line":82,"column":1}},"locations":[{"start":{"line":80,"column":2},"end":{"line":82,"column":1}}]},"5":{"type":"branch","line":84,"loc":{"start":{"line":84,"column":7},"end":{"line":187,"column":1}},"locations":[{"start":{"line":84,"column":7},"end":{"line":187,"column":1}}]},"6":{"type":"branch","line":106,"loc":{"start":{"line":106,"column":28},"end":{"line":106,"column":52}},"locations":[{"start":{"line":106,"column":28},"end":{"line":106,"column":52}}]},"7":{"type":"branch","line":106,"loc":{"start":{"line":106,"column":45},"end":{"line":106,"column":61}},"locations":[{"start":{"line":106,"column":45},"end":{"line":106,"column":61}}]},"8":{"type":"branch","line":110,"loc":{"start":{"line":110,"column":41},"end":{"line":110,"column":50}},"locations":[{"start":{"line":110,"column":41},"end":{"line":110,"column":50}}]},"9":{"type":"branch","line":111,"loc":{"start":{"line":111,"column":25},"end":{"line":111,"column":63}},"locations":[{"start":{"line":111,"column":25},"end":{"line":111,"column":63}}]},"10":{"type":"branch","line":113,"loc":{"start":{"line":113,"column":33},"end":{"line":113,"column":56}},"locations":[{"start":{"line":113,"column":33},"end":{"line":113,"column":56}}]},"11":{"type":"branch","line":113,"loc":{"start":{"line":113,"column":52},"end":{"line":113,"column":90}},"locations":[{"start":{"line":113,"column":52},"end":{"line":113,"column":90}}]},"12":{"type":"branch","line":113,"loc":{"start":{"line":113,"column":78},"end":{"line":113,"column":95}},"locations":[{"start":{"line":113,"column":78},"end":{"line":113,"column":95}}]},"13":{"type":"branch","line":118,"loc":{"start":{"line":118,"column":42},"end":{"line":118,"column":67}},"locations":[{"start":{"line":118,"column":42},"end":{"line":118,"column":67}}]},"14":{"type":"branch","line":121,"loc":{"start":{"line":121,"column":36},"end":{"line":121,"column":45}},"locations":[{"start":{"line":121,"column":36},"end":{"line":121,"column":45}}]},"15":{"type":"branch","line":123,"loc":{"start":{"line":123,"column":13},"end":{"line":126,"column":3}},"locations":[{"start":{"line":123,"column":13},"end":{"line":126,"column":3}}]},"16":{"type":"branch","line":129,"loc":{"start":{"line":129,"column":17},"end":{"line":129,"column":65}},"locations":[{"start":{"line":129,"column":17},"end":{"line":129,"column":65}}]},"17":{"type":"branch","line":129,"loc":{"start":{"line":129,"column":42},"end":{"line":129,"column":65}},"locations":[{"start":{"line":129,"column":42},"end":{"line":129,"column":65}}]},"18":{"type":"branch","line":129,"loc":{"start":{"line":129,"column":53},"end":{"line":129,"column":80}},"locations":[{"start":{"line":129,"column":53},"end":{"line":129,"column":80}}]},"19":{"type":"branch","line":129,"loc":{"start":{"line":129,"column":66},"end":{"line":129,"column":95}},"locations":[{"start":{"line":129,"column":66},"end":{"line":129,"column":95}}]},"20":{"type":"branch","line":135,"loc":{"start":{"line":135,"column":5},"end":{"line":137,"column":59}},"locations":[{"start":{"line":135,"column":5},"end":{"line":137,"column":59}}]},"21":{"type":"branch","line":136,"loc":{"start":{"line":136,"column":49},"end":{"line":137,"column":59}},"locations":[{"start":{"line":136,"column":49},"end":{"line":137,"column":59}}]},"22":{"type":"branch","line":144,"loc":{"start":{"line":144,"column":19},"end":{"line":150,"column":3}},"locations":[{"start":{"line":144,"column":19},"end":{"line":150,"column":3}}]},"23":{"type":"branch","line":145,"loc":{"start":{"line":145,"column":59},"end":{"line":145,"column":76}},"locations":[{"start":{"line":145,"column":59},"end":{"line":145,"column":76}}]},"24":{"type":"branch","line":152,"loc":{"start":{"line":152,"column":15},"end":{"line":152,"column":32}},"locations":[{"start":{"line":152,"column":15},"end":{"line":152,"column":32}}]},"25":{"type":"branch","line":152,"loc":{"start":{"line":152,"column":28},"end":{"line":152,"column":77}},"locations":[{"start":{"line":152,"column":28},"end":{"line":152,"column":77}}]},"26":{"type":"branch","line":153,"loc":{"start":{"line":153,"column":14},"end":{"line":154,"column":85}},"locations":[{"start":{"line":153,"column":14},"end":{"line":154,"column":85}}]},"27":{"type":"branch","line":154,"loc":{"start":{"line":154,"column":84},"end":{"line":155,"column":8}},"locations":[{"start":{"line":154,"column":84},"end":{"line":155,"column":8}}]},"28":{"type":"branch","line":157,"loc":{"start":{"line":157,"column":4},"end":{"line":157,"column":31}},"locations":[{"start":{"line":157,"column":4},"end":{"line":157,"column":31}}]},"29":{"type":"branch","line":157,"loc":{"start":{"line":157,"column":18},"end":{"line":158,"column":27}},"locations":[{"start":{"line":157,"column":18},"end":{"line":158,"column":27}}]},"30":{"type":"branch","line":158,"loc":{"start":{"line":158,"column":26},"end":{"line":159,"column":59}},"locations":[{"start":{"line":158,"column":26},"end":{"line":159,"column":59}}]},"31":{"type":"branch","line":159,"loc":{"start":{"line":159,"column":36},"end":{"line":159,"column":56}},"locations":[{"start":{"line":159,"column":36},"end":{"line":159,"column":56}}]}},"b":{"0":[21],"1":[63],"2":[10],"3":[10],"4":[11],"5":[12],"6":[11],"7":[11],"8":[0],"9":[11],"10":[3],"11":[3],"12":[9],"13":[2],"14":[0],"15":[3],"16":[6],"17":[2],"18":[5],"19":[4],"20":[11],"21":[10],"22":[1],"23":[0],"24":[1],"25":[11],"26":[3],"27":[9],"28":[10],"29":[4],"30":[8],"31":[0]},"fnMap":{"0":{"name":"findTv","decl":{"start":{"line":77,"column":7},"end":{"line":82,"column":1}},"loc":{"start":{"line":77,"column":7},"end":{"line":82,"column":1}},"line":77},"1":{"name":"computePair","decl":{"start":{"line":84,"column":7},"end":{"line":187,"column":1}},"loc":{"start":{"line":84,"column":7},"end":{"line":187,"column":1}},"line":84},"2":{"name":"computeAudio","decl":{"start":{"line":189,"column":7},"end":{"line":224,"column":1}},"loc":{"start":{"line":189,"column":7},"end":{"line":224,"column":1}},"line":189}},"f":{"0":21,"1":12,"2":0}}
,"/Users/rayankarimcheca/Desktop/Dev/fun/layout/src/engine/types.ts": {"path":"/Users/rayankarimcheca/Desktop/Dev/fun/layout/src/engine/types.ts","all":true,"statementMap":{},"s":{},"branchMap":{"0":{"type":"branch","line":1,"loc":{"start":{"line":1,"column":4992},"end":{"line":198,"column":9}},"locations":[{"start":{"line":1,"column":4992},"end":{"line":198,"column":9}}]}},"b":{"0":[1]},"fnMap":{"0":{"name":"(empty-report)","decl":{"start":{"line":1,"column":4992},"end":{"line":198,"column":9}},"loc":{"start":{"line":1,"column":4992},"end":{"line":198,"column":9}},"line":1}},"f":{"0":1}}
,"/Users/rayankarimcheca/Desktop/Dev/fun/layout/src/engine/vec.ts": {"path":"/Users/rayankarimcheca/Desktop/Dev/fun/layout/src/engine/vec.ts","all":false,"statementMap":{"2":{"start":{"line":3,"column":0},"end":{"line":3,"column":62}},"4":{"start":{"line":5,"column":0},"end":{"line":5,"column":80}},"6":{"start":{"line":7,"column":0},"end":{"line":7,"column":80}},"8":{"start":{"line":9,"column":0},"end":{"line":9,"column":80}},"10":{"start":{"line":11,"column":0},"end":{"line":11,"column":71}},"12":{"start":{"line":13,"column":0},"end":{"line":13,"column":73}},"14":{"start":{"line":15,"column":0},"end":{"line":15,"column":61}},"16":{"start":{"line":17,"column":0},"end":{"line":17,"column":83}},"18":{"start":{"line":19,"column":0},"end":{"line":19,"column":40}},"19":{"start":{"line":20,"column":0},"end":{"line":20,"column":24}},"20":{"start":{"line":21,"column":0},"end":{"line":21,"column":36}},"21":{"start":{"line":22,"column":0},"end":{"line":22,"column":2}},"24":{"start":{"line":25,"column":0},"end":{"line":25,"column":61}},"26":{"start":{"line":27,"column":0},"end":{"line":27,"column":89}},"28":{"start":{"line":29,"column":0},"end":{"line":29,"column":56}},"29":{"start":{"line":30,"column":0},"end":{"line":30,"column":47}},"30":{"start":{"line":31,"column":0},"end":{"line":31,"column":47}},"31":{"start":{"line":32,"column":0},"end":{"line":32,"column":3}},"33":{"start":{"line":34,"column":0},"end":{"line":34,"column":61}},"34":{"start":{"line":35,"column":0},"end":{"line":35,"column":27}},"35":{"start":{"line":36,"column":0},"end":{"line":36,"column":27}},"36":{"start":{"line":37,"column":0},"end":{"line":37,"column":3}},"39":{"start":{"line":40,"column":0},"end":{"line":40,"column":83}}},"s":{"2":1,"4":1,"6":1,"8":1,"10":1,"12":1,"14":1,"16":1,"18":1,"19":36003,"20":36003,"21":36003,"24":1,"26":1,"28":1,"29":14572,"30":14572,"31":14572,"33":1,"34":1295,"35":1295,"36":1295,"39":1},"branchMap":{"0":{"type":"branch","line":3,"loc":{"start":{"line":3,"column":19},"end":{"line":3,"column":62}},"locations":[{"start":{"line":3,"column":19},"end":{"line":3,"column":62}}]},"1":{"type":"branch","line":5,"loc":{"start":{"line":5,"column":19},"end":{"line":5,"column":80}},"locations":[{"start":{"line":5,"column":19},"end":{"line":5,"column":80}}]},"2":{"type":"branch","line":7,"loc":{"start":{"line":7,"column":19},"end":{"line":7,"column":80}},"locations":[{"start":{"line":7,"column":19},"end":{"line":7,"column":80}}]},"3":{"type":"branch","line":9,"loc":{"start":{"line":9,"column":21},"end":{"line":9,"column":80}},"locations":[{"start":{"line":9,"column":21},"end":{"line":9,"column":80}}]},"4":{"type":"branch","line":11,"loc":{"start":{"line":11,"column":19},"end":{"line":11,"column":71}},"locations":[{"start":{"line":11,"column":19},"end":{"line":11,"column":71}}]},"5":{"type":"branch","line":13,"loc":{"start":{"line":13,"column":21},"end":{"line":13,"column":73}},"locations":[{"start":{"line":13,"column":21},"end":{"line":13,"column":73}}]},"6":{"type":"branch","line":15,"loc":{"start":{"line":15,"column":19},"end":{"line":15,"column":61}},"locations":[{"start":{"line":15,"column":19},"end":{"line":15,"column":61}}]},"7":{"type":"branch","line":17,"loc":{"start":{"line":17,"column":20},"end":{"line":17,"column":83}},"locations":[{"start":{"line":17,"column":20},"end":{"line":17,"column":83}}]},"8":{"type":"branch","line":19,"loc":{"start":{"line":19,"column":20},"end":{"line":22,"column":2}},"locations":[{"start":{"line":19,"column":20},"end":{"line":22,"column":2}}]},"9":{"type":"branch","line":20,"loc":{"start":{"line":20,"column":17},"end":{"line":20,"column":24}},"locations":[{"start":{"line":20,"column":17},"end":{"line":20,"column":24}}]},"10":{"type":"branch","line":25,"loc":{"start":{"line":25,"column":20},"end":{"line":25,"column":61}},"locations":[{"start":{"line":25,"column":20},"end":{"line":25,"column":61}}]},"11":{"type":"branch","line":27,"loc":{"start":{"line":27,"column":25},"end":{"line":27,"column":89}},"locations":[{"start":{"line":27,"column":25},"end":{"line":27,"column":89}}]},"12":{"type":"branch","line":29,"loc":{"start":{"line":29,"column":22},"end":{"line":32,"column":3}},"locations":[{"start":{"line":29,"column":22},"end":{"line":32,"column":3}}]},"13":{"type":"branch","line":34,"loc":{"start":{"line":34,"column":20},"end":{"line":37,"column":3}},"locations":[{"start":{"line":34,"column":20},"end":{"line":37,"column":3}}]},"14":{"type":"branch","line":40,"loc":{"start":{"line":40,"column":23},"end":{"line":40,"column":83}},"locations":[{"start":{"line":40,"column":23},"end":{"line":40,"column":83}}]}},"b":{"0":[419],"1":[118792],"2":[452930],"3":[135961],"4":[184325],"5":[377801],"6":[40682],"7":[122821],"8":[36003],"9":[0],"10":[25930],"11":[1078],"12":[14572],"13":[1295],"14":[1652]},"fnMap":{"0":{"name":"vec","decl":{"start":{"line":3,"column":19},"end":{"line":3,"column":62}},"loc":{"start":{"line":3,"column":19},"end":{"line":3,"column":62}},"line":3},"1":{"name":"add","decl":{"start":{"line":5,"column":19},"end":{"line":5,"column":80}},"loc":{"start":{"line":5,"column":19},"end":{"line":5,"column":80}},"line":5},"2":{"name":"sub","decl":{"start":{"line":7,"column":19},"end":{"line":7,"column":80}},"loc":{"start":{"line":7,"column":19},"end":{"line":7,"column":80}},"line":7},"3":{"name":"scale","decl":{"start":{"line":9,"column":21},"end":{"line":9,"column":80}},"loc":{"start":{"line":9,"column":21},"end":{"line":9,"column":80}},"line":9},"4":{"name":"dot","decl":{"start":{"line":11,"column":19},"end":{"line":11,"column":71}},"loc":{"start":{"line":11,"column":19},"end":{"line":11,"column":71}},"line":11},"5":{"name":"cross","decl":{"start":{"line":13,"column":21},"end":{"line":13,"column":73}},"loc":{"start":{"line":13,"column":21},"end":{"line":13,"column":73}},"line":13},"6":{"name":"len","decl":{"start":{"line":15,"column":19},"end":{"line":15,"column":61}},"loc":{"start":{"line":15,"column":19},"end":{"line":15,"column":61}},"line":15},"7":{"name":"dist","decl":{"start":{"line":17,"column":20},"end":{"line":17,"column":83}},"loc":{"start":{"line":17,"column":20},"end":{"line":17,"column":83}},"line":17},"8":{"name":"norm","decl":{"start":{"line":19,"column":20},"end":{"line":22,"column":2}},"loc":{"start":{"line":19,"column":20},"end":{"line":22,"column":2}},"line":19},"9":{"name":"perp","decl":{"start":{"line":25,"column":20},"end":{"line":25,"column":61}},"loc":{"start":{"line":25,"column":20},"end":{"line":25,"column":61}},"line":25},"10":{"name":"fromAngle","decl":{"start":{"line":27,"column":25},"end":{"line":27,"column":89}},"loc":{"start":{"line":27,"column":25},"end":{"line":27,"column":89}},"line":27},"11":{"name":"rotate","decl":{"start":{"line":29,"column":22},"end":{"line":32,"column":3}},"loc":{"start":{"line":29,"column":22},"end":{"line":32,"column":3}},"line":29},"12":{"name":"lerp","decl":{"start":{"line":34,"column":20},"end":{"line":37,"column":3}},"loc":{"start":{"line":34,"column":20},"end":{"line":37,"column":3}},"line":34},"13":{"name":"reflect","decl":{"start":{"line":40,"column":23},"end":{"line":40,"column":83}},"loc":{"start":{"line":40,"column":23},"end":{"line":40,"column":83}},"line":40}},"f":{"0":419,"1":118792,"2":452930,"3":135961,"4":184325,"5":377801,"6":40682,"7":122821,"8":36003,"9":25930,"10":1078,"11":14572,"12":1295,"13":1652}}
}
